<!DOCTYPE html PUBLIC "-//W3C//DTD XHTML 1.1//EN" "https://www.w3.org/TR/xhtml11/DTD/xhtml11.dtd">
<html xmlns="https://www.w3.org/1999/xhtml">
<head>
<meta http-equiv="content-type" content="text/html; charset=UTF-8"/>
<title>TestNG Report</title>
<style type="text/css">table {margin-bottom:10px;border-collapse:collapse;empty-cells:show}th,td {border:1px solid #009;padding:.25em .5em}th {vertical-align:bottom}td {vertical-align:top}table a {font-weight:bold}.stripe td {background-color: #E6EBF9}.num {text-align:right}.passedodd td {background-color: #3F3}.passedeven td {background-color: #0A0}.skippedodd td {background-color: #DDD}.skippedeven td {background-color: #CCC}.failedodd td,.attn {background-color: #F33}.failedeven td,.stripe .attn {background-color: #D00}.stacktrace {white-space:pre;font-family:monospace}.totop {font-size:85%;text-align:center;border-bottom:2px solid #000}.invisible {display:none}</style>
</head>
<body>
<table>
<tr><th>Test</th><th># Passed</th><th># Skipped</th><th># Retried</th><th># Failed</th><th>Time (ms)</th><th>Included Groups</th><th>Excluded Groups</th></tr>
<tr><th colspan="8">Surefire suite</th></tr>
<tr><td><a href="#t0">Surefire test</a></td><td class="num">0</td><td class="num attn">4</td><td class="num">0</td><td class="num">0</td><td class="num">12,321</td><td></td><td></td></tr>
</table>
<table id='summary'><thead><tr><th>Class</th><th>Method</th><th>Start</th><th>Time (ms)</th></tr></thead><tbody><tr><th colspan="4">Surefire suite</th></tr></tbody><tbody id="t0"><tr><th colspan="4">Surefire test &#8212; failed (configuration methods)</th></tr><tr class="failedeven"><td rowspan="1">facebookTests.signinTests</td><td><a href="#m0">invokeBrowser</a></td><td rowspan="1">1608643067376</td><td rowspan="1">4831</td></tr><tr class="failedodd"><td rowspan="1">facebookTests.signupTests</td><td><a href="#m1">invokeBrowser</a></td><td rowspan="1">1608643072257</td><td rowspan="1">7366</td></tr><tr><th colspan="4">Surefire test &#8212; skipped (configuration methods)</th></tr><tr class="skippedeven"><td rowspan="3">facebookTests.signinTests</td><td><a href="#m2">invokeBrowser</a></td><td rowspan="1">1608643072249</td><td rowspan="1">-1608643072249</td></tr><tr class="skippedeven"><td><a href="#m3">terminateBrowser</a></td><td rowspan="2">1608643072252</td><td rowspan="2">-1608643072252</td></tr><tr class="skippedeven"><td><a href="#m4">terminateBrowser</a></td></tr><tr class="skippedodd"><td rowspan="3">facebookTests.signupTests</td><td><a href="#m5">invokeBrowser</a></td><td rowspan="1">1608643079637</td><td rowspan="1">-1608643079637</td></tr><tr class="skippedodd"><td><a href="#m6">terminateBrowser</a></td><td rowspan="2">1608643079633</td><td rowspan="2">-1608643079633</td></tr><tr class="skippedodd"><td><a href="#m7">terminateBrowser</a></td></tr><tr><th colspan="4">Surefire test &#8212; skipped</th></tr><tr class="skippedeven"><td rowspan="2">facebookTests.signinTests</td><td><a href="#m8">user_cant_login_with_invalid_password</a></td><td rowspan="2">1608643072250</td><td rowspan="2">0</td></tr><tr class="skippedeven"><td><a href="#m9">user_cant_login_with_invalid_password</a></td></tr><tr class="skippedodd"><td rowspan="2">facebookTests.signupTests</td><td><a href="#m10">user_can_signup_With_MobileNum_successfully</a></td><td rowspan="2">1608643079628</td><td rowspan="2">0</td></tr><tr class="skippedodd"><td><a href="#m11">user_can_signup_With_MobileNum_successfully</a></td></tr></tbody>
</table>
<h2>Surefire test</h2><h3 id="m0">facebookTests.signinTests#invokeBrowser</h3><table class="result"><tr><th>Exception</th></tr><tr><td><div class="stacktrace">org.openqa.selenium.SessionNotCreatedException: session not created
from disconnected: received Inspector.detached event
  (Session info: chrome=87.0.4280.88)
Build info: version: &apos;3.141.59&apos;, revision: &apos;e82be7d358&apos;, time: &apos;2018-11-14T08:17:03&apos;
System info: host: &apos;ENG-OMAR&apos;, ip: &apos;172.20.147.135&apos;, os.name: &apos;Windows 10&apos;, os.arch: &apos;amd64&apos;, os.version: &apos;10.0&apos;, java.version: &apos;1.8.0_161&apos;
Driver info: driver.version: ChromeDriver
remote stacktrace: Backtrace:
	Ordinal0 [0x0095C0C3+3326147]
	Ordinal0 [0x00840851+2164817]
	Ordinal0 [0x006C7298+619160]
	Ordinal0 [0x006BBD04+572676]
	Ordinal0 [0x006BBA18+571928]
	Ordinal0 [0x006BB0C1+569537]
	Ordinal0 [0x006BA421+566305]
	Ordinal0 [0x006BA815+567317]
	Ordinal0 [0x006BA135+565557]
	Ordinal0 [0x006C38B1+604337]
	Ordinal0 [0x006BA0F1+565489]
	Ordinal0 [0x006BAEA2+568994]
	Ordinal0 [0x006BA421+566305]
	Ordinal0 [0x006BA815+567317]
	Ordinal0 [0x006BA135+565557]
	Ordinal0 [0x006C1D2C+597292]
	Ordinal0 [0x006BA0F1+565489]
	Ordinal0 [0x006BAEA2+568994]
	Ordinal0 [0x006BA421+566305]
	Ordinal0 [0x006BA815+567317]
	Ordinal0 [0x006BA135+565557]
	Ordinal0 [0x006BFE62+589410]
	Ordinal0 [0x006BA0F1+565489]
	Ordinal0 [0x006BAEA2+568994]
	Ordinal0 [0x006BA421+566305]
	Ordinal0 [0x006BA815+567317]
	Ordinal0 [0x006BA135+565557]
	Ordinal0 [0x006BF075+585845]
	Ordinal0 [0x006BA0F1+565489]
	Ordinal0 [0x006BAEA2+568994]
	Ordinal0 [0x006BA421+566305]
	Ordinal0 [0x006BA815+567317]
	Ordinal0 [0x006BA135+565557]
	Ordinal0 [0x006B6776+550774]
	Ordinal0 [0x006BA0F1+565489]
	Ordinal0 [0x006B9F13+565011]
	Ordinal0 [0x006B9D07+564487]
	Ordinal0 [0x006C82C0+623296]
	Ordinal0 [0x00666BDD+224221]
	Ordinal0 [0x00665CAC+220332]
	Ordinal0 [0x0066189B+202907]
	Ordinal0 [0x00643DF4+81396]
	Ordinal0 [0x00644DEE+85486]
	Ordinal0 [0x00644D79+85369]
	Ordinal0 [0x008585DC+2262492]
	GetHandleVerifier [0x00AE2874+1487204]
	GetHandleVerifier [0x00AE23CD+1486013]
	GetHandleVerifier [0x00AEA368+1518680]
	GetHandleVerifier [0x00AE2F4E+1488958]
	Ordinal0 [0x0084ED0D+2223373]
	Ordinal0 [0x0085A12B+2269483]
	Ordinal0 [0x0085A26F+2269807]
	Ordinal0 [0x0086ECB8+2354360]
	BaseThreadInitThunk [0x779CFA29+25]
	RtlGetAppContainerNamedObjectPath [0x77CE75F4+228]
	RtlGetAppContainerNamedObjectPath [0x77CE75C4+180]

	at org.openqa.selenium.remote.W3CHandshakeResponse.lambda$errorHandler$0(W3CHandshakeResponse.java:62)
	at org.openqa.selenium.remote.HandshakeResponse.lambda$getResponseFunction$0(HandshakeResponse.java:30)
	at org.openqa.selenium.remote.ProtocolHandshake.lambda$createSession$0(ProtocolHandshake.java:126)
	at java.util.stream.ReferencePipeline$3$1.accept(Unknown Source)
	at java.util.Spliterators$ArraySpliterator.tryAdvance(Unknown Source)
	at java.util.stream.ReferencePipeline.forEachWithCancel(Unknown Source)
	at java.util.stream.AbstractPipeline.copyIntoWithCancel(Unknown Source)
	at java.util.stream.AbstractPipeline.copyInto(Unknown Source)
	at java.util.stream.AbstractPipeline.wrapAndCopyInto(Unknown Source)
	at java.util.stream.FindOps$FindOp.evaluateSequential(Unknown Source)
	at java.util.stream.AbstractPipeline.evaluate(Unknown Source)
	at java.util.stream.ReferencePipeline.findFirst(Unknown Source)
	at org.openqa.selenium.remote.ProtocolHandshake.createSession(ProtocolHandshake.java:128)
	at org.openqa.selenium.remote.ProtocolHandshake.createSession(ProtocolHandshake.java:74)
	at org.openqa.selenium.remote.HttpCommandExecutor.execute(HttpCommandExecutor.java:136)
	at org.openqa.selenium.remote.service.DriverCommandExecutor.execute(DriverCommandExecutor.java:83)
	at org.openqa.selenium.remote.RemoteWebDriver.execute(RemoteWebDriver.java:552)
	at org.openqa.selenium.remote.RemoteWebDriver.startSession(RemoteWebDriver.java:213)
	at org.openqa.selenium.remote.RemoteWebDriver.&lt;init&gt;(RemoteWebDriver.java:131)
	at org.openqa.selenium.chrome.ChromeDriver.&lt;init&gt;(ChromeDriver.java:181)
	at org.openqa.selenium.chrome.ChromeDriver.&lt;init&gt;(ChromeDriver.java:168)
	at org.openqa.selenium.chrome.ChromeDriver.&lt;init&gt;(ChromeDriver.java:123)
	at facebookTests.BaseTest.invokeBrowser(BaseTest.java:16)
	at java.util.ArrayList.forEach(Unknown Source)
... Removed 40 stack frames</div></td></tr></table><p class="totop"><a href="#summary">back to summary</a></p>
<h3 id="m1">facebookTests.signupTests#invokeBrowser</h3><table class="result"><tr><th>Exception</th></tr><tr><td><div class="stacktrace">org.openqa.selenium.SessionNotCreatedException: session not created
from chrome not reachable
  (Session info: chrome=87.0.4280.88)
Build info: version: &apos;3.141.59&apos;, revision: &apos;e82be7d358&apos;, time: &apos;2018-11-14T08:17:03&apos;
System info: host: &apos;ENG-OMAR&apos;, ip: &apos;172.20.147.135&apos;, os.name: &apos;Windows 10&apos;, os.arch: &apos;amd64&apos;, os.version: &apos;10.0&apos;, java.version: &apos;1.8.0_161&apos;
Driver info: driver.version: ChromeDriver
remote stacktrace: Backtrace:
	Ordinal0 [0x0095C0C3+3326147]
	Ordinal0 [0x00840851+2164817]
	Ordinal0 [0x006C7140+618816]
	Ordinal0 [0x006BD404+578564]
	Ordinal0 [0x006BDACB+580299]
	Ordinal0 [0x006BED35+585013]
	Ordinal0 [0x006B9D61+564577]
	Ordinal0 [0x006C82C0+623296]
	Ordinal0 [0x00666BDD+224221]
	Ordinal0 [0x00665CAC+220332]
	Ordinal0 [0x0066189B+202907]
	Ordinal0 [0x00643DF4+81396]
	Ordinal0 [0x00644DEE+85486]
	Ordinal0 [0x00644D79+85369]
	Ordinal0 [0x008585DC+2262492]
	GetHandleVerifier [0x00AE2874+1487204]
	GetHandleVerifier [0x00AE23CD+1486013]
	GetHandleVerifier [0x00AEA368+1518680]
	GetHandleVerifier [0x00AE2F4E+1488958]
	Ordinal0 [0x0084ED0D+2223373]
	Ordinal0 [0x0085A12B+2269483]
	Ordinal0 [0x0085A26F+2269807]
	Ordinal0 [0x0086ECB8+2354360]
	BaseThreadInitThunk [0x779CFA29+25]
	RtlGetAppContainerNamedObjectPath [0x77CE75F4+228]
	RtlGetAppContainerNamedObjectPath [0x77CE75C4+180]

	at org.openqa.selenium.remote.W3CHandshakeResponse.lambda$errorHandler$0(W3CHandshakeResponse.java:62)
	at org.openqa.selenium.remote.HandshakeResponse.lambda$getResponseFunction$0(HandshakeResponse.java:30)
	at org.openqa.selenium.remote.ProtocolHandshake.lambda$createSession$0(ProtocolHandshake.java:126)
	at java.util.stream.ReferencePipeline$3$1.accept(Unknown Source)
	at java.util.Spliterators$ArraySpliterator.tryAdvance(Unknown Source)
	at java.util.stream.ReferencePipeline.forEachWithCancel(Unknown Source)
	at java.util.stream.AbstractPipeline.copyIntoWithCancel(Unknown Source)
	at java.util.stream.AbstractPipeline.copyInto(Unknown Source)
	at java.util.stream.AbstractPipeline.wrapAndCopyInto(Unknown Source)
	at java.util.stream.FindOps$FindOp.evaluateSequential(Unknown Source)
	at java.util.stream.AbstractPipeline.evaluate(Unknown Source)
	at java.util.stream.ReferencePipeline.findFirst(Unknown Source)
	at org.openqa.selenium.remote.ProtocolHandshake.createSession(ProtocolHandshake.java:128)
	at org.openqa.selenium.remote.ProtocolHandshake.createSession(ProtocolHandshake.java:74)
	at org.openqa.selenium.remote.HttpCommandExecutor.execute(HttpCommandExecutor.java:136)
	at org.openqa.selenium.remote.service.DriverCommandExecutor.execute(DriverCommandExecutor.java:83)
	at org.openqa.selenium.remote.RemoteWebDriver.execute(RemoteWebDriver.java:552)
	at org.openqa.selenium.remote.RemoteWebDriver.startSession(RemoteWebDriver.java:213)
	at org.openqa.selenium.remote.RemoteWebDriver.&lt;init&gt;(RemoteWebDriver.java:131)
	at org.openqa.selenium.chrome.ChromeDriver.&lt;init&gt;(ChromeDriver.java:181)
	at org.openqa.selenium.chrome.ChromeDriver.&lt;init&gt;(ChromeDriver.java:168)
	at org.openqa.selenium.chrome.ChromeDriver.&lt;init&gt;(ChromeDriver.java:123)
	at facebookTests.BaseTest.invokeBrowser(BaseTest.java:16)
	at java.util.ArrayList.forEach(Unknown Source)
... Removed 40 stack frames</div></td></tr></table><p class="totop"><a href="#summary">back to summary</a></p>
<h3 id="m2">facebookTests.signinTests#invokeBrowser</h3><table class="result"><tr><th class="invisible"/></tr></table><p class="totop"><a href="#summary">back to summary</a></p>
<h3 id="m3">facebookTests.signinTests#terminateBrowser</h3><table class="result"><tr><th class="invisible"/></tr></table><p class="totop"><a href="#summary">back to summary</a></p>
<h3 id="m4">facebookTests.signinTests#terminateBrowser</h3><table class="result"><tr><th class="invisible"/></tr></table><p class="totop"><a href="#summary">back to summary</a></p>
<h3 id="m5">facebookTests.signupTests#invokeBrowser</h3><table class="result"><tr><th class="invisible"/></tr></table><p class="totop"><a href="#summary">back to summary</a></p>
<h3 id="m6">facebookTests.signupTests#terminateBrowser</h3><table class="result"><tr><th class="invisible"/></tr></table><p class="totop"><a href="#summary">back to summary</a></p>
<h3 id="m7">facebookTests.signupTests#terminateBrowser</h3><table class="result"><tr><th class="invisible"/></tr></table><p class="totop"><a href="#summary">back to summary</a></p>
<h3 id="m8">facebookTests.signinTests#user_cant_login_with_invalid_password</h3><table class="result"><tr class="param"><th>Parameter #1</th><th>Parameter #2</th></tr><tr class="param stripe"><td>froukh.froukh99@gmail.com</td><td>123www</td></tr><tr><th colspan="2">Exception</th></tr><tr><td colspan="2"><div class="stacktrace">org.openqa.selenium.SessionNotCreatedException: session not created
from disconnected: received Inspector.detached event
  (Session info: chrome=87.0.4280.88)
Build info: version: &apos;3.141.59&apos;, revision: &apos;e82be7d358&apos;, time: &apos;2018-11-14T08:17:03&apos;
System info: host: &apos;ENG-OMAR&apos;, ip: &apos;172.20.147.135&apos;, os.name: &apos;Windows 10&apos;, os.arch: &apos;amd64&apos;, os.version: &apos;10.0&apos;, java.version: &apos;1.8.0_161&apos;
Driver info: driver.version: ChromeDriver
remote stacktrace: Backtrace:
	Ordinal0 [0x0095C0C3+3326147]
	Ordinal0 [0x00840851+2164817]
	Ordinal0 [0x006C7298+619160]
	Ordinal0 [0x006BBD04+572676]
	Ordinal0 [0x006BBA18+571928]
	Ordinal0 [0x006BB0C1+569537]
	Ordinal0 [0x006BA421+566305]
	Ordinal0 [0x006BA815+567317]
	Ordinal0 [0x006BA135+565557]
	Ordinal0 [0x006C38B1+604337]
	Ordinal0 [0x006BA0F1+565489]
	Ordinal0 [0x006BAEA2+568994]
	Ordinal0 [0x006BA421+566305]
	Ordinal0 [0x006BA815+567317]
	Ordinal0 [0x006BA135+565557]
	Ordinal0 [0x006C1D2C+597292]
	Ordinal0 [0x006BA0F1+565489]
	Ordinal0 [0x006BAEA2+568994]
	Ordinal0 [0x006BA421+566305]
	Ordinal0 [0x006BA815+567317]
	Ordinal0 [0x006BA135+565557]
	Ordinal0 [0x006BFE62+589410]
	Ordinal0 [0x006BA0F1+565489]
	Ordinal0 [0x006BAEA2+568994]
	Ordinal0 [0x006BA421+566305]
	Ordinal0 [0x006BA815+567317]
	Ordinal0 [0x006BA135+565557]
	Ordinal0 [0x006BF075+585845]
	Ordinal0 [0x006BA0F1+565489]
	Ordinal0 [0x006BAEA2+568994]
	Ordinal0 [0x006BA421+566305]
	Ordinal0 [0x006BA815+567317]
	Ordinal0 [0x006BA135+565557]
	Ordinal0 [0x006B6776+550774]
	Ordinal0 [0x006BA0F1+565489]
	Ordinal0 [0x006B9F13+565011]
	Ordinal0 [0x006B9D07+564487]
	Ordinal0 [0x006C82C0+623296]
	Ordinal0 [0x00666BDD+224221]
	Ordinal0 [0x00665CAC+220332]
	Ordinal0 [0x0066189B+202907]
	Ordinal0 [0x00643DF4+81396]
	Ordinal0 [0x00644DEE+85486]
	Ordinal0 [0x00644D79+85369]
	Ordinal0 [0x008585DC+2262492]
	GetHandleVerifier [0x00AE2874+1487204]
	GetHandleVerifier [0x00AE23CD+1486013]
	GetHandleVerifier [0x00AEA368+1518680]
	GetHandleVerifier [0x00AE2F4E+1488958]
	Ordinal0 [0x0084ED0D+2223373]
	Ordinal0 [0x0085A12B+2269483]
	Ordinal0 [0x0085A26F+2269807]
	Ordinal0 [0x0086ECB8+2354360]
	BaseThreadInitThunk [0x779CFA29+25]
	RtlGetAppContainerNamedObjectPath [0x77CE75F4+228]
	RtlGetAppContainerNamedObjectPath [0x77CE75C4+180]

	at org.openqa.selenium.remote.W3CHandshakeResponse.lambda$errorHandler$0(W3CHandshakeResponse.java:62)
	at org.openqa.selenium.remote.HandshakeResponse.lambda$getResponseFunction$0(HandshakeResponse.java:30)
	at org.openqa.selenium.remote.ProtocolHandshake.lambda$createSession$0(ProtocolHandshake.java:126)
	at java.util.stream.ReferencePipeline$3$1.accept(Unknown Source)
	at java.util.Spliterators$ArraySpliterator.tryAdvance(Unknown Source)
	at java.util.stream.ReferencePipeline.forEachWithCancel(Unknown Source)
	at java.util.stream.AbstractPipeline.copyIntoWithCancel(Unknown Source)
	at java.util.stream.AbstractPipeline.copyInto(Unknown Source)
	at java.util.stream.AbstractPipeline.wrapAndCopyInto(Unknown Source)
	at java.util.stream.FindOps$FindOp.evaluateSequential(Unknown Source)
	at java.util.stream.AbstractPipeline.evaluate(Unknown Source)
	at java.util.stream.ReferencePipeline.findFirst(Unknown Source)
	at org.openqa.selenium.remote.ProtocolHandshake.createSession(ProtocolHandshake.java:128)
	at org.openqa.selenium.remote.ProtocolHandshake.createSession(ProtocolHandshake.java:74)
	at org.openqa.selenium.remote.HttpCommandExecutor.execute(HttpCommandExecutor.java:136)
	at org.openqa.selenium.remote.service.DriverCommandExecutor.execute(DriverCommandExecutor.java:83)
	at org.openqa.selenium.remote.RemoteWebDriver.execute(RemoteWebDriver.java:552)
	at org.openqa.selenium.remote.RemoteWebDriver.startSession(RemoteWebDriver.java:213)
	at org.openqa.selenium.remote.RemoteWebDriver.&lt;init&gt;(RemoteWebDriver.java:131)
	at org.openqa.selenium.chrome.ChromeDriver.&lt;init&gt;(ChromeDriver.java:181)
	at org.openqa.selenium.chrome.ChromeDriver.&lt;init&gt;(ChromeDriver.java:168)
	at org.openqa.selenium.chrome.ChromeDriver.&lt;init&gt;(ChromeDriver.java:123)
	at facebookTests.BaseTest.invokeBrowser(BaseTest.java:16)
	at java.util.ArrayList.forEach(Unknown Source)
... Removed 40 stack frames</div></td></tr></table><p class="totop"><a href="#summary">back to summary</a></p>
<h3 id="m9">facebookTests.signinTests#user_cant_login_with_invalid_password</h3><table class="result"><tr class="param"><th>Parameter #1</th><th>Parameter #2</th></tr><tr class="param stripe"><td>omar0099_gath@hotmail.com</td><td>omarfr</td></tr><tr><th colspan="2">Exception</th></tr><tr><td colspan="2"><div class="stacktrace">org.openqa.selenium.SessionNotCreatedException: session not created
from disconnected: received Inspector.detached event
  (Session info: chrome=87.0.4280.88)
Build info: version: &apos;3.141.59&apos;, revision: &apos;e82be7d358&apos;, time: &apos;2018-11-14T08:17:03&apos;
System info: host: &apos;ENG-OMAR&apos;, ip: &apos;172.20.147.135&apos;, os.name: &apos;Windows 10&apos;, os.arch: &apos;amd64&apos;, os.version: &apos;10.0&apos;, java.version: &apos;1.8.0_161&apos;
Driver info: driver.version: ChromeDriver
remote stacktrace: Backtrace:
	Ordinal0 [0x0095C0C3+3326147]
	Ordinal0 [0x00840851+2164817]
	Ordinal0 [0x006C7298+619160]
	Ordinal0 [0x006BBD04+572676]
	Ordinal0 [0x006BBA18+571928]
	Ordinal0 [0x006BB0C1+569537]
	Ordinal0 [0x006BA421+566305]
	Ordinal0 [0x006BA815+567317]
	Ordinal0 [0x006BA135+565557]
	Ordinal0 [0x006C38B1+604337]
	Ordinal0 [0x006BA0F1+565489]
	Ordinal0 [0x006BAEA2+568994]
	Ordinal0 [0x006BA421+566305]
	Ordinal0 [0x006BA815+567317]
	Ordinal0 [0x006BA135+565557]
	Ordinal0 [0x006C1D2C+597292]
	Ordinal0 [0x006BA0F1+565489]
	Ordinal0 [0x006BAEA2+568994]
	Ordinal0 [0x006BA421+566305]
	Ordinal0 [0x006BA815+567317]
	Ordinal0 [0x006BA135+565557]
	Ordinal0 [0x006BFE62+589410]
	Ordinal0 [0x006BA0F1+565489]
	Ordinal0 [0x006BAEA2+568994]
	Ordinal0 [0x006BA421+566305]
	Ordinal0 [0x006BA815+567317]
	Ordinal0 [0x006BA135+565557]
	Ordinal0 [0x006BF075+585845]
	Ordinal0 [0x006BA0F1+565489]
	Ordinal0 [0x006BAEA2+568994]
	Ordinal0 [0x006BA421+566305]
	Ordinal0 [0x006BA815+567317]
	Ordinal0 [0x006BA135+565557]
	Ordinal0 [0x006B6776+550774]
	Ordinal0 [0x006BA0F1+565489]
	Ordinal0 [0x006B9F13+565011]
	Ordinal0 [0x006B9D07+564487]
	Ordinal0 [0x006C82C0+623296]
	Ordinal0 [0x00666BDD+224221]
	Ordinal0 [0x00665CAC+220332]
	Ordinal0 [0x0066189B+202907]
	Ordinal0 [0x00643DF4+81396]
	Ordinal0 [0x00644DEE+85486]
	Ordinal0 [0x00644D79+85369]
	Ordinal0 [0x008585DC+2262492]
	GetHandleVerifier [0x00AE2874+1487204]
	GetHandleVerifier [0x00AE23CD+1486013]
	GetHandleVerifier [0x00AEA368+1518680]
	GetHandleVerifier [0x00AE2F4E+1488958]
	Ordinal0 [0x0084ED0D+2223373]
	Ordinal0 [0x0085A12B+2269483]
	Ordinal0 [0x0085A26F+2269807]
	Ordinal0 [0x0086ECB8+2354360]
	BaseThreadInitThunk [0x779CFA29+25]
	RtlGetAppContainerNamedObjectPath [0x77CE75F4+228]
	RtlGetAppContainerNamedObjectPath [0x77CE75C4+180]

	at org.openqa.selenium.remote.W3CHandshakeResponse.lambda$errorHandler$0(W3CHandshakeResponse.java:62)
	at org.openqa.selenium.remote.HandshakeResponse.lambda$getResponseFunction$0(HandshakeResponse.java:30)
	at org.openqa.selenium.remote.ProtocolHandshake.lambda$createSession$0(ProtocolHandshake.java:126)
	at java.util.stream.ReferencePipeline$3$1.accept(Unknown Source)
	at java.util.Spliterators$ArraySpliterator.tryAdvance(Unknown Source)
	at java.util.stream.ReferencePipeline.forEachWithCancel(Unknown Source)
	at java.util.stream.AbstractPipeline.copyIntoWithCancel(Unknown Source)
	at java.util.stream.AbstractPipeline.copyInto(Unknown Source)
	at java.util.stream.AbstractPipeline.wrapAndCopyInto(Unknown Source)
	at java.util.stream.FindOps$FindOp.evaluateSequential(Unknown Source)
	at java.util.stream.AbstractPipeline.evaluate(Unknown Source)
	at java.util.stream.ReferencePipeline.findFirst(Unknown Source)
	at org.openqa.selenium.remote.ProtocolHandshake.createSession(ProtocolHandshake.java:128)
	at org.openqa.selenium.remote.ProtocolHandshake.createSession(ProtocolHandshake.java:74)
	at org.openqa.selenium.remote.HttpCommandExecutor.execute(HttpCommandExecutor.java:136)
	at org.openqa.selenium.remote.service.DriverCommandExecutor.execute(DriverCommandExecutor.java:83)
	at org.openqa.selenium.remote.RemoteWebDriver.execute(RemoteWebDriver.java:552)
	at org.openqa.selenium.remote.RemoteWebDriver.startSession(RemoteWebDriver.java:213)
	at org.openqa.selenium.remote.RemoteWebDriver.&lt;init&gt;(RemoteWebDriver.java:131)
	at org.openqa.selenium.chrome.ChromeDriver.&lt;init&gt;(ChromeDriver.java:181)
	at org.openqa.selenium.chrome.ChromeDriver.&lt;init&gt;(ChromeDriver.java:168)
	at org.openqa.selenium.chrome.ChromeDriver.&lt;init&gt;(ChromeDriver.java:123)
	at facebookTests.BaseTest.invokeBrowser(BaseTest.java:16)
	at java.util.ArrayList.forEach(Unknown Source)
... Removed 40 stack frames</div></td></tr></table><p class="totop"><a href="#summary">back to summary</a></p>
<h3 id="m10">facebookTests.signupTests#user_can_signup_With_MobileNum_successfully</h3><table class="result"><tr class="param"><th>Parameter #1</th><th>Parameter #2</th><th>Parameter #3</th><th>Parameter #4</th><th>Parameter #5</th><th>Parameter #6</th><th>Parameter #7</th><th>Parameter #8</th></tr><tr class="param stripe"><td>Testonetest</td><td>Onetesttest</td><td>aomar1988@gmail.com</td><td>aomar1988@gmail.com</td><td>test123123</td><td>13</td><td>Jan</td><td>1999</td></tr><tr><th colspan="8">Exception</th></tr><tr><td colspan="8"><div class="stacktrace">org.openqa.selenium.SessionNotCreatedException: session not created
from chrome not reachable
  (Session info: chrome=87.0.4280.88)
Build info: version: &apos;3.141.59&apos;, revision: &apos;e82be7d358&apos;, time: &apos;2018-11-14T08:17:03&apos;
System info: host: &apos;ENG-OMAR&apos;, ip: &apos;172.20.147.135&apos;, os.name: &apos;Windows 10&apos;, os.arch: &apos;amd64&apos;, os.version: &apos;10.0&apos;, java.version: &apos;1.8.0_161&apos;
Driver info: driver.version: ChromeDriver
remote stacktrace: Backtrace:
	Ordinal0 [0x0095C0C3+3326147]
	Ordinal0 [0x00840851+2164817]
	Ordinal0 [0x006C7140+618816]
	Ordinal0 [0x006BD404+578564]
	Ordinal0 [0x006BDACB+580299]
	Ordinal0 [0x006BED35+585013]
	Ordinal0 [0x006B9D61+564577]
	Ordinal0 [0x006C82C0+623296]
	Ordinal0 [0x00666BDD+224221]
	Ordinal0 [0x00665CAC+220332]
	Ordinal0 [0x0066189B+202907]
	Ordinal0 [0x00643DF4+81396]
	Ordinal0 [0x00644DEE+85486]
	Ordinal0 [0x00644D79+85369]
	Ordinal0 [0x008585DC+2262492]
	GetHandleVerifier [0x00AE2874+1487204]
	GetHandleVerifier [0x00AE23CD+1486013]
	GetHandleVerifier [0x00AEA368+1518680]
	GetHandleVerifier [0x00AE2F4E+1488958]
	Ordinal0 [0x0084ED0D+2223373]
	Ordinal0 [0x0085A12B+2269483]
	Ordinal0 [0x0085A26F+2269807]
	Ordinal0 [0x0086ECB8+2354360]
	BaseThreadInitThunk [0x779CFA29+25]
	RtlGetAppContainerNamedObjectPath [0x77CE75F4+228]
	RtlGetAppContainerNamedObjectPath [0x77CE75C4+180]

	at org.openqa.selenium.remote.W3CHandshakeResponse.lambda$errorHandler$0(W3CHandshakeResponse.java:62)
	at org.openqa.selenium.remote.HandshakeResponse.lambda$getResponseFunction$0(HandshakeResponse.java:30)
	at org.openqa.selenium.remote.ProtocolHandshake.lambda$createSession$0(ProtocolHandshake.java:126)
	at java.util.stream.ReferencePipeline$3$1.accept(Unknown Source)
	at java.util.Spliterators$ArraySpliterator.tryAdvance(Unknown Source)
	at java.util.stream.ReferencePipeline.forEachWithCancel(Unknown Source)
	at java.util.stream.AbstractPipeline.copyIntoWithCancel(Unknown Source)
	at java.util.stream.AbstractPipeline.copyInto(Unknown Source)
	at java.util.stream.AbstractPipeline.wrapAndCopyInto(Unknown Source)
	at java.util.stream.FindOps$FindOp.evaluateSequential(Unknown Source)
	at java.util.stream.AbstractPipeline.evaluate(Unknown Source)
	at java.util.stream.ReferencePipeline.findFirst(Unknown Source)
	at org.openqa.selenium.remote.ProtocolHandshake.createSession(ProtocolHandshake.java:128)
	at org.openqa.selenium.remote.ProtocolHandshake.createSession(ProtocolHandshake.java:74)
	at org.openqa.selenium.remote.HttpCommandExecutor.execute(HttpCommandExecutor.java:136)
	at org.openqa.selenium.remote.service.DriverCommandExecutor.execute(DriverCommandExecutor.java:83)
	at org.openqa.selenium.remote.RemoteWebDriver.execute(RemoteWebDriver.java:552)
	at org.openqa.selenium.remote.RemoteWebDriver.startSession(RemoteWebDriver.java:213)
	at org.openqa.selenium.remote.RemoteWebDriver.&lt;init&gt;(RemoteWebDriver.java:131)
	at org.openqa.selenium.chrome.ChromeDriver.&lt;init&gt;(ChromeDriver.java:181)
	at org.openqa.selenium.chrome.ChromeDriver.&lt;init&gt;(ChromeDriver.java:168)
	at org.openqa.selenium.chrome.ChromeDriver.&lt;init&gt;(ChromeDriver.java:123)
	at facebookTests.BaseTest.invokeBrowser(BaseTest.java:16)
	at java.util.ArrayList.forEach(Unknown Source)
... Removed 40 stack frames</div></td></tr></table><p class="totop"><a href="#summary">back to summary</a></p>
<h3 id="m11">facebookTests.signupTests#user_can_signup_With_MobileNum_successfully</h3><table class="result"><tr class="param"><th>Parameter #1</th><th>Parameter #2</th><th>Parameter #3</th><th>Parameter #4</th><th>Parameter #5</th><th>Parameter #6</th><th>Parameter #7</th><th>Parameter #8</th></tr><tr class="param stripe"><td>Testonetest</td><td>Onetesttest</td><td>aomar1988@gmail.com</td><td>aomar1988@gmail.com</td><td>test123123</td><td>13</td><td>Jan</td><td>1999</td></tr><tr><th colspan="8">Exception</th></tr><tr><td colspan="8"><div class="stacktrace">org.openqa.selenium.SessionNotCreatedException: session not created
from chrome not reachable
  (Session info: chrome=87.0.4280.88)
Build info: version: &apos;3.141.59&apos;, revision: &apos;e82be7d358&apos;, time: &apos;2018-11-14T08:17:03&apos;
System info: host: &apos;ENG-OMAR&apos;, ip: &apos;172.20.147.135&apos;, os.name: &apos;Windows 10&apos;, os.arch: &apos;amd64&apos;, os.version: &apos;10.0&apos;, java.version: &apos;1.8.0_161&apos;
Driver info: driver.version: ChromeDriver
remote stacktrace: Backtrace:
	Ordinal0 [0x0095C0C3+3326147]
	Ordinal0 [0x00840851+2164817]
	Ordinal0 [0x006C7140+618816]
	Ordinal0 [0x006BD404+578564]
	Ordinal0 [0x006BDACB+580299]
	Ordinal0 [0x006BED35+585013]
	Ordinal0 [0x006B9D61+564577]
	Ordinal0 [0x006C82C0+623296]
	Ordinal0 [0x00666BDD+224221]
	Ordinal0 [0x00665CAC+220332]
	Ordinal0 [0x0066189B+202907]
	Ordinal0 [0x00643DF4+81396]
	Ordinal0 [0x00644DEE+85486]
	Ordinal0 [0x00644D79+85369]
	Ordinal0 [0x008585DC+2262492]
	GetHandleVerifier [0x00AE2874+1487204]
	GetHandleVerifier [0x00AE23CD+1486013]
	GetHandleVerifier [0x00AEA368+1518680]
	GetHandleVerifier [0x00AE2F4E+1488958]
	Ordinal0 [0x0084ED0D+2223373]
	Ordinal0 [0x0085A12B+2269483]
	Ordinal0 [0x0085A26F+2269807]
	Ordinal0 [0x0086ECB8+2354360]
	BaseThreadInitThunk [0x779CFA29+25]
	RtlGetAppContainerNamedObjectPath [0x77CE75F4+228]
	RtlGetAppContainerNamedObjectPath [0x77CE75C4+180]

	at org.openqa.selenium.remote.W3CHandshakeResponse.lambda$errorHandler$0(W3CHandshakeResponse.java:62)
	at org.openqa.selenium.remote.HandshakeResponse.lambda$getResponseFunction$0(HandshakeResponse.java:30)
	at org.openqa.selenium.remote.ProtocolHandshake.lambda$createSession$0(ProtocolHandshake.java:126)
	at java.util.stream.ReferencePipeline$3$1.accept(Unknown Source)
	at java.util.Spliterators$ArraySpliterator.tryAdvance(Unknown Source)
	at java.util.stream.ReferencePipeline.forEachWithCancel(Unknown Source)
	at java.util.stream.AbstractPipeline.copyIntoWithCancel(Unknown Source)
	at java.util.stream.AbstractPipeline.copyInto(Unknown Source)
	at java.util.stream.AbstractPipeline.wrapAndCopyInto(Unknown Source)
	at java.util.stream.FindOps$FindOp.evaluateSequential(Unknown Source)
	at java.util.stream.AbstractPipeline.evaluate(Unknown Source)
	at java.util.stream.ReferencePipeline.findFirst(Unknown Source)
	at org.openqa.selenium.remote.ProtocolHandshake.createSession(ProtocolHandshake.java:128)
	at org.openqa.selenium.remote.ProtocolHandshake.createSession(ProtocolHandshake.java:74)
	at org.openqa.selenium.remote.HttpCommandExecutor.execute(HttpCommandExecutor.java:136)
	at org.openqa.selenium.remote.service.DriverCommandExecutor.execute(DriverCommandExecutor.java:83)
	at org.openqa.selenium.remote.RemoteWebDriver.execute(RemoteWebDriver.java:552)
	at org.openqa.selenium.remote.RemoteWebDriver.startSession(RemoteWebDriver.java:213)
	at org.openqa.selenium.remote.RemoteWebDriver.&lt;init&gt;(RemoteWebDriver.java:131)
	at org.openqa.selenium.chrome.ChromeDriver.&lt;init&gt;(ChromeDriver.java:181)
	at org.openqa.selenium.chrome.ChromeDriver.&lt;init&gt;(ChromeDriver.java:168)
	at org.openqa.selenium.chrome.ChromeDriver.&lt;init&gt;(ChromeDriver.java:123)
	at facebookTests.BaseTest.invokeBrowser(BaseTest.java:16)
	at java.util.ArrayList.forEach(Unknown Source)
... Removed 40 stack frames</div></td></tr></table><p class="totop"><a href="#summary">back to summary</a></p>
</body>
</html>
