<?xml version="1.0" encoding="UTF-8"?>
<testng-results skipped="4" failed="0" ignored="0" total="4" passed="0">
  <reporter-output>
  </reporter-output>
  <suite name="Surefire suite" duration-ms="12321" started-at="2020-12-22T15:17:47 IST" finished-at="2020-12-22T15:17:59 IST">
    <groups>
    </groups>
    <test name="Surefire test" duration-ms="12321" started-at="2020-12-22T15:17:47 IST" finished-at="2020-12-22T15:17:59 IST">
      <class name="facebookTests.signinTests">
        <test-method status="FAIL" signature="invokeBrowser()[pri:0, instance:facebookTests.signinTests@49993335]" name="invokeBrowser" is-config="true" duration-ms="4831" started-at="2020-12-22T15:17:47 IST" finished-at="2020-12-22T15:17:52 IST">
          <exception class="org.openqa.selenium.SessionNotCreatedException">
            <message>
              <![CDATA[session not created
from disconnected: received Inspector.detached event
  (Session info: chrome=87.0.4280.88)
Build info: version: '3.141.59', revision: 'e82be7d358', time: '2018-11-14T08:17:03'
System info: host: 'ENG-OMAR', ip: '172.20.147.135', os.name: 'Windows 10', os.arch: 'amd64', os.version: '10.0', java.version: '1.8.0_161'
Driver info: driver.version: ChromeDriver
remote stacktrace: Backtrace:
Ordinal0 [0x0095C0C3+3326147]
Ordinal0 [0x00840851+2164817]
Ordinal0 [0x006C7298+619160]
Ordinal0 [0x006BBD04+572676]
Ordinal0 [0x006BBA18+571928]
Ordinal0 [0x006BB0C1+569537]
Ordinal0 [0x006BA421+566305]
Ordinal0 [0x006BA815+567317]
Ordinal0 [0x006BA135+565557]
Ordinal0 [0x006C38B1+604337]
Ordinal0 [0x006BA0F1+565489]
Ordinal0 [0x006BAEA2+568994]
Ordinal0 [0x006BA421+566305]
Ordinal0 [0x006BA815+567317]
Ordinal0 [0x006BA135+565557]
Ordinal0 [0x006C1D2C+597292]
Ordinal0 [0x006BA0F1+565489]
Ordinal0 [0x006BAEA2+568994]
Ordinal0 [0x006BA421+566305]
Ordinal0 [0x006BA815+567317]
Ordinal0 [0x006BA135+565557]
Ordinal0 [0x006BFE62+589410]
Ordinal0 [0x006BA0F1+565489]
Ordinal0 [0x006BAEA2+568994]
Ordinal0 [0x006BA421+566305]
Ordinal0 [0x006BA815+567317]
Ordinal0 [0x006BA135+565557]
Ordinal0 [0x006BF075+585845]
Ordinal0 [0x006BA0F1+565489]
Ordinal0 [0x006BAEA2+568994]
Ordinal0 [0x006BA421+566305]
Ordinal0 [0x006BA815+567317]
Ordinal0 [0x006BA135+565557]
Ordinal0 [0x006B6776+550774]
Ordinal0 [0x006BA0F1+565489]
Ordinal0 [0x006B9F13+565011]
Ordinal0 [0x006B9D07+564487]
Ordinal0 [0x006C82C0+623296]
Ordinal0 [0x00666BDD+224221]
Ordinal0 [0x00665CAC+220332]
Ordinal0 [0x0066189B+202907]
Ordinal0 [0x00643DF4+81396]
Ordinal0 [0x00644DEE+85486]
Ordinal0 [0x00644D79+85369]
Ordinal0 [0x008585DC+2262492]
GetHandleVerifier [0x00AE2874+1487204]
GetHandleVerifier [0x00AE23CD+1486013]
GetHandleVerifier [0x00AEA368+1518680]
GetHandleVerifier [0x00AE2F4E+1488958]
Ordinal0 [0x0084ED0D+2223373]
Ordinal0 [0x0085A12B+2269483]
Ordinal0 [0x0085A26F+2269807]
Ordinal0 [0x0086ECB8+2354360]
BaseThreadInitThunk [0x779CFA29+25]
RtlGetAppContainerNamedObjectPath [0x77CE75F4+228]
RtlGetAppContainerNamedObjectPath [0x77CE75C4+180]
]]>
            </message>
            <full-stacktrace>
              <![CDATA[org.openqa.selenium.SessionNotCreatedException: session not created
from disconnected: received Inspector.detached event
  (Session info: chrome=87.0.4280.88)
Build info: version: '3.141.59', revision: 'e82be7d358', time: '2018-11-14T08:17:03'
System info: host: 'ENG-OMAR', ip: '172.20.147.135', os.name: 'Windows 10', os.arch: 'amd64', os.version: '10.0', java.version: '1.8.0_161'
Driver info: driver.version: ChromeDriver
remote stacktrace: Backtrace:
Ordinal0 [0x0095C0C3+3326147]
Ordinal0 [0x00840851+2164817]
Ordinal0 [0x006C7298+619160]
Ordinal0 [0x006BBD04+572676]
Ordinal0 [0x006BBA18+571928]
Ordinal0 [0x006BB0C1+569537]
Ordinal0 [0x006BA421+566305]
Ordinal0 [0x006BA815+567317]
Ordinal0 [0x006BA135+565557]
Ordinal0 [0x006C38B1+604337]
Ordinal0 [0x006BA0F1+565489]
Ordinal0 [0x006BAEA2+568994]
Ordinal0 [0x006BA421+566305]
Ordinal0 [0x006BA815+567317]
Ordinal0 [0x006BA135+565557]
Ordinal0 [0x006C1D2C+597292]
Ordinal0 [0x006BA0F1+565489]
Ordinal0 [0x006BAEA2+568994]
Ordinal0 [0x006BA421+566305]
Ordinal0 [0x006BA815+567317]
Ordinal0 [0x006BA135+565557]
Ordinal0 [0x006BFE62+589410]
Ordinal0 [0x006BA0F1+565489]
Ordinal0 [0x006BAEA2+568994]
Ordinal0 [0x006BA421+566305]
Ordinal0 [0x006BA815+567317]
Ordinal0 [0x006BA135+565557]
Ordinal0 [0x006BF075+585845]
Ordinal0 [0x006BA0F1+565489]
Ordinal0 [0x006BAEA2+568994]
Ordinal0 [0x006BA421+566305]
Ordinal0 [0x006BA815+567317]
Ordinal0 [0x006BA135+565557]
Ordinal0 [0x006B6776+550774]
Ordinal0 [0x006BA0F1+565489]
Ordinal0 [0x006B9F13+565011]
Ordinal0 [0x006B9D07+564487]
Ordinal0 [0x006C82C0+623296]
Ordinal0 [0x00666BDD+224221]
Ordinal0 [0x00665CAC+220332]
Ordinal0 [0x0066189B+202907]
Ordinal0 [0x00643DF4+81396]
Ordinal0 [0x00644DEE+85486]
Ordinal0 [0x00644D79+85369]
Ordinal0 [0x008585DC+2262492]
GetHandleVerifier [0x00AE2874+1487204]
GetHandleVerifier [0x00AE23CD+1486013]
GetHandleVerifier [0x00AEA368+1518680]
GetHandleVerifier [0x00AE2F4E+1488958]
Ordinal0 [0x0084ED0D+2223373]
Ordinal0 [0x0085A12B+2269483]
Ordinal0 [0x0085A26F+2269807]
Ordinal0 [0x0086ECB8+2354360]
BaseThreadInitThunk [0x779CFA29+25]
RtlGetAppContainerNamedObjectPath [0x77CE75F4+228]
RtlGetAppContainerNamedObjectPath [0x77CE75C4+180]

at sun.reflect.NativeConstructorAccessorImpl.newInstance0(Native Method)
at sun.reflect.NativeConstructorAccessorImpl.newInstance(Unknown Source)
at sun.reflect.DelegatingConstructorAccessorImpl.newInstance(Unknown Source)
at java.lang.reflect.Constructor.newInstance(Unknown Source)
at org.openqa.selenium.remote.W3CHandshakeResponse.lambda$errorHandler$0(W3CHandshakeResponse.java:62)
at org.openqa.selenium.remote.HandshakeResponse.lambda$getResponseFunction$0(HandshakeResponse.java:30)
at org.openqa.selenium.remote.ProtocolHandshake.lambda$createSession$0(ProtocolHandshake.java:126)
at java.util.stream.ReferencePipeline$3$1.accept(Unknown Source)
at java.util.Spliterators$ArraySpliterator.tryAdvance(Unknown Source)
at java.util.stream.ReferencePipeline.forEachWithCancel(Unknown Source)
at java.util.stream.AbstractPipeline.copyIntoWithCancel(Unknown Source)
at java.util.stream.AbstractPipeline.copyInto(Unknown Source)
at java.util.stream.AbstractPipeline.wrapAndCopyInto(Unknown Source)
at java.util.stream.FindOps$FindOp.evaluateSequential(Unknown Source)
at java.util.stream.AbstractPipeline.evaluate(Unknown Source)
at java.util.stream.ReferencePipeline.findFirst(Unknown Source)
at org.openqa.selenium.remote.ProtocolHandshake.createSession(ProtocolHandshake.java:128)
at org.openqa.selenium.remote.ProtocolHandshake.createSession(ProtocolHandshake.java:74)
at org.openqa.selenium.remote.HttpCommandExecutor.execute(HttpCommandExecutor.java:136)
at org.openqa.selenium.remote.service.DriverCommandExecutor.execute(DriverCommandExecutor.java:83)
at org.openqa.selenium.remote.RemoteWebDriver.execute(RemoteWebDriver.java:552)
at org.openqa.selenium.remote.RemoteWebDriver.startSession(RemoteWebDriver.java:213)
at org.openqa.selenium.remote.RemoteWebDriver.<init>(RemoteWebDriver.java:131)
at org.openqa.selenium.chrome.ChromeDriver.<init>(ChromeDriver.java:181)
at org.openqa.selenium.chrome.ChromeDriver.<init>(ChromeDriver.java:168)
at org.openqa.selenium.chrome.ChromeDriver.<init>(ChromeDriver.java:123)
at facebookTests.BaseTest.invokeBrowser(BaseTest.java:16)
at sun.reflect.NativeMethodAccessorImpl.invoke0(Native Method)
at sun.reflect.NativeMethodAccessorImpl.invoke(Unknown Source)
at sun.reflect.DelegatingMethodAccessorImpl.invoke(Unknown Source)
at java.lang.reflect.Method.invoke(Unknown Source)
at org.testng.internal.MethodInvocationHelper.invokeMethod(MethodInvocationHelper.java:132)
at org.testng.internal.MethodInvocationHelper.invokeMethodConsideringTimeout(MethodInvocationHelper.java:61)
at org.testng.internal.ConfigInvoker.invokeConfigurationMethod(ConfigInvoker.java:366)
at org.testng.internal.ConfigInvoker.invokeConfigurations(ConfigInvoker.java:320)
at org.testng.internal.TestInvoker.runConfigMethods(TestInvoker.java:701)
at org.testng.internal.TestInvoker.invokeMethod(TestInvoker.java:527)
at org.testng.internal.TestInvoker.invokeTestMethod(TestInvoker.java:174)
at org.testng.internal.MethodRunner.runInSequence(MethodRunner.java:46)
at org.testng.internal.TestInvoker$MethodInvocationAgent.invoke(TestInvoker.java:822)
at org.testng.internal.TestInvoker.invokeTestMethods(TestInvoker.java:147)
at org.testng.internal.TestMethodWorker.invokeTestMethods(TestMethodWorker.java:146)
at org.testng.internal.TestMethodWorker.run(TestMethodWorker.java:128)
at java.util.ArrayList.forEach(Unknown Source)
at org.testng.TestRunner.privateRun(TestRunner.java:764)
at org.testng.TestRunner.run(TestRunner.java:585)
at org.testng.SuiteRunner.runTest(SuiteRunner.java:384)
at org.testng.SuiteRunner.runSequentially(SuiteRunner.java:378)
at org.testng.SuiteRunner.privateRun(SuiteRunner.java:337)
at org.testng.SuiteRunner.run(SuiteRunner.java:286)
at org.testng.SuiteRunnerWorker.runSuite(SuiteRunnerWorker.java:53)
at org.testng.SuiteRunnerWorker.run(SuiteRunnerWorker.java:96)
at org.testng.TestNG.runSuitesSequentially(TestNG.java:1218)
at org.testng.TestNG.runSuitesLocally(TestNG.java:1140)
at org.testng.TestNG.runSuites(TestNG.java:1069)
at org.testng.TestNG.run(TestNG.java:1037)
at org.apache.maven.surefire.testng.TestNGExecutor.run(TestNGExecutor.java:135)
at org.apache.maven.surefire.testng.TestNGDirectoryTestSuite.executeMulti(TestNGDirectoryTestSuite.java:193)
at org.apache.maven.surefire.testng.TestNGDirectoryTestSuite.execute(TestNGDirectoryTestSuite.java:94)
at org.apache.maven.surefire.testng.TestNGProvider.invoke(TestNGProvider.java:146)
at org.apache.maven.surefire.booter.ForkedBooter.invokeProviderInSameClassLoader(ForkedBooter.java:384)
at org.apache.maven.surefire.booter.ForkedBooter.runSuitesInProcess(ForkedBooter.java:345)
at org.apache.maven.surefire.booter.ForkedBooter.execute(ForkedBooter.java:126)
at org.apache.maven.surefire.booter.ForkedBooter.main(ForkedBooter.java:418)
]]>
            </full-stacktrace>
          </exception> <!-- org.openqa.selenium.SessionNotCreatedException -->
          <reporter-output>
          </reporter-output>
        </test-method> <!-- invokeBrowser -->
        <test-method status="SKIP" signature="user_cant_login_with_invalid_password(java.lang.String, java.lang.String)[pri:0, instance:facebookTests.signinTests@49993335]" name="user_cant_login_with_invalid_password" duration-ms="0" started-at="2020-12-22T15:17:52 IST" data-provider="faillSigninWithInvPasswordsData" finished-at="2020-12-22T15:17:52 IST">
          <params>
            <param index="0">
              <value>
                <![CDATA[omar0099_gath@hotmail.com]]>
              </value>
            </param>
            <param index="1">
              <value>
                <![CDATA[omarfr]]>
              </value>
            </param>
          </params>
          <exception class="org.openqa.selenium.SessionNotCreatedException">
            <message>
              <![CDATA[session not created
from disconnected: received Inspector.detached event
  (Session info: chrome=87.0.4280.88)
Build info: version: '3.141.59', revision: 'e82be7d358', time: '2018-11-14T08:17:03'
System info: host: 'ENG-OMAR', ip: '172.20.147.135', os.name: 'Windows 10', os.arch: 'amd64', os.version: '10.0', java.version: '1.8.0_161'
Driver info: driver.version: ChromeDriver
remote stacktrace: Backtrace:
Ordinal0 [0x0095C0C3+3326147]
Ordinal0 [0x00840851+2164817]
Ordinal0 [0x006C7298+619160]
Ordinal0 [0x006BBD04+572676]
Ordinal0 [0x006BBA18+571928]
Ordinal0 [0x006BB0C1+569537]
Ordinal0 [0x006BA421+566305]
Ordinal0 [0x006BA815+567317]
Ordinal0 [0x006BA135+565557]
Ordinal0 [0x006C38B1+604337]
Ordinal0 [0x006BA0F1+565489]
Ordinal0 [0x006BAEA2+568994]
Ordinal0 [0x006BA421+566305]
Ordinal0 [0x006BA815+567317]
Ordinal0 [0x006BA135+565557]
Ordinal0 [0x006C1D2C+597292]
Ordinal0 [0x006BA0F1+565489]
Ordinal0 [0x006BAEA2+568994]
Ordinal0 [0x006BA421+566305]
Ordinal0 [0x006BA815+567317]
Ordinal0 [0x006BA135+565557]
Ordinal0 [0x006BFE62+589410]
Ordinal0 [0x006BA0F1+565489]
Ordinal0 [0x006BAEA2+568994]
Ordinal0 [0x006BA421+566305]
Ordinal0 [0x006BA815+567317]
Ordinal0 [0x006BA135+565557]
Ordinal0 [0x006BF075+585845]
Ordinal0 [0x006BA0F1+565489]
Ordinal0 [0x006BAEA2+568994]
Ordinal0 [0x006BA421+566305]
Ordinal0 [0x006BA815+567317]
Ordinal0 [0x006BA135+565557]
Ordinal0 [0x006B6776+550774]
Ordinal0 [0x006BA0F1+565489]
Ordinal0 [0x006B9F13+565011]
Ordinal0 [0x006B9D07+564487]
Ordinal0 [0x006C82C0+623296]
Ordinal0 [0x00666BDD+224221]
Ordinal0 [0x00665CAC+220332]
Ordinal0 [0x0066189B+202907]
Ordinal0 [0x00643DF4+81396]
Ordinal0 [0x00644DEE+85486]
Ordinal0 [0x00644D79+85369]
Ordinal0 [0x008585DC+2262492]
GetHandleVerifier [0x00AE2874+1487204]
GetHandleVerifier [0x00AE23CD+1486013]
GetHandleVerifier [0x00AEA368+1518680]
GetHandleVerifier [0x00AE2F4E+1488958]
Ordinal0 [0x0084ED0D+2223373]
Ordinal0 [0x0085A12B+2269483]
Ordinal0 [0x0085A26F+2269807]
Ordinal0 [0x0086ECB8+2354360]
BaseThreadInitThunk [0x779CFA29+25]
RtlGetAppContainerNamedObjectPath [0x77CE75F4+228]
RtlGetAppContainerNamedObjectPath [0x77CE75C4+180]
]]>
            </message>
            <full-stacktrace>
              <![CDATA[org.openqa.selenium.SessionNotCreatedException: session not created
from disconnected: received Inspector.detached event
  (Session info: chrome=87.0.4280.88)
Build info: version: '3.141.59', revision: 'e82be7d358', time: '2018-11-14T08:17:03'
System info: host: 'ENG-OMAR', ip: '172.20.147.135', os.name: 'Windows 10', os.arch: 'amd64', os.version: '10.0', java.version: '1.8.0_161'
Driver info: driver.version: ChromeDriver
remote stacktrace: Backtrace:
Ordinal0 [0x0095C0C3+3326147]
Ordinal0 [0x00840851+2164817]
Ordinal0 [0x006C7298+619160]
Ordinal0 [0x006BBD04+572676]
Ordinal0 [0x006BBA18+571928]
Ordinal0 [0x006BB0C1+569537]
Ordinal0 [0x006BA421+566305]
Ordinal0 [0x006BA815+567317]
Ordinal0 [0x006BA135+565557]
Ordinal0 [0x006C38B1+604337]
Ordinal0 [0x006BA0F1+565489]
Ordinal0 [0x006BAEA2+568994]
Ordinal0 [0x006BA421+566305]
Ordinal0 [0x006BA815+567317]
Ordinal0 [0x006BA135+565557]
Ordinal0 [0x006C1D2C+597292]
Ordinal0 [0x006BA0F1+565489]
Ordinal0 [0x006BAEA2+568994]
Ordinal0 [0x006BA421+566305]
Ordinal0 [0x006BA815+567317]
Ordinal0 [0x006BA135+565557]
Ordinal0 [0x006BFE62+589410]
Ordinal0 [0x006BA0F1+565489]
Ordinal0 [0x006BAEA2+568994]
Ordinal0 [0x006BA421+566305]
Ordinal0 [0x006BA815+567317]
Ordinal0 [0x006BA135+565557]
Ordinal0 [0x006BF075+585845]
Ordinal0 [0x006BA0F1+565489]
Ordinal0 [0x006BAEA2+568994]
Ordinal0 [0x006BA421+566305]
Ordinal0 [0x006BA815+567317]
Ordinal0 [0x006BA135+565557]
Ordinal0 [0x006B6776+550774]
Ordinal0 [0x006BA0F1+565489]
Ordinal0 [0x006B9F13+565011]
Ordinal0 [0x006B9D07+564487]
Ordinal0 [0x006C82C0+623296]
Ordinal0 [0x00666BDD+224221]
Ordinal0 [0x00665CAC+220332]
Ordinal0 [0x0066189B+202907]
Ordinal0 [0x00643DF4+81396]
Ordinal0 [0x00644DEE+85486]
Ordinal0 [0x00644D79+85369]
Ordinal0 [0x008585DC+2262492]
GetHandleVerifier [0x00AE2874+1487204]
GetHandleVerifier [0x00AE23CD+1486013]
GetHandleVerifier [0x00AEA368+1518680]
GetHandleVerifier [0x00AE2F4E+1488958]
Ordinal0 [0x0084ED0D+2223373]
Ordinal0 [0x0085A12B+2269483]
Ordinal0 [0x0085A26F+2269807]
Ordinal0 [0x0086ECB8+2354360]
BaseThreadInitThunk [0x779CFA29+25]
RtlGetAppContainerNamedObjectPath [0x77CE75F4+228]
RtlGetAppContainerNamedObjectPath [0x77CE75C4+180]

at sun.reflect.NativeConstructorAccessorImpl.newInstance0(Native Method)
at sun.reflect.NativeConstructorAccessorImpl.newInstance(Unknown Source)
at sun.reflect.DelegatingConstructorAccessorImpl.newInstance(Unknown Source)
at java.lang.reflect.Constructor.newInstance(Unknown Source)
at org.openqa.selenium.remote.W3CHandshakeResponse.lambda$errorHandler$0(W3CHandshakeResponse.java:62)
at org.openqa.selenium.remote.HandshakeResponse.lambda$getResponseFunction$0(HandshakeResponse.java:30)
at org.openqa.selenium.remote.ProtocolHandshake.lambda$createSession$0(ProtocolHandshake.java:126)
at java.util.stream.ReferencePipeline$3$1.accept(Unknown Source)
at java.util.Spliterators$ArraySpliterator.tryAdvance(Unknown Source)
at java.util.stream.ReferencePipeline.forEachWithCancel(Unknown Source)
at java.util.stream.AbstractPipeline.copyIntoWithCancel(Unknown Source)
at java.util.stream.AbstractPipeline.copyInto(Unknown Source)
at java.util.stream.AbstractPipeline.wrapAndCopyInto(Unknown Source)
at java.util.stream.FindOps$FindOp.evaluateSequential(Unknown Source)
at java.util.stream.AbstractPipeline.evaluate(Unknown Source)
at java.util.stream.ReferencePipeline.findFirst(Unknown Source)
at org.openqa.selenium.remote.ProtocolHandshake.createSession(ProtocolHandshake.java:128)
at org.openqa.selenium.remote.ProtocolHandshake.createSession(ProtocolHandshake.java:74)
at org.openqa.selenium.remote.HttpCommandExecutor.execute(HttpCommandExecutor.java:136)
at org.openqa.selenium.remote.service.DriverCommandExecutor.execute(DriverCommandExecutor.java:83)
at org.openqa.selenium.remote.RemoteWebDriver.execute(RemoteWebDriver.java:552)
at org.openqa.selenium.remote.RemoteWebDriver.startSession(RemoteWebDriver.java:213)
at org.openqa.selenium.remote.RemoteWebDriver.<init>(RemoteWebDriver.java:131)
at org.openqa.selenium.chrome.ChromeDriver.<init>(ChromeDriver.java:181)
at org.openqa.selenium.chrome.ChromeDriver.<init>(ChromeDriver.java:168)
at org.openqa.selenium.chrome.ChromeDriver.<init>(ChromeDriver.java:123)
at facebookTests.BaseTest.invokeBrowser(BaseTest.java:16)
at sun.reflect.NativeMethodAccessorImpl.invoke0(Native Method)
at sun.reflect.NativeMethodAccessorImpl.invoke(Unknown Source)
at sun.reflect.DelegatingMethodAccessorImpl.invoke(Unknown Source)
at java.lang.reflect.Method.invoke(Unknown Source)
at org.testng.internal.MethodInvocationHelper.invokeMethod(MethodInvocationHelper.java:132)
at org.testng.internal.MethodInvocationHelper.invokeMethodConsideringTimeout(MethodInvocationHelper.java:61)
at org.testng.internal.ConfigInvoker.invokeConfigurationMethod(ConfigInvoker.java:366)
at org.testng.internal.ConfigInvoker.invokeConfigurations(ConfigInvoker.java:320)
at org.testng.internal.TestInvoker.runConfigMethods(TestInvoker.java:701)
at org.testng.internal.TestInvoker.invokeMethod(TestInvoker.java:527)
at org.testng.internal.TestInvoker.invokeTestMethod(TestInvoker.java:174)
at org.testng.internal.MethodRunner.runInSequence(MethodRunner.java:46)
at org.testng.internal.TestInvoker$MethodInvocationAgent.invoke(TestInvoker.java:822)
at org.testng.internal.TestInvoker.invokeTestMethods(TestInvoker.java:147)
at org.testng.internal.TestMethodWorker.invokeTestMethods(TestMethodWorker.java:146)
at org.testng.internal.TestMethodWorker.run(TestMethodWorker.java:128)
at java.util.ArrayList.forEach(Unknown Source)
at org.testng.TestRunner.privateRun(TestRunner.java:764)
at org.testng.TestRunner.run(TestRunner.java:585)
at org.testng.SuiteRunner.runTest(SuiteRunner.java:384)
at org.testng.SuiteRunner.runSequentially(SuiteRunner.java:378)
at org.testng.SuiteRunner.privateRun(SuiteRunner.java:337)
at org.testng.SuiteRunner.run(SuiteRunner.java:286)
at org.testng.SuiteRunnerWorker.runSuite(SuiteRunnerWorker.java:53)
at org.testng.SuiteRunnerWorker.run(SuiteRunnerWorker.java:96)
at org.testng.TestNG.runSuitesSequentially(TestNG.java:1218)
at org.testng.TestNG.runSuitesLocally(TestNG.java:1140)
at org.testng.TestNG.runSuites(TestNG.java:1069)
at org.testng.TestNG.run(TestNG.java:1037)
at org.apache.maven.surefire.testng.TestNGExecutor.run(TestNGExecutor.java:135)
at org.apache.maven.surefire.testng.TestNGDirectoryTestSuite.executeMulti(TestNGDirectoryTestSuite.java:193)
at org.apache.maven.surefire.testng.TestNGDirectoryTestSuite.execute(TestNGDirectoryTestSuite.java:94)
at org.apache.maven.surefire.testng.TestNGProvider.invoke(TestNGProvider.java:146)
at org.apache.maven.surefire.booter.ForkedBooter.invokeProviderInSameClassLoader(ForkedBooter.java:384)
at org.apache.maven.surefire.booter.ForkedBooter.runSuitesInProcess(ForkedBooter.java:345)
at org.apache.maven.surefire.booter.ForkedBooter.execute(ForkedBooter.java:126)
at org.apache.maven.surefire.booter.ForkedBooter.main(ForkedBooter.java:418)
]]>
            </full-stacktrace>
          </exception> <!-- org.openqa.selenium.SessionNotCreatedException -->
          <reporter-output>
          </reporter-output>
        </test-method> <!-- user_cant_login_with_invalid_password -->
        <test-method status="SKIP" signature="terminateBrowser()[pri:0, instance:facebookTests.signinTests@49993335]" name="terminateBrowser" is-config="true" duration-ms="-1608643072248" started-at="2020-12-22T15:17:52 IST" finished-at="1970-01-01T02:00:00 IST">
          <reporter-output>
          </reporter-output>
        </test-method> <!-- terminateBrowser -->
        <test-method status="SKIP" signature="invokeBrowser()[pri:0, instance:facebookTests.signinTests@49993335]" name="invokeBrowser" is-config="true" duration-ms="-1608643072249" started-at="2020-12-22T15:17:52 IST" finished-at="1970-01-01T02:00:00 IST">
          <reporter-output>
          </reporter-output>
        </test-method> <!-- invokeBrowser -->
        <test-method status="SKIP" signature="user_cant_login_with_invalid_password(java.lang.String, java.lang.String)[pri:0, instance:facebookTests.signinTests@49993335]" name="user_cant_login_with_invalid_password" duration-ms="0" started-at="2020-12-22T15:17:52 IST" data-provider="faillSigninWithInvPasswordsData" finished-at="2020-12-22T15:17:52 IST">
          <params>
            <param index="0">
              <value>
                <![CDATA[froukh.froukh99@gmail.com]]>
              </value>
            </param>
            <param index="1">
              <value>
                <![CDATA[123www]]>
              </value>
            </param>
          </params>
          <exception class="org.openqa.selenium.SessionNotCreatedException">
            <message>
              <![CDATA[session not created
from disconnected: received Inspector.detached event
  (Session info: chrome=87.0.4280.88)
Build info: version: '3.141.59', revision: 'e82be7d358', time: '2018-11-14T08:17:03'
System info: host: 'ENG-OMAR', ip: '172.20.147.135', os.name: 'Windows 10', os.arch: 'amd64', os.version: '10.0', java.version: '1.8.0_161'
Driver info: driver.version: ChromeDriver
remote stacktrace: Backtrace:
Ordinal0 [0x0095C0C3+3326147]
Ordinal0 [0x00840851+2164817]
Ordinal0 [0x006C7298+619160]
Ordinal0 [0x006BBD04+572676]
Ordinal0 [0x006BBA18+571928]
Ordinal0 [0x006BB0C1+569537]
Ordinal0 [0x006BA421+566305]
Ordinal0 [0x006BA815+567317]
Ordinal0 [0x006BA135+565557]
Ordinal0 [0x006C38B1+604337]
Ordinal0 [0x006BA0F1+565489]
Ordinal0 [0x006BAEA2+568994]
Ordinal0 [0x006BA421+566305]
Ordinal0 [0x006BA815+567317]
Ordinal0 [0x006BA135+565557]
Ordinal0 [0x006C1D2C+597292]
Ordinal0 [0x006BA0F1+565489]
Ordinal0 [0x006BAEA2+568994]
Ordinal0 [0x006BA421+566305]
Ordinal0 [0x006BA815+567317]
Ordinal0 [0x006BA135+565557]
Ordinal0 [0x006BFE62+589410]
Ordinal0 [0x006BA0F1+565489]
Ordinal0 [0x006BAEA2+568994]
Ordinal0 [0x006BA421+566305]
Ordinal0 [0x006BA815+567317]
Ordinal0 [0x006BA135+565557]
Ordinal0 [0x006BF075+585845]
Ordinal0 [0x006BA0F1+565489]
Ordinal0 [0x006BAEA2+568994]
Ordinal0 [0x006BA421+566305]
Ordinal0 [0x006BA815+567317]
Ordinal0 [0x006BA135+565557]
Ordinal0 [0x006B6776+550774]
Ordinal0 [0x006BA0F1+565489]
Ordinal0 [0x006B9F13+565011]
Ordinal0 [0x006B9D07+564487]
Ordinal0 [0x006C82C0+623296]
Ordinal0 [0x00666BDD+224221]
Ordinal0 [0x00665CAC+220332]
Ordinal0 [0x0066189B+202907]
Ordinal0 [0x00643DF4+81396]
Ordinal0 [0x00644DEE+85486]
Ordinal0 [0x00644D79+85369]
Ordinal0 [0x008585DC+2262492]
GetHandleVerifier [0x00AE2874+1487204]
GetHandleVerifier [0x00AE23CD+1486013]
GetHandleVerifier [0x00AEA368+1518680]
GetHandleVerifier [0x00AE2F4E+1488958]
Ordinal0 [0x0084ED0D+2223373]
Ordinal0 [0x0085A12B+2269483]
Ordinal0 [0x0085A26F+2269807]
Ordinal0 [0x0086ECB8+2354360]
BaseThreadInitThunk [0x779CFA29+25]
RtlGetAppContainerNamedObjectPath [0x77CE75F4+228]
RtlGetAppContainerNamedObjectPath [0x77CE75C4+180]
]]>
            </message>
            <full-stacktrace>
              <![CDATA[org.openqa.selenium.SessionNotCreatedException: session not created
from disconnected: received Inspector.detached event
  (Session info: chrome=87.0.4280.88)
Build info: version: '3.141.59', revision: 'e82be7d358', time: '2018-11-14T08:17:03'
System info: host: 'ENG-OMAR', ip: '172.20.147.135', os.name: 'Windows 10', os.arch: 'amd64', os.version: '10.0', java.version: '1.8.0_161'
Driver info: driver.version: ChromeDriver
remote stacktrace: Backtrace:
Ordinal0 [0x0095C0C3+3326147]
Ordinal0 [0x00840851+2164817]
Ordinal0 [0x006C7298+619160]
Ordinal0 [0x006BBD04+572676]
Ordinal0 [0x006BBA18+571928]
Ordinal0 [0x006BB0C1+569537]
Ordinal0 [0x006BA421+566305]
Ordinal0 [0x006BA815+567317]
Ordinal0 [0x006BA135+565557]
Ordinal0 [0x006C38B1+604337]
Ordinal0 [0x006BA0F1+565489]
Ordinal0 [0x006BAEA2+568994]
Ordinal0 [0x006BA421+566305]
Ordinal0 [0x006BA815+567317]
Ordinal0 [0x006BA135+565557]
Ordinal0 [0x006C1D2C+597292]
Ordinal0 [0x006BA0F1+565489]
Ordinal0 [0x006BAEA2+568994]
Ordinal0 [0x006BA421+566305]
Ordinal0 [0x006BA815+567317]
Ordinal0 [0x006BA135+565557]
Ordinal0 [0x006BFE62+589410]
Ordinal0 [0x006BA0F1+565489]
Ordinal0 [0x006BAEA2+568994]
Ordinal0 [0x006BA421+566305]
Ordinal0 [0x006BA815+567317]
Ordinal0 [0x006BA135+565557]
Ordinal0 [0x006BF075+585845]
Ordinal0 [0x006BA0F1+565489]
Ordinal0 [0x006BAEA2+568994]
Ordinal0 [0x006BA421+566305]
Ordinal0 [0x006BA815+567317]
Ordinal0 [0x006BA135+565557]
Ordinal0 [0x006B6776+550774]
Ordinal0 [0x006BA0F1+565489]
Ordinal0 [0x006B9F13+565011]
Ordinal0 [0x006B9D07+564487]
Ordinal0 [0x006C82C0+623296]
Ordinal0 [0x00666BDD+224221]
Ordinal0 [0x00665CAC+220332]
Ordinal0 [0x0066189B+202907]
Ordinal0 [0x00643DF4+81396]
Ordinal0 [0x00644DEE+85486]
Ordinal0 [0x00644D79+85369]
Ordinal0 [0x008585DC+2262492]
GetHandleVerifier [0x00AE2874+1487204]
GetHandleVerifier [0x00AE23CD+1486013]
GetHandleVerifier [0x00AEA368+1518680]
GetHandleVerifier [0x00AE2F4E+1488958]
Ordinal0 [0x0084ED0D+2223373]
Ordinal0 [0x0085A12B+2269483]
Ordinal0 [0x0085A26F+2269807]
Ordinal0 [0x0086ECB8+2354360]
BaseThreadInitThunk [0x779CFA29+25]
RtlGetAppContainerNamedObjectPath [0x77CE75F4+228]
RtlGetAppContainerNamedObjectPath [0x77CE75C4+180]

at sun.reflect.NativeConstructorAccessorImpl.newInstance0(Native Method)
at sun.reflect.NativeConstructorAccessorImpl.newInstance(Unknown Source)
at sun.reflect.DelegatingConstructorAccessorImpl.newInstance(Unknown Source)
at java.lang.reflect.Constructor.newInstance(Unknown Source)
at org.openqa.selenium.remote.W3CHandshakeResponse.lambda$errorHandler$0(W3CHandshakeResponse.java:62)
at org.openqa.selenium.remote.HandshakeResponse.lambda$getResponseFunction$0(HandshakeResponse.java:30)
at org.openqa.selenium.remote.ProtocolHandshake.lambda$createSession$0(ProtocolHandshake.java:126)
at java.util.stream.ReferencePipeline$3$1.accept(Unknown Source)
at java.util.Spliterators$ArraySpliterator.tryAdvance(Unknown Source)
at java.util.stream.ReferencePipeline.forEachWithCancel(Unknown Source)
at java.util.stream.AbstractPipeline.copyIntoWithCancel(Unknown Source)
at java.util.stream.AbstractPipeline.copyInto(Unknown Source)
at java.util.stream.AbstractPipeline.wrapAndCopyInto(Unknown Source)
at java.util.stream.FindOps$FindOp.evaluateSequential(Unknown Source)
at java.util.stream.AbstractPipeline.evaluate(Unknown Source)
at java.util.stream.ReferencePipeline.findFirst(Unknown Source)
at org.openqa.selenium.remote.ProtocolHandshake.createSession(ProtocolHandshake.java:128)
at org.openqa.selenium.remote.ProtocolHandshake.createSession(ProtocolHandshake.java:74)
at org.openqa.selenium.remote.HttpCommandExecutor.execute(HttpCommandExecutor.java:136)
at org.openqa.selenium.remote.service.DriverCommandExecutor.execute(DriverCommandExecutor.java:83)
at org.openqa.selenium.remote.RemoteWebDriver.execute(RemoteWebDriver.java:552)
at org.openqa.selenium.remote.RemoteWebDriver.startSession(RemoteWebDriver.java:213)
at org.openqa.selenium.remote.RemoteWebDriver.<init>(RemoteWebDriver.java:131)
at org.openqa.selenium.chrome.ChromeDriver.<init>(ChromeDriver.java:181)
at org.openqa.selenium.chrome.ChromeDriver.<init>(ChromeDriver.java:168)
at org.openqa.selenium.chrome.ChromeDriver.<init>(ChromeDriver.java:123)
at facebookTests.BaseTest.invokeBrowser(BaseTest.java:16)
at sun.reflect.NativeMethodAccessorImpl.invoke0(Native Method)
at sun.reflect.NativeMethodAccessorImpl.invoke(Unknown Source)
at sun.reflect.DelegatingMethodAccessorImpl.invoke(Unknown Source)
at java.lang.reflect.Method.invoke(Unknown Source)
at org.testng.internal.MethodInvocationHelper.invokeMethod(MethodInvocationHelper.java:132)
at org.testng.internal.MethodInvocationHelper.invokeMethodConsideringTimeout(MethodInvocationHelper.java:61)
at org.testng.internal.ConfigInvoker.invokeConfigurationMethod(ConfigInvoker.java:366)
at org.testng.internal.ConfigInvoker.invokeConfigurations(ConfigInvoker.java:320)
at org.testng.internal.TestInvoker.runConfigMethods(TestInvoker.java:701)
at org.testng.internal.TestInvoker.invokeMethod(TestInvoker.java:527)
at org.testng.internal.TestInvoker.invokeTestMethod(TestInvoker.java:174)
at org.testng.internal.MethodRunner.runInSequence(MethodRunner.java:46)
at org.testng.internal.TestInvoker$MethodInvocationAgent.invoke(TestInvoker.java:822)
at org.testng.internal.TestInvoker.invokeTestMethods(TestInvoker.java:147)
at org.testng.internal.TestMethodWorker.invokeTestMethods(TestMethodWorker.java:146)
at org.testng.internal.TestMethodWorker.run(TestMethodWorker.java:128)
at java.util.ArrayList.forEach(Unknown Source)
at org.testng.TestRunner.privateRun(TestRunner.java:764)
at org.testng.TestRunner.run(TestRunner.java:585)
at org.testng.SuiteRunner.runTest(SuiteRunner.java:384)
at org.testng.SuiteRunner.runSequentially(SuiteRunner.java:378)
at org.testng.SuiteRunner.privateRun(SuiteRunner.java:337)
at org.testng.SuiteRunner.run(SuiteRunner.java:286)
at org.testng.SuiteRunnerWorker.runSuite(SuiteRunnerWorker.java:53)
at org.testng.SuiteRunnerWorker.run(SuiteRunnerWorker.java:96)
at org.testng.TestNG.runSuitesSequentially(TestNG.java:1218)
at org.testng.TestNG.runSuitesLocally(TestNG.java:1140)
at org.testng.TestNG.runSuites(TestNG.java:1069)
at org.testng.TestNG.run(TestNG.java:1037)
at org.apache.maven.surefire.testng.TestNGExecutor.run(TestNGExecutor.java:135)
at org.apache.maven.surefire.testng.TestNGDirectoryTestSuite.executeMulti(TestNGDirectoryTestSuite.java:193)
at org.apache.maven.surefire.testng.TestNGDirectoryTestSuite.execute(TestNGDirectoryTestSuite.java:94)
at org.apache.maven.surefire.testng.TestNGProvider.invoke(TestNGProvider.java:146)
at org.apache.maven.surefire.booter.ForkedBooter.invokeProviderInSameClassLoader(ForkedBooter.java:384)
at org.apache.maven.surefire.booter.ForkedBooter.runSuitesInProcess(ForkedBooter.java:345)
at org.apache.maven.surefire.booter.ForkedBooter.execute(ForkedBooter.java:126)
at org.apache.maven.surefire.booter.ForkedBooter.main(ForkedBooter.java:418)
]]>
            </full-stacktrace>
          </exception> <!-- org.openqa.selenium.SessionNotCreatedException -->
          <reporter-output>
          </reporter-output>
        </test-method> <!-- user_cant_login_with_invalid_password -->
        <test-method status="SKIP" signature="terminateBrowser()[pri:0, instance:facebookTests.signinTests@49993335]" name="terminateBrowser" is-config="true" duration-ms="-1608643072252" started-at="2020-12-22T15:17:52 IST" finished-at="1970-01-01T02:00:00 IST">
          <reporter-output>
          </reporter-output>
        </test-method> <!-- terminateBrowser -->
      </class> <!-- facebookTests.signinTests -->
      <class name="facebookTests.signupTests">
        <test-method status="FAIL" signature="invokeBrowser()[pri:0, instance:facebookTests.signupTests@20322d26]" name="invokeBrowser" is-config="true" duration-ms="7366" started-at="2020-12-22T15:17:52 IST" finished-at="2020-12-22T15:17:59 IST">
          <exception class="org.openqa.selenium.SessionNotCreatedException">
            <message>
              <![CDATA[session not created
from chrome not reachable
  (Session info: chrome=87.0.4280.88)
Build info: version: '3.141.59', revision: 'e82be7d358', time: '2018-11-14T08:17:03'
System info: host: 'ENG-OMAR', ip: '172.20.147.135', os.name: 'Windows 10', os.arch: 'amd64', os.version: '10.0', java.version: '1.8.0_161'
Driver info: driver.version: ChromeDriver
remote stacktrace: Backtrace:
Ordinal0 [0x0095C0C3+3326147]
Ordinal0 [0x00840851+2164817]
Ordinal0 [0x006C7140+618816]
Ordinal0 [0x006BD404+578564]
Ordinal0 [0x006BDACB+580299]
Ordinal0 [0x006BED35+585013]
Ordinal0 [0x006B9D61+564577]
Ordinal0 [0x006C82C0+623296]
Ordinal0 [0x00666BDD+224221]
Ordinal0 [0x00665CAC+220332]
Ordinal0 [0x0066189B+202907]
Ordinal0 [0x00643DF4+81396]
Ordinal0 [0x00644DEE+85486]
Ordinal0 [0x00644D79+85369]
Ordinal0 [0x008585DC+2262492]
GetHandleVerifier [0x00AE2874+1487204]
GetHandleVerifier [0x00AE23CD+1486013]
GetHandleVerifier [0x00AEA368+1518680]
GetHandleVerifier [0x00AE2F4E+1488958]
Ordinal0 [0x0084ED0D+2223373]
Ordinal0 [0x0085A12B+2269483]
Ordinal0 [0x0085A26F+2269807]
Ordinal0 [0x0086ECB8+2354360]
BaseThreadInitThunk [0x779CFA29+25]
RtlGetAppContainerNamedObjectPath [0x77CE75F4+228]
RtlGetAppContainerNamedObjectPath [0x77CE75C4+180]
]]>
            </message>
            <full-stacktrace>
              <![CDATA[org.openqa.selenium.SessionNotCreatedException: session not created
from chrome not reachable
  (Session info: chrome=87.0.4280.88)
Build info: version: '3.141.59', revision: 'e82be7d358', time: '2018-11-14T08:17:03'
System info: host: 'ENG-OMAR', ip: '172.20.147.135', os.name: 'Windows 10', os.arch: 'amd64', os.version: '10.0', java.version: '1.8.0_161'
Driver info: driver.version: ChromeDriver
remote stacktrace: Backtrace:
Ordinal0 [0x0095C0C3+3326147]
Ordinal0 [0x00840851+2164817]
Ordinal0 [0x006C7140+618816]
Ordinal0 [0x006BD404+578564]
Ordinal0 [0x006BDACB+580299]
Ordinal0 [0x006BED35+585013]
Ordinal0 [0x006B9D61+564577]
Ordinal0 [0x006C82C0+623296]
Ordinal0 [0x00666BDD+224221]
Ordinal0 [0x00665CAC+220332]
Ordinal0 [0x0066189B+202907]
Ordinal0 [0x00643DF4+81396]
Ordinal0 [0x00644DEE+85486]
Ordinal0 [0x00644D79+85369]
Ordinal0 [0x008585DC+2262492]
GetHandleVerifier [0x00AE2874+1487204]
GetHandleVerifier [0x00AE23CD+1486013]
GetHandleVerifier [0x00AEA368+1518680]
GetHandleVerifier [0x00AE2F4E+1488958]
Ordinal0 [0x0084ED0D+2223373]
Ordinal0 [0x0085A12B+2269483]
Ordinal0 [0x0085A26F+2269807]
Ordinal0 [0x0086ECB8+2354360]
BaseThreadInitThunk [0x779CFA29+25]
RtlGetAppContainerNamedObjectPath [0x77CE75F4+228]
RtlGetAppContainerNamedObjectPath [0x77CE75C4+180]

at sun.reflect.NativeConstructorAccessorImpl.newInstance0(Native Method)
at sun.reflect.NativeConstructorAccessorImpl.newInstance(Unknown Source)
at sun.reflect.DelegatingConstructorAccessorImpl.newInstance(Unknown Source)
at java.lang.reflect.Constructor.newInstance(Unknown Source)
at org.openqa.selenium.remote.W3CHandshakeResponse.lambda$errorHandler$0(W3CHandshakeResponse.java:62)
at org.openqa.selenium.remote.HandshakeResponse.lambda$getResponseFunction$0(HandshakeResponse.java:30)
at org.openqa.selenium.remote.ProtocolHandshake.lambda$createSession$0(ProtocolHandshake.java:126)
at java.util.stream.ReferencePipeline$3$1.accept(Unknown Source)
at java.util.Spliterators$ArraySpliterator.tryAdvance(Unknown Source)
at java.util.stream.ReferencePipeline.forEachWithCancel(Unknown Source)
at java.util.stream.AbstractPipeline.copyIntoWithCancel(Unknown Source)
at java.util.stream.AbstractPipeline.copyInto(Unknown Source)
at java.util.stream.AbstractPipeline.wrapAndCopyInto(Unknown Source)
at java.util.stream.FindOps$FindOp.evaluateSequential(Unknown Source)
at java.util.stream.AbstractPipeline.evaluate(Unknown Source)
at java.util.stream.ReferencePipeline.findFirst(Unknown Source)
at org.openqa.selenium.remote.ProtocolHandshake.createSession(ProtocolHandshake.java:128)
at org.openqa.selenium.remote.ProtocolHandshake.createSession(ProtocolHandshake.java:74)
at org.openqa.selenium.remote.HttpCommandExecutor.execute(HttpCommandExecutor.java:136)
at org.openqa.selenium.remote.service.DriverCommandExecutor.execute(DriverCommandExecutor.java:83)
at org.openqa.selenium.remote.RemoteWebDriver.execute(RemoteWebDriver.java:552)
at org.openqa.selenium.remote.RemoteWebDriver.startSession(RemoteWebDriver.java:213)
at org.openqa.selenium.remote.RemoteWebDriver.<init>(RemoteWebDriver.java:131)
at org.openqa.selenium.chrome.ChromeDriver.<init>(ChromeDriver.java:181)
at org.openqa.selenium.chrome.ChromeDriver.<init>(ChromeDriver.java:168)
at org.openqa.selenium.chrome.ChromeDriver.<init>(ChromeDriver.java:123)
at facebookTests.BaseTest.invokeBrowser(BaseTest.java:16)
at sun.reflect.NativeMethodAccessorImpl.invoke0(Native Method)
at sun.reflect.NativeMethodAccessorImpl.invoke(Unknown Source)
at sun.reflect.DelegatingMethodAccessorImpl.invoke(Unknown Source)
at java.lang.reflect.Method.invoke(Unknown Source)
at org.testng.internal.MethodInvocationHelper.invokeMethod(MethodInvocationHelper.java:132)
at org.testng.internal.MethodInvocationHelper.invokeMethodConsideringTimeout(MethodInvocationHelper.java:61)
at org.testng.internal.ConfigInvoker.invokeConfigurationMethod(ConfigInvoker.java:366)
at org.testng.internal.ConfigInvoker.invokeConfigurations(ConfigInvoker.java:320)
at org.testng.internal.TestInvoker.runConfigMethods(TestInvoker.java:701)
at org.testng.internal.TestInvoker.invokeMethod(TestInvoker.java:527)
at org.testng.internal.TestInvoker.invokeTestMethod(TestInvoker.java:174)
at org.testng.internal.MethodRunner.runInSequence(MethodRunner.java:46)
at org.testng.internal.TestInvoker$MethodInvocationAgent.invoke(TestInvoker.java:822)
at org.testng.internal.TestInvoker.invokeTestMethods(TestInvoker.java:147)
at org.testng.internal.TestMethodWorker.invokeTestMethods(TestMethodWorker.java:146)
at org.testng.internal.TestMethodWorker.run(TestMethodWorker.java:128)
at java.util.ArrayList.forEach(Unknown Source)
at org.testng.TestRunner.privateRun(TestRunner.java:764)
at org.testng.TestRunner.run(TestRunner.java:585)
at org.testng.SuiteRunner.runTest(SuiteRunner.java:384)
at org.testng.SuiteRunner.runSequentially(SuiteRunner.java:378)
at org.testng.SuiteRunner.privateRun(SuiteRunner.java:337)
at org.testng.SuiteRunner.run(SuiteRunner.java:286)
at org.testng.SuiteRunnerWorker.runSuite(SuiteRunnerWorker.java:53)
at org.testng.SuiteRunnerWorker.run(SuiteRunnerWorker.java:96)
at org.testng.TestNG.runSuitesSequentially(TestNG.java:1218)
at org.testng.TestNG.runSuitesLocally(TestNG.java:1140)
at org.testng.TestNG.runSuites(TestNG.java:1069)
at org.testng.TestNG.run(TestNG.java:1037)
at org.apache.maven.surefire.testng.TestNGExecutor.run(TestNGExecutor.java:135)
at org.apache.maven.surefire.testng.TestNGDirectoryTestSuite.executeMulti(TestNGDirectoryTestSuite.java:193)
at org.apache.maven.surefire.testng.TestNGDirectoryTestSuite.execute(TestNGDirectoryTestSuite.java:94)
at org.apache.maven.surefire.testng.TestNGProvider.invoke(TestNGProvider.java:146)
at org.apache.maven.surefire.booter.ForkedBooter.invokeProviderInSameClassLoader(ForkedBooter.java:384)
at org.apache.maven.surefire.booter.ForkedBooter.runSuitesInProcess(ForkedBooter.java:345)
at org.apache.maven.surefire.booter.ForkedBooter.execute(ForkedBooter.java:126)
at org.apache.maven.surefire.booter.ForkedBooter.main(ForkedBooter.java:418)
]]>
            </full-stacktrace>
          </exception> <!-- org.openqa.selenium.SessionNotCreatedException -->
          <reporter-output>
          </reporter-output>
        </test-method> <!-- invokeBrowser -->
        <test-method status="SKIP" signature="user_can_signup_With_MobileNum_successfully(java.lang.String, java.lang.String, java.lang.String, java.lang.String, java.lang.String, java.lang.String, java.lang.String, java.lang.String)[pri:0, instance:facebookTests.signupTests@20322d26]" name="user_can_signup_With_MobileNum_successfully" duration-ms="0" started-at="2020-12-22T15:17:59 IST" data-provider="successSignupWithEmailData" finished-at="2020-12-22T15:17:59 IST">
          <params>
            <param index="0">
              <value>
                <![CDATA[Testonetest]]>
              </value>
            </param>
            <param index="1">
              <value>
                <![CDATA[Onetesttest]]>
              </value>
            </param>
            <param index="2">
              <value>
                <![CDATA[aomar1988@gmail.com]]>
              </value>
            </param>
            <param index="3">
              <value>
                <![CDATA[aomar1988@gmail.com]]>
              </value>
            </param>
            <param index="4">
              <value>
                <![CDATA[test123123]]>
              </value>
            </param>
            <param index="5">
              <value>
                <![CDATA[13]]>
              </value>
            </param>
            <param index="6">
              <value>
                <![CDATA[Jan]]>
              </value>
            </param>
            <param index="7">
              <value>
                <![CDATA[1999]]>
              </value>
            </param>
          </params>
          <exception class="org.openqa.selenium.SessionNotCreatedException">
            <message>
              <![CDATA[session not created
from chrome not reachable
  (Session info: chrome=87.0.4280.88)
Build info: version: '3.141.59', revision: 'e82be7d358', time: '2018-11-14T08:17:03'
System info: host: 'ENG-OMAR', ip: '172.20.147.135', os.name: 'Windows 10', os.arch: 'amd64', os.version: '10.0', java.version: '1.8.0_161'
Driver info: driver.version: ChromeDriver
remote stacktrace: Backtrace:
Ordinal0 [0x0095C0C3+3326147]
Ordinal0 [0x00840851+2164817]
Ordinal0 [0x006C7140+618816]
Ordinal0 [0x006BD404+578564]
Ordinal0 [0x006BDACB+580299]
Ordinal0 [0x006BED35+585013]
Ordinal0 [0x006B9D61+564577]
Ordinal0 [0x006C82C0+623296]
Ordinal0 [0x00666BDD+224221]
Ordinal0 [0x00665CAC+220332]
Ordinal0 [0x0066189B+202907]
Ordinal0 [0x00643DF4+81396]
Ordinal0 [0x00644DEE+85486]
Ordinal0 [0x00644D79+85369]
Ordinal0 [0x008585DC+2262492]
GetHandleVerifier [0x00AE2874+1487204]
GetHandleVerifier [0x00AE23CD+1486013]
GetHandleVerifier [0x00AEA368+1518680]
GetHandleVerifier [0x00AE2F4E+1488958]
Ordinal0 [0x0084ED0D+2223373]
Ordinal0 [0x0085A12B+2269483]
Ordinal0 [0x0085A26F+2269807]
Ordinal0 [0x0086ECB8+2354360]
BaseThreadInitThunk [0x779CFA29+25]
RtlGetAppContainerNamedObjectPath [0x77CE75F4+228]
RtlGetAppContainerNamedObjectPath [0x77CE75C4+180]
]]>
            </message>
            <full-stacktrace>
              <![CDATA[org.openqa.selenium.SessionNotCreatedException: session not created
from chrome not reachable
  (Session info: chrome=87.0.4280.88)
Build info: version: '3.141.59', revision: 'e82be7d358', time: '2018-11-14T08:17:03'
System info: host: 'ENG-OMAR', ip: '172.20.147.135', os.name: 'Windows 10', os.arch: 'amd64', os.version: '10.0', java.version: '1.8.0_161'
Driver info: driver.version: ChromeDriver
remote stacktrace: Backtrace:
Ordinal0 [0x0095C0C3+3326147]
Ordinal0 [0x00840851+2164817]
Ordinal0 [0x006C7140+618816]
Ordinal0 [0x006BD404+578564]
Ordinal0 [0x006BDACB+580299]
Ordinal0 [0x006BED35+585013]
Ordinal0 [0x006B9D61+564577]
Ordinal0 [0x006C82C0+623296]
Ordinal0 [0x00666BDD+224221]
Ordinal0 [0x00665CAC+220332]
Ordinal0 [0x0066189B+202907]
Ordinal0 [0x00643DF4+81396]
Ordinal0 [0x00644DEE+85486]
Ordinal0 [0x00644D79+85369]
Ordinal0 [0x008585DC+2262492]
GetHandleVerifier [0x00AE2874+1487204]
GetHandleVerifier [0x00AE23CD+1486013]
GetHandleVerifier [0x00AEA368+1518680]
GetHandleVerifier [0x00AE2F4E+1488958]
Ordinal0 [0x0084ED0D+2223373]
Ordinal0 [0x0085A12B+2269483]
Ordinal0 [0x0085A26F+2269807]
Ordinal0 [0x0086ECB8+2354360]
BaseThreadInitThunk [0x779CFA29+25]
RtlGetAppContainerNamedObjectPath [0x77CE75F4+228]
RtlGetAppContainerNamedObjectPath [0x77CE75C4+180]

at sun.reflect.NativeConstructorAccessorImpl.newInstance0(Native Method)
at sun.reflect.NativeConstructorAccessorImpl.newInstance(Unknown Source)
at sun.reflect.DelegatingConstructorAccessorImpl.newInstance(Unknown Source)
at java.lang.reflect.Constructor.newInstance(Unknown Source)
at org.openqa.selenium.remote.W3CHandshakeResponse.lambda$errorHandler$0(W3CHandshakeResponse.java:62)
at org.openqa.selenium.remote.HandshakeResponse.lambda$getResponseFunction$0(HandshakeResponse.java:30)
at org.openqa.selenium.remote.ProtocolHandshake.lambda$createSession$0(ProtocolHandshake.java:126)
at java.util.stream.ReferencePipeline$3$1.accept(Unknown Source)
at java.util.Spliterators$ArraySpliterator.tryAdvance(Unknown Source)
at java.util.stream.ReferencePipeline.forEachWithCancel(Unknown Source)
at java.util.stream.AbstractPipeline.copyIntoWithCancel(Unknown Source)
at java.util.stream.AbstractPipeline.copyInto(Unknown Source)
at java.util.stream.AbstractPipeline.wrapAndCopyInto(Unknown Source)
at java.util.stream.FindOps$FindOp.evaluateSequential(Unknown Source)
at java.util.stream.AbstractPipeline.evaluate(Unknown Source)
at java.util.stream.ReferencePipeline.findFirst(Unknown Source)
at org.openqa.selenium.remote.ProtocolHandshake.createSession(ProtocolHandshake.java:128)
at org.openqa.selenium.remote.ProtocolHandshake.createSession(ProtocolHandshake.java:74)
at org.openqa.selenium.remote.HttpCommandExecutor.execute(HttpCommandExecutor.java:136)
at org.openqa.selenium.remote.service.DriverCommandExecutor.execute(DriverCommandExecutor.java:83)
at org.openqa.selenium.remote.RemoteWebDriver.execute(RemoteWebDriver.java:552)
at org.openqa.selenium.remote.RemoteWebDriver.startSession(RemoteWebDriver.java:213)
at org.openqa.selenium.remote.RemoteWebDriver.<init>(RemoteWebDriver.java:131)
at org.openqa.selenium.chrome.ChromeDriver.<init>(ChromeDriver.java:181)
at org.openqa.selenium.chrome.ChromeDriver.<init>(ChromeDriver.java:168)
at org.openqa.selenium.chrome.ChromeDriver.<init>(ChromeDriver.java:123)
at facebookTests.BaseTest.invokeBrowser(BaseTest.java:16)
at sun.reflect.NativeMethodAccessorImpl.invoke0(Native Method)
at sun.reflect.NativeMethodAccessorImpl.invoke(Unknown Source)
at sun.reflect.DelegatingMethodAccessorImpl.invoke(Unknown Source)
at java.lang.reflect.Method.invoke(Unknown Source)
at org.testng.internal.MethodInvocationHelper.invokeMethod(MethodInvocationHelper.java:132)
at org.testng.internal.MethodInvocationHelper.invokeMethodConsideringTimeout(MethodInvocationHelper.java:61)
at org.testng.internal.ConfigInvoker.invokeConfigurationMethod(ConfigInvoker.java:366)
at org.testng.internal.ConfigInvoker.invokeConfigurations(ConfigInvoker.java:320)
at org.testng.internal.TestInvoker.runConfigMethods(TestInvoker.java:701)
at org.testng.internal.TestInvoker.invokeMethod(TestInvoker.java:527)
at org.testng.internal.TestInvoker.invokeTestMethod(TestInvoker.java:174)
at org.testng.internal.MethodRunner.runInSequence(MethodRunner.java:46)
at org.testng.internal.TestInvoker$MethodInvocationAgent.invoke(TestInvoker.java:822)
at org.testng.internal.TestInvoker.invokeTestMethods(TestInvoker.java:147)
at org.testng.internal.TestMethodWorker.invokeTestMethods(TestMethodWorker.java:146)
at org.testng.internal.TestMethodWorker.run(TestMethodWorker.java:128)
at java.util.ArrayList.forEach(Unknown Source)
at org.testng.TestRunner.privateRun(TestRunner.java:764)
at org.testng.TestRunner.run(TestRunner.java:585)
at org.testng.SuiteRunner.runTest(SuiteRunner.java:384)
at org.testng.SuiteRunner.runSequentially(SuiteRunner.java:378)
at org.testng.SuiteRunner.privateRun(SuiteRunner.java:337)
at org.testng.SuiteRunner.run(SuiteRunner.java:286)
at org.testng.SuiteRunnerWorker.runSuite(SuiteRunnerWorker.java:53)
at org.testng.SuiteRunnerWorker.run(SuiteRunnerWorker.java:96)
at org.testng.TestNG.runSuitesSequentially(TestNG.java:1218)
at org.testng.TestNG.runSuitesLocally(TestNG.java:1140)
at org.testng.TestNG.runSuites(TestNG.java:1069)
at org.testng.TestNG.run(TestNG.java:1037)
at org.apache.maven.surefire.testng.TestNGExecutor.run(TestNGExecutor.java:135)
at org.apache.maven.surefire.testng.TestNGDirectoryTestSuite.executeMulti(TestNGDirectoryTestSuite.java:193)
at org.apache.maven.surefire.testng.TestNGDirectoryTestSuite.execute(TestNGDirectoryTestSuite.java:94)
at org.apache.maven.surefire.testng.TestNGProvider.invoke(TestNGProvider.java:146)
at org.apache.maven.surefire.booter.ForkedBooter.invokeProviderInSameClassLoader(ForkedBooter.java:384)
at org.apache.maven.surefire.booter.ForkedBooter.runSuitesInProcess(ForkedBooter.java:345)
at org.apache.maven.surefire.booter.ForkedBooter.execute(ForkedBooter.java:126)
at org.apache.maven.surefire.booter.ForkedBooter.main(ForkedBooter.java:418)
]]>
            </full-stacktrace>
          </exception> <!-- org.openqa.selenium.SessionNotCreatedException -->
          <reporter-output>
          </reporter-output>
        </test-method> <!-- user_can_signup_With_MobileNum_successfully -->
        <test-method status="SKIP" signature="terminateBrowser()[pri:0, instance:facebookTests.signupTests@20322d26]" name="terminateBrowser" is-config="true" duration-ms="-1608643079633" started-at="2020-12-22T15:17:59 IST" finished-at="1970-01-01T02:00:00 IST">
          <reporter-output>
          </reporter-output>
        </test-method> <!-- terminateBrowser -->
        <test-method status="SKIP" signature="invokeBrowser()[pri:0, instance:facebookTests.signupTests@20322d26]" name="invokeBrowser" is-config="true" duration-ms="-1608643079637" started-at="2020-12-22T15:17:59 IST" finished-at="1970-01-01T02:00:00 IST">
          <reporter-output>
          </reporter-output>
        </test-method> <!-- invokeBrowser -->
        <test-method status="SKIP" signature="user_can_signup_With_MobileNum_successfully(java.lang.String, java.lang.String, java.lang.String, java.lang.String, java.lang.String, java.lang.String, java.lang.String, java.lang.String)[pri:0, instance:facebookTests.signupTests@20322d26]" name="user_can_signup_With_MobileNum_successfully" duration-ms="0" started-at="2020-12-22T15:17:59 IST" data-provider="successSignupWithEmailData" finished-at="2020-12-22T15:17:59 IST">
          <params>
            <param index="0">
              <value>
                <![CDATA[Testonetest]]>
              </value>
            </param>
            <param index="1">
              <value>
                <![CDATA[Onetesttest]]>
              </value>
            </param>
            <param index="2">
              <value>
                <![CDATA[aomar1988@gmail.com]]>
              </value>
            </param>
            <param index="3">
              <value>
                <![CDATA[aomar1988@gmail.com]]>
              </value>
            </param>
            <param index="4">
              <value>
                <![CDATA[test123123]]>
              </value>
            </param>
            <param index="5">
              <value>
                <![CDATA[13]]>
              </value>
            </param>
            <param index="6">
              <value>
                <![CDATA[Jan]]>
              </value>
            </param>
            <param index="7">
              <value>
                <![CDATA[1999]]>
              </value>
            </param>
          </params>
          <exception class="org.openqa.selenium.SessionNotCreatedException">
            <message>
              <![CDATA[session not created
from chrome not reachable
  (Session info: chrome=87.0.4280.88)
Build info: version: '3.141.59', revision: 'e82be7d358', time: '2018-11-14T08:17:03'
System info: host: 'ENG-OMAR', ip: '172.20.147.135', os.name: 'Windows 10', os.arch: 'amd64', os.version: '10.0', java.version: '1.8.0_161'
Driver info: driver.version: ChromeDriver
remote stacktrace: Backtrace:
Ordinal0 [0x0095C0C3+3326147]
Ordinal0 [0x00840851+2164817]
Ordinal0 [0x006C7140+618816]
Ordinal0 [0x006BD404+578564]
Ordinal0 [0x006BDACB+580299]
Ordinal0 [0x006BED35+585013]
Ordinal0 [0x006B9D61+564577]
Ordinal0 [0x006C82C0+623296]
Ordinal0 [0x00666BDD+224221]
Ordinal0 [0x00665CAC+220332]
Ordinal0 [0x0066189B+202907]
Ordinal0 [0x00643DF4+81396]
Ordinal0 [0x00644DEE+85486]
Ordinal0 [0x00644D79+85369]
Ordinal0 [0x008585DC+2262492]
GetHandleVerifier [0x00AE2874+1487204]
GetHandleVerifier [0x00AE23CD+1486013]
GetHandleVerifier [0x00AEA368+1518680]
GetHandleVerifier [0x00AE2F4E+1488958]
Ordinal0 [0x0084ED0D+2223373]
Ordinal0 [0x0085A12B+2269483]
Ordinal0 [0x0085A26F+2269807]
Ordinal0 [0x0086ECB8+2354360]
BaseThreadInitThunk [0x779CFA29+25]
RtlGetAppContainerNamedObjectPath [0x77CE75F4+228]
RtlGetAppContainerNamedObjectPath [0x77CE75C4+180]
]]>
            </message>
            <full-stacktrace>
              <![CDATA[org.openqa.selenium.SessionNotCreatedException: session not created
from chrome not reachable
  (Session info: chrome=87.0.4280.88)
Build info: version: '3.141.59', revision: 'e82be7d358', time: '2018-11-14T08:17:03'
System info: host: 'ENG-OMAR', ip: '172.20.147.135', os.name: 'Windows 10', os.arch: 'amd64', os.version: '10.0', java.version: '1.8.0_161'
Driver info: driver.version: ChromeDriver
remote stacktrace: Backtrace:
Ordinal0 [0x0095C0C3+3326147]
Ordinal0 [0x00840851+2164817]
Ordinal0 [0x006C7140+618816]
Ordinal0 [0x006BD404+578564]
Ordinal0 [0x006BDACB+580299]
Ordinal0 [0x006BED35+585013]
Ordinal0 [0x006B9D61+564577]
Ordinal0 [0x006C82C0+623296]
Ordinal0 [0x00666BDD+224221]
Ordinal0 [0x00665CAC+220332]
Ordinal0 [0x0066189B+202907]
Ordinal0 [0x00643DF4+81396]
Ordinal0 [0x00644DEE+85486]
Ordinal0 [0x00644D79+85369]
Ordinal0 [0x008585DC+2262492]
GetHandleVerifier [0x00AE2874+1487204]
GetHandleVerifier [0x00AE23CD+1486013]
GetHandleVerifier [0x00AEA368+1518680]
GetHandleVerifier [0x00AE2F4E+1488958]
Ordinal0 [0x0084ED0D+2223373]
Ordinal0 [0x0085A12B+2269483]
Ordinal0 [0x0085A26F+2269807]
Ordinal0 [0x0086ECB8+2354360]
BaseThreadInitThunk [0x779CFA29+25]
RtlGetAppContainerNamedObjectPath [0x77CE75F4+228]
RtlGetAppContainerNamedObjectPath [0x77CE75C4+180]

at sun.reflect.NativeConstructorAccessorImpl.newInstance0(Native Method)
at sun.reflect.NativeConstructorAccessorImpl.newInstance(Unknown Source)
at sun.reflect.DelegatingConstructorAccessorImpl.newInstance(Unknown Source)
at java.lang.reflect.Constructor.newInstance(Unknown Source)
at org.openqa.selenium.remote.W3CHandshakeResponse.lambda$errorHandler$0(W3CHandshakeResponse.java:62)
at org.openqa.selenium.remote.HandshakeResponse.lambda$getResponseFunction$0(HandshakeResponse.java:30)
at org.openqa.selenium.remote.ProtocolHandshake.lambda$createSession$0(ProtocolHandshake.java:126)
at java.util.stream.ReferencePipeline$3$1.accept(Unknown Source)
at java.util.Spliterators$ArraySpliterator.tryAdvance(Unknown Source)
at java.util.stream.ReferencePipeline.forEachWithCancel(Unknown Source)
at java.util.stream.AbstractPipeline.copyIntoWithCancel(Unknown Source)
at java.util.stream.AbstractPipeline.copyInto(Unknown Source)
at java.util.stream.AbstractPipeline.wrapAndCopyInto(Unknown Source)
at java.util.stream.FindOps$FindOp.evaluateSequential(Unknown Source)
at java.util.stream.AbstractPipeline.evaluate(Unknown Source)
at java.util.stream.ReferencePipeline.findFirst(Unknown Source)
at org.openqa.selenium.remote.ProtocolHandshake.createSession(ProtocolHandshake.java:128)
at org.openqa.selenium.remote.ProtocolHandshake.createSession(ProtocolHandshake.java:74)
at org.openqa.selenium.remote.HttpCommandExecutor.execute(HttpCommandExecutor.java:136)
at org.openqa.selenium.remote.service.DriverCommandExecutor.execute(DriverCommandExecutor.java:83)
at org.openqa.selenium.remote.RemoteWebDriver.execute(RemoteWebDriver.java:552)
at org.openqa.selenium.remote.RemoteWebDriver.startSession(RemoteWebDriver.java:213)
at org.openqa.selenium.remote.RemoteWebDriver.<init>(RemoteWebDriver.java:131)
at org.openqa.selenium.chrome.ChromeDriver.<init>(ChromeDriver.java:181)
at org.openqa.selenium.chrome.ChromeDriver.<init>(ChromeDriver.java:168)
at org.openqa.selenium.chrome.ChromeDriver.<init>(ChromeDriver.java:123)
at facebookTests.BaseTest.invokeBrowser(BaseTest.java:16)
at sun.reflect.NativeMethodAccessorImpl.invoke0(Native Method)
at sun.reflect.NativeMethodAccessorImpl.invoke(Unknown Source)
at sun.reflect.DelegatingMethodAccessorImpl.invoke(Unknown Source)
at java.lang.reflect.Method.invoke(Unknown Source)
at org.testng.internal.MethodInvocationHelper.invokeMethod(MethodInvocationHelper.java:132)
at org.testng.internal.MethodInvocationHelper.invokeMethodConsideringTimeout(MethodInvocationHelper.java:61)
at org.testng.internal.ConfigInvoker.invokeConfigurationMethod(ConfigInvoker.java:366)
at org.testng.internal.ConfigInvoker.invokeConfigurations(ConfigInvoker.java:320)
at org.testng.internal.TestInvoker.runConfigMethods(TestInvoker.java:701)
at org.testng.internal.TestInvoker.invokeMethod(TestInvoker.java:527)
at org.testng.internal.TestInvoker.invokeTestMethod(TestInvoker.java:174)
at org.testng.internal.MethodRunner.runInSequence(MethodRunner.java:46)
at org.testng.internal.TestInvoker$MethodInvocationAgent.invoke(TestInvoker.java:822)
at org.testng.internal.TestInvoker.invokeTestMethods(TestInvoker.java:147)
at org.testng.internal.TestMethodWorker.invokeTestMethods(TestMethodWorker.java:146)
at org.testng.internal.TestMethodWorker.run(TestMethodWorker.java:128)
at java.util.ArrayList.forEach(Unknown Source)
at org.testng.TestRunner.privateRun(TestRunner.java:764)
at org.testng.TestRunner.run(TestRunner.java:585)
at org.testng.SuiteRunner.runTest(SuiteRunner.java:384)
at org.testng.SuiteRunner.runSequentially(SuiteRunner.java:378)
at org.testng.SuiteRunner.privateRun(SuiteRunner.java:337)
at org.testng.SuiteRunner.run(SuiteRunner.java:286)
at org.testng.SuiteRunnerWorker.runSuite(SuiteRunnerWorker.java:53)
at org.testng.SuiteRunnerWorker.run(SuiteRunnerWorker.java:96)
at org.testng.TestNG.runSuitesSequentially(TestNG.java:1218)
at org.testng.TestNG.runSuitesLocally(TestNG.java:1140)
at org.testng.TestNG.runSuites(TestNG.java:1069)
at org.testng.TestNG.run(TestNG.java:1037)
at org.apache.maven.surefire.testng.TestNGExecutor.run(TestNGExecutor.java:135)
at org.apache.maven.surefire.testng.TestNGDirectoryTestSuite.executeMulti(TestNGDirectoryTestSuite.java:193)
at org.apache.maven.surefire.testng.TestNGDirectoryTestSuite.execute(TestNGDirectoryTestSuite.java:94)
at org.apache.maven.surefire.testng.TestNGProvider.invoke(TestNGProvider.java:146)
at org.apache.maven.surefire.booter.ForkedBooter.invokeProviderInSameClassLoader(ForkedBooter.java:384)
at org.apache.maven.surefire.booter.ForkedBooter.runSuitesInProcess(ForkedBooter.java:345)
at org.apache.maven.surefire.booter.ForkedBooter.execute(ForkedBooter.java:126)
at org.apache.maven.surefire.booter.ForkedBooter.main(ForkedBooter.java:418)
]]>
            </full-stacktrace>
          </exception> <!-- org.openqa.selenium.SessionNotCreatedException -->
          <reporter-output>
          </reporter-output>
        </test-method> <!-- user_can_signup_With_MobileNum_successfully -->
        <test-method status="SKIP" signature="terminateBrowser()[pri:0, instance:facebookTests.signupTests@20322d26]" name="terminateBrowser" is-config="true" duration-ms="-1608643079644" started-at="2020-12-22T15:17:59 IST" finished-at="1970-01-01T02:00:00 IST">
          <reporter-output>
          </reporter-output>
        </test-method> <!-- terminateBrowser -->
      </class> <!-- facebookTests.signupTests -->
    </test> <!-- Surefire test -->
  </suite> <!-- Surefire suite -->
</testng-results>
