<?xml version="1.0" encoding="UTF-8"?>
<!-- Generated by org.testng.reporters.JUnitXMLReporter -->
<testsuite hostname="ENG-Omar" ignored="0" name="Surefire test" tests="4" failures="0" timestamp="2020-12-22T15:17:59 IST" time="12.321" errors="0">
  <testcase name="@BeforeMethod invokeBrowser" time="4.831" classname="facebookTests.BaseTest">
    <failure type="org.openqa.selenium.SessionNotCreatedException" message="session not created
from disconnected: received Inspector.detached event
  (Session info: chrome=87.0.4280.88)
Build info: version: &amp;apos;3.141.59&amp;apos;, revision: &amp;apos;e82be7d358&amp;apos;, time: &amp;apos;2018-11-14T08:17:03&amp;apos;
System info: host: &amp;apos;ENG-OMAR&amp;apos;, ip: &amp;apos;172.20.147.135&amp;apos;, os.name: &amp;apos;Windows 10&amp;apos;, os.arch: &amp;apos;amd64&amp;apos;, os.version: &amp;apos;10.0&amp;apos;, java.version: &amp;apos;1.8.0_161&amp;apos;
Driver info: driver.version: ChromeDriver
remote stacktrace: Backtrace:
	Ordinal0 [0x0095C0C3+3326147]
	Ordinal0 [0x00840851+2164817]
	Ordinal0 [0x006C7298+619160]
	Ordinal0 [0x006BBD04+572676]
	Ordinal0 [0x006BBA18+571928]
	Ordinal0 [0x006BB0C1+569537]
	Ordinal0 [0x006BA421+566305]
	Ordinal0 [0x006BA815+567317]
	Ordinal0 [0x006BA135+565557]
	Ordinal0 [0x006C38B1+604337]
	Ordinal0 [0x006BA0F1+565489]
	Ordinal0 [0x006BAEA2+568994]
	Ordinal0 [0x006BA421+566305]
	Ordinal0 [0x006BA815+567317]
	Ordinal0 [0x006BA135+565557]
	Ordinal0 [0x006C1D2C+597292]
	Ordinal0 [0x006BA0F1+565489]
	Ordinal0 [0x006BAEA2+568994]
	Ordinal0 [0x006BA421+566305]
	Ordinal0 [0x006BA815+567317]
	Ordinal0 [0x006BA135+565557]
	Ordinal0 [0x006BFE62+589410]
	Ordinal0 [0x006BA0F1+565489]
	Ordinal0 [0x006BAEA2+568994]
	Ordinal0 [0x006BA421+566305]
	Ordinal0 [0x006BA815+567317]
	Ordinal0 [0x006BA135+565557]
	Ordinal0 [0x006BF075+585845]
	Ordinal0 [0x006BA0F1+565489]
	Ordinal0 [0x006BAEA2+568994]
	Ordinal0 [0x006BA421+566305]
	Ordinal0 [0x006BA815+567317]
	Ordinal0 [0x006BA135+565557]
	Ordinal0 [0x006B6776+550774]
	Ordinal0 [0x006BA0F1+565489]
	Ordinal0 [0x006B9F13+565011]
	Ordinal0 [0x006B9D07+564487]
	Ordinal0 [0x006C82C0+623296]
	Ordinal0 [0x00666BDD+224221]
	Ordinal0 [0x00665CAC+220332]
	Ordinal0 [0x0066189B+202907]
	Ordinal0 [0x00643DF4+81396]
	Ordinal0 [0x00644DEE+85486]
	Ordinal0 [0x00644D79+85369]
	Ordinal0 [0x008585DC+2262492]
	GetHandleVerifier [0x00AE2874+1487204]
	GetHandleVerifier [0x00AE23CD+1486013]
	GetHandleVerifier [0x00AEA368+1518680]
	GetHandleVerifier [0x00AE2F4E+1488958]
	Ordinal0 [0x0084ED0D+2223373]
	Ordinal0 [0x0085A12B+2269483]
	Ordinal0 [0x0085A26F+2269807]
	Ordinal0 [0x0086ECB8+2354360]
	BaseThreadInitThunk [0x779CFA29+25]
	RtlGetAppContainerNamedObjectPath [0x77CE75F4+228]
	RtlGetAppContainerNamedObjectPath [0x77CE75C4+180]
">
      <![CDATA[org.openqa.selenium.SessionNotCreatedException: session not created
from disconnected: received Inspector.detached event
  (Session info: chrome=87.0.4280.88)
Build info: version: '3.141.59', revision: 'e82be7d358', time: '2018-11-14T08:17:03'
System info: host: 'ENG-OMAR', ip: '172.20.147.135', os.name: 'Windows 10', os.arch: 'amd64', os.version: '10.0', java.version: '1.8.0_161'
Driver info: driver.version: ChromeDriver
remote stacktrace: Backtrace:
Ordinal0 [0x0095C0C3+3326147]
Ordinal0 [0x00840851+2164817]
Ordinal0 [0x006C7298+619160]
Ordinal0 [0x006BBD04+572676]
Ordinal0 [0x006BBA18+571928]
Ordinal0 [0x006BB0C1+569537]
Ordinal0 [0x006BA421+566305]
Ordinal0 [0x006BA815+567317]
Ordinal0 [0x006BA135+565557]
Ordinal0 [0x006C38B1+604337]
Ordinal0 [0x006BA0F1+565489]
Ordinal0 [0x006BAEA2+568994]
Ordinal0 [0x006BA421+566305]
Ordinal0 [0x006BA815+567317]
Ordinal0 [0x006BA135+565557]
Ordinal0 [0x006C1D2C+597292]
Ordinal0 [0x006BA0F1+565489]
Ordinal0 [0x006BAEA2+568994]
Ordinal0 [0x006BA421+566305]
Ordinal0 [0x006BA815+567317]
Ordinal0 [0x006BA135+565557]
Ordinal0 [0x006BFE62+589410]
Ordinal0 [0x006BA0F1+565489]
Ordinal0 [0x006BAEA2+568994]
Ordinal0 [0x006BA421+566305]
Ordinal0 [0x006BA815+567317]
Ordinal0 [0x006BA135+565557]
Ordinal0 [0x006BF075+585845]
Ordinal0 [0x006BA0F1+565489]
Ordinal0 [0x006BAEA2+568994]
Ordinal0 [0x006BA421+566305]
Ordinal0 [0x006BA815+567317]
Ordinal0 [0x006BA135+565557]
Ordinal0 [0x006B6776+550774]
Ordinal0 [0x006BA0F1+565489]
Ordinal0 [0x006B9F13+565011]
Ordinal0 [0x006B9D07+564487]
Ordinal0 [0x006C82C0+623296]
Ordinal0 [0x00666BDD+224221]
Ordinal0 [0x00665CAC+220332]
Ordinal0 [0x0066189B+202907]
Ordinal0 [0x00643DF4+81396]
Ordinal0 [0x00644DEE+85486]
Ordinal0 [0x00644D79+85369]
Ordinal0 [0x008585DC+2262492]
GetHandleVerifier [0x00AE2874+1487204]
GetHandleVerifier [0x00AE23CD+1486013]
GetHandleVerifier [0x00AEA368+1518680]
GetHandleVerifier [0x00AE2F4E+1488958]
Ordinal0 [0x0084ED0D+2223373]
Ordinal0 [0x0085A12B+2269483]
Ordinal0 [0x0085A26F+2269807]
Ordinal0 [0x0086ECB8+2354360]
BaseThreadInitThunk [0x779CFA29+25]
RtlGetAppContainerNamedObjectPath [0x77CE75F4+228]
RtlGetAppContainerNamedObjectPath [0x77CE75C4+180]

at org.openqa.selenium.remote.W3CHandshakeResponse.lambda$errorHandler$0(W3CHandshakeResponse.java:62)
at org.openqa.selenium.remote.HandshakeResponse.lambda$getResponseFunction$0(HandshakeResponse.java:30)
at org.openqa.selenium.remote.ProtocolHandshake.lambda$createSession$0(ProtocolHandshake.java:126)
at java.util.stream.ReferencePipeline$3$1.accept(Unknown Source)
at java.util.Spliterators$ArraySpliterator.tryAdvance(Unknown Source)
at java.util.stream.ReferencePipeline.forEachWithCancel(Unknown Source)
at java.util.stream.AbstractPipeline.copyIntoWithCancel(Unknown Source)
at java.util.stream.AbstractPipeline.copyInto(Unknown Source)
at java.util.stream.AbstractPipeline.wrapAndCopyInto(Unknown Source)
at java.util.stream.FindOps$FindOp.evaluateSequential(Unknown Source)
at java.util.stream.AbstractPipeline.evaluate(Unknown Source)
at java.util.stream.ReferencePipeline.findFirst(Unknown Source)
at org.openqa.selenium.remote.ProtocolHandshake.createSession(ProtocolHandshake.java:128)
at org.openqa.selenium.remote.ProtocolHandshake.createSession(ProtocolHandshake.java:74)
at org.openqa.selenium.remote.HttpCommandExecutor.execute(HttpCommandExecutor.java:136)
at org.openqa.selenium.remote.service.DriverCommandExecutor.execute(DriverCommandExecutor.java:83)
at org.openqa.selenium.remote.RemoteWebDriver.execute(RemoteWebDriver.java:552)
at org.openqa.selenium.remote.RemoteWebDriver.startSession(RemoteWebDriver.java:213)
at org.openqa.selenium.remote.RemoteWebDriver.<init>(RemoteWebDriver.java:131)
at org.openqa.selenium.chrome.ChromeDriver.<init>(ChromeDriver.java:181)
at org.openqa.selenium.chrome.ChromeDriver.<init>(ChromeDriver.java:168)
at org.openqa.selenium.chrome.ChromeDriver.<init>(ChromeDriver.java:123)
at facebookTests.BaseTest.invokeBrowser(BaseTest.java:16)
at java.util.ArrayList.forEach(Unknown Source)
... Removed 40 stack frames]]>
    </failure>
  </testcase> <!-- @BeforeMethod invokeBrowser -->
  <testcase name="@AfterMethod terminateBrowser" time="-1.608643072248E9" classname="facebookTests.BaseTest">
    <skipped/>
  </testcase> <!-- @AfterMethod terminateBrowser -->
  <testcase name="@BeforeMethod invokeBrowser" time="-1.608643072249E9" classname="facebookTests.BaseTest">
    <skipped/>
  </testcase> <!-- @BeforeMethod invokeBrowser -->
  <testcase name="@AfterMethod terminateBrowser" time="-1.608643072252E9" classname="facebookTests.BaseTest">
    <skipped/>
  </testcase> <!-- @AfterMethod terminateBrowser -->
  <testcase name="@BeforeMethod invokeBrowser" time="7.366" classname="facebookTests.BaseTest">
    <failure type="org.openqa.selenium.SessionNotCreatedException" message="session not created
from chrome not reachable
  (Session info: chrome=87.0.4280.88)
Build info: version: &amp;apos;3.141.59&amp;apos;, revision: &amp;apos;e82be7d358&amp;apos;, time: &amp;apos;2018-11-14T08:17:03&amp;apos;
System info: host: &amp;apos;ENG-OMAR&amp;apos;, ip: &amp;apos;172.20.147.135&amp;apos;, os.name: &amp;apos;Windows 10&amp;apos;, os.arch: &amp;apos;amd64&amp;apos;, os.version: &amp;apos;10.0&amp;apos;, java.version: &amp;apos;1.8.0_161&amp;apos;
Driver info: driver.version: ChromeDriver
remote stacktrace: Backtrace:
	Ordinal0 [0x0095C0C3+3326147]
	Ordinal0 [0x00840851+2164817]
	Ordinal0 [0x006C7140+618816]
	Ordinal0 [0x006BD404+578564]
	Ordinal0 [0x006BDACB+580299]
	Ordinal0 [0x006BED35+585013]
	Ordinal0 [0x006B9D61+564577]
	Ordinal0 [0x006C82C0+623296]
	Ordinal0 [0x00666BDD+224221]
	Ordinal0 [0x00665CAC+220332]
	Ordinal0 [0x0066189B+202907]
	Ordinal0 [0x00643DF4+81396]
	Ordinal0 [0x00644DEE+85486]
	Ordinal0 [0x00644D79+85369]
	Ordinal0 [0x008585DC+2262492]
	GetHandleVerifier [0x00AE2874+1487204]
	GetHandleVerifier [0x00AE23CD+1486013]
	GetHandleVerifier [0x00AEA368+1518680]
	GetHandleVerifier [0x00AE2F4E+1488958]
	Ordinal0 [0x0084ED0D+2223373]
	Ordinal0 [0x0085A12B+2269483]
	Ordinal0 [0x0085A26F+2269807]
	Ordinal0 [0x0086ECB8+2354360]
	BaseThreadInitThunk [0x779CFA29+25]
	RtlGetAppContainerNamedObjectPath [0x77CE75F4+228]
	RtlGetAppContainerNamedObjectPath [0x77CE75C4+180]
">
      <![CDATA[org.openqa.selenium.SessionNotCreatedException: session not created
from chrome not reachable
  (Session info: chrome=87.0.4280.88)
Build info: version: '3.141.59', revision: 'e82be7d358', time: '2018-11-14T08:17:03'
System info: host: 'ENG-OMAR', ip: '172.20.147.135', os.name: 'Windows 10', os.arch: 'amd64', os.version: '10.0', java.version: '1.8.0_161'
Driver info: driver.version: ChromeDriver
remote stacktrace: Backtrace:
Ordinal0 [0x0095C0C3+3326147]
Ordinal0 [0x00840851+2164817]
Ordinal0 [0x006C7140+618816]
Ordinal0 [0x006BD404+578564]
Ordinal0 [0x006BDACB+580299]
Ordinal0 [0x006BED35+585013]
Ordinal0 [0x006B9D61+564577]
Ordinal0 [0x006C82C0+623296]
Ordinal0 [0x00666BDD+224221]
Ordinal0 [0x00665CAC+220332]
Ordinal0 [0x0066189B+202907]
Ordinal0 [0x00643DF4+81396]
Ordinal0 [0x00644DEE+85486]
Ordinal0 [0x00644D79+85369]
Ordinal0 [0x008585DC+2262492]
GetHandleVerifier [0x00AE2874+1487204]
GetHandleVerifier [0x00AE23CD+1486013]
GetHandleVerifier [0x00AEA368+1518680]
GetHandleVerifier [0x00AE2F4E+1488958]
Ordinal0 [0x0084ED0D+2223373]
Ordinal0 [0x0085A12B+2269483]
Ordinal0 [0x0085A26F+2269807]
Ordinal0 [0x0086ECB8+2354360]
BaseThreadInitThunk [0x779CFA29+25]
RtlGetAppContainerNamedObjectPath [0x77CE75F4+228]
RtlGetAppContainerNamedObjectPath [0x77CE75C4+180]

at org.openqa.selenium.remote.W3CHandshakeResponse.lambda$errorHandler$0(W3CHandshakeResponse.java:62)
at org.openqa.selenium.remote.HandshakeResponse.lambda$getResponseFunction$0(HandshakeResponse.java:30)
at org.openqa.selenium.remote.ProtocolHandshake.lambda$createSession$0(ProtocolHandshake.java:126)
at java.util.stream.ReferencePipeline$3$1.accept(Unknown Source)
at java.util.Spliterators$ArraySpliterator.tryAdvance(Unknown Source)
at java.util.stream.ReferencePipeline.forEachWithCancel(Unknown Source)
at java.util.stream.AbstractPipeline.copyIntoWithCancel(Unknown Source)
at java.util.stream.AbstractPipeline.copyInto(Unknown Source)
at java.util.stream.AbstractPipeline.wrapAndCopyInto(Unknown Source)
at java.util.stream.FindOps$FindOp.evaluateSequential(Unknown Source)
at java.util.stream.AbstractPipeline.evaluate(Unknown Source)
at java.util.stream.ReferencePipeline.findFirst(Unknown Source)
at org.openqa.selenium.remote.ProtocolHandshake.createSession(ProtocolHandshake.java:128)
at org.openqa.selenium.remote.ProtocolHandshake.createSession(ProtocolHandshake.java:74)
at org.openqa.selenium.remote.HttpCommandExecutor.execute(HttpCommandExecutor.java:136)
at org.openqa.selenium.remote.service.DriverCommandExecutor.execute(DriverCommandExecutor.java:83)
at org.openqa.selenium.remote.RemoteWebDriver.execute(RemoteWebDriver.java:552)
at org.openqa.selenium.remote.RemoteWebDriver.startSession(RemoteWebDriver.java:213)
at org.openqa.selenium.remote.RemoteWebDriver.<init>(RemoteWebDriver.java:131)
at org.openqa.selenium.chrome.ChromeDriver.<init>(ChromeDriver.java:181)
at org.openqa.selenium.chrome.ChromeDriver.<init>(ChromeDriver.java:168)
at org.openqa.selenium.chrome.ChromeDriver.<init>(ChromeDriver.java:123)
at facebookTests.BaseTest.invokeBrowser(BaseTest.java:16)
at java.util.ArrayList.forEach(Unknown Source)
... Removed 40 stack frames]]>
    </failure>
  </testcase> <!-- @BeforeMethod invokeBrowser -->
  <testcase name="@AfterMethod terminateBrowser" time="-1.608643079633E9" classname="facebookTests.BaseTest">
    <skipped/>
  </testcase> <!-- @AfterMethod terminateBrowser -->
  <testcase name="@BeforeMethod invokeBrowser" time="-1.608643079637E9" classname="facebookTests.BaseTest">
    <skipped/>
  </testcase> <!-- @BeforeMethod invokeBrowser -->
  <testcase name="@AfterMethod terminateBrowser" time="-1.608643079644E9" classname="facebookTests.BaseTest">
    <skipped/>
  </testcase> <!-- @AfterMethod terminateBrowser -->
  <testcase name="user_cant_login_with_invalid_password" time="0.0" classname="facebookTests.signinTests">
    <skipped/>
  </testcase> <!-- user_cant_login_with_invalid_password -->
  <testcase name="user_cant_login_with_invalid_password" time="0.0" classname="facebookTests.signinTests">
    <skipped/>
  </testcase> <!-- user_cant_login_with_invalid_password -->
  <testcase name="user_can_signup_With_MobileNum_successfully" time="0.0" classname="facebookTests.signupTests">
    <skipped/>
  </testcase> <!-- user_can_signup_With_MobileNum_successfully -->
  <testcase name="user_can_signup_With_MobileNum_successfully" time="0.0" classname="facebookTests.signupTests">
    <skipped/>
  </testcase> <!-- user_can_signup_With_MobileNum_successfully -->
</testsuite> <!-- Surefire test -->
