<html>
<head>
<title>TestNG:  Surefire test</title>
<link href="../testng.css" rel="stylesheet" type="text/css" />
<link href="../my-testng.css" rel="stylesheet" type="text/css" />

<style type="text/css">
.log { display: none;} 
.stack-trace { display: none;} 
</style>
<script type="text/javascript">
<!--
function flip(e) {
  current = e.style.display;
  if (current == 'block') {
    e.style.display = 'none';
    return 0;
  }
  else {
    e.style.display = 'block';
    return 1;
  }
}

function toggleBox(szDivId, elem, msg1, msg2)
{
  var res = -1;  if (document.getElementById) {
    res = flip(document.getElementById(szDivId));
  }
  else if (document.all) {
    // this is the way old msie versions work
    res = flip(document.all[szDivId]);
  }
  if(elem) {
    if(res == 0) elem.innerHTML = msg1; else elem.innerHTML = msg2;
  }

}

function toggleAllBoxes() {
  if (document.getElementsByTagName) {
    d = document.getElementsByTagName('div');
    for (i = 0; i < d.length; i++) {
      if (d[i].className == 'log') {
        flip(d[i]);
      }
    }
  }
}

// -->
</script>

</head>
<body>
<h2 align='center'>Surefire test</h2><table border='1' align="center">
<tr>
<td>Tests passed/Failed/Skipped:</td><td>0/0/4</td>
</tr><tr>
<td>Started on:</td><td>Tue Dec 22 15:17:47 IST 2020</td>
</tr>
<tr><td>Total time:</td><td>12 seconds (12321 ms)</td>
</tr><tr>
<td>Included groups:</td><td></td>
</tr><tr>
<td>Excluded groups:</td><td></td>
</tr>
</table><p/>
<small><i>(Hover the method name to see the test class name)</i></small><p/>
<table width='100%' border='1' class='invocation-failed'>
<tr><td colspan='4' align='center'><b>FAILED CONFIGURATIONS</b></td></tr>
<tr><td><b>Test method</b></td>
<td width="30%"><b>Exception</b></td>
<td width="10%"><b>Time (seconds)</b></td>
<td><b>Instance</b></td>
</tr>
<tr>
<td title='facebookTests.signinTests.invokeBrowser()'><b>invokeBrowser</b><br>Test class: facebookTests.signinTests</td>
<td><div><pre>org.openqa.selenium.SessionNotCreatedException: session not created
from disconnected: received Inspector.detached event
  (Session info: chrome=87.0.4280.88)
Build info: version: &apos;3.141.59&apos;, revision: &apos;e82be7d358&apos;, time: &apos;2018-11-14T08:17:03&apos;
System info: host: &apos;ENG-OMAR&apos;, ip: &apos;172.20.147.135&apos;, os.name: &apos;Windows 10&apos;, os.arch: &apos;amd64&apos;, os.version: &apos;10.0&apos;, java.version: &apos;1.8.0_161&apos;
Driver info: driver.version: ChromeDriver
remote stacktrace: Backtrace:
	Ordinal0 [0x0095C0C3+3326147]
	Ordinal0 [0x00840851+2164817]
	Ordinal0 [0x006C7298+619160]
	Ordinal0 [0x006BBD04+572676]
	Ordinal0 [0x006BBA18+571928]
	Ordinal0 [0x006BB0C1+569537]
	Ordinal0 [0x006BA421+566305]
	Ordinal0 [0x006BA815+567317]
	Ordinal0 [0x006BA135+565557]
	Ordinal0 [0x006C38B1+604337]
	Ordinal0 [0x006BA0F1+565489]
	Ordinal0 [0x006BAEA2+568994]
	Ordinal0 [0x006BA421+566305]
	Ordinal0 [0x006BA815+567317]
	Ordinal0 [0x006BA135+565557]
	Ordinal0 [0x006C1D2C+597292]
	Ordinal0 [0x006BA0F1+565489]
	Ordinal0 [0x006BAEA2+568994]
	Ordinal0 [0x006BA421+566305]
	Ordinal0 [0x006BA815+567317]
	Ordinal0 [0x006BA135+565557]
	Ordinal0 [0x006BFE62+589410]
	Ordinal0 [0x006BA0F1+565489]
	Ordinal0 [0x006BAEA2+568994]
	Ordinal0 [0x006BA421+566305]
	Ordinal0 [0x006BA815+567317]
	Ordinal0 [0x006BA135+565557]
	Ordinal0 [0x006BF075+585845]
	Ordinal0 [0x006BA0F1+565489]
	Ordinal0 [0x006BAEA2+568994]
	Ordinal0 [0x006BA421+566305]
	Ordinal0 [0x006BA815+567317]
	Ordinal0 [0x006BA135+565557]
	Ordinal0 [0x006B6776+550774]
	Ordinal0 [0x006BA0F1+565489]
	Ordinal0 [0x006B9F13+565011]
	Ordinal0 [0x006B9D07+564487]
	Ordinal0 [0x006C82C0+623296]
	Ordinal0 [0x00666BDD+224221]
	Ordinal0 [0x00665CAC+220332]
	Ordinal0 [0x0066189B+202907]
	Ordinal0 [0x00643DF4+81396]
	Ordinal0 [0x00644DEE+85486]
	Ordinal0 [0x00644D79+85369]
	Ordinal0 [0x008585DC+2262492]
	GetHandleVerifier [0x00AE2874+1487204]
	GetHandleVerifier [0x00AE23CD+1486013]
	GetHandleVerifier [0x00AEA368+1518680]
	GetHandleVerifier [0x00AE2F4E+1488958]
	Ordinal0 [0x0084ED0D+2223373]
	Ordinal0 [0x0085A12B+2269483]
	Ordinal0 [0x0085A26F+2269807]
	Ordinal0 [0x0086ECB8+2354360]
	BaseThreadInitThunk [0x779CFA29+25]
	RtlGetAppContainerNamedObjectPath [0x77CE75F4+228]
	RtlGetAppContainerNamedObjectPath [0x77CE75C4+180]

	at org.openqa.selenium.remote.W3CHandshakeResponse.lambda$errorHandler$0(W3CHandshakeResponse.java:62)
	at org.openqa.selenium.remote.HandshakeResponse.lambda$getResponseFunction$0(HandshakeResponse.java:30)
	at org.openqa.selenium.remote.ProtocolHandshake.lambda$createSession$0(ProtocolHandshake.java:126)
	at java.util.stream.ReferencePipeline$3$1.accept(Unknown Source)
	at java.util.Spliterators$ArraySpliterator.tryAdvance(Unknown Source)
	at java.util.stream.ReferencePipeline.forEachWithCancel(Unknown Source)
	at java.util.stream.AbstractPipeline.copyIntoWithCancel(Unknown Source)
	at java.util.stream.AbstractPipeline.copyInto(Unknown Source)
	at java.util.stream.AbstractPipeline.wrapAndCopyInto(Unknown Source)
	at java.util.stream.FindOps$FindOp.evaluateSequential(Unknown Source)
	at java.util.stream.AbstractPipeline.evaluate(Unknown Source)
	at java.util.stream.ReferencePipeline.findFirst(Unknown Source)
	at org.openqa.selenium.remote.ProtocolHandshake.createSession(ProtocolHandshake.java:128)
	at org.openqa.selenium.remote.ProtocolHandshake.createSession(ProtocolHandshake.java:74)
	at org.openqa.selenium.remote.HttpCommandExecutor.execute(HttpCommandExecutor.java:136)
	at org.openqa.selenium.remote.service.DriverCommandExecutor.execute(DriverCommandExecutor.java:83)
	at org.openqa.selenium.remote.RemoteWebDriver.execute(RemoteWebDriver.java:552)
	at org.openqa.selenium.remote.RemoteWebDriver.startSession(RemoteWebDriver.java:213)
	at org.openqa.selenium.remote.RemoteWebDriver.&lt;init&gt;(RemoteWebDriver.java:131)
	at org.openqa.selenium.chrome.ChromeDriver.&lt;init&gt;(ChromeDriver.java:181)
	at org.openqa.selenium.chrome.ChromeDriver.&lt;init&gt;(ChromeDriver.java:168)
	at org.openqa.selenium.chrome.ChromeDriver.&lt;init&gt;(ChromeDriver.java:123)
	at facebookTests.BaseTest.invokeBrowser(BaseTest.java:16)
	at java.util.ArrayList.forEach(Unknown Source)
... Removed 40 stack frames</pre></div><a href='#' onClick='toggleBox("stack-trace1422238463", this, "Click to show all stack frames", "Click to hide stack frames")'>Click to show all stack frames</a>
<div class='stack-trace' id='stack-trace1422238463'><pre>org.openqa.selenium.SessionNotCreatedException: session not created
from disconnected: received Inspector.detached event
  (Session info: chrome=87.0.4280.88)
Build info: version: &apos;3.141.59&apos;, revision: &apos;e82be7d358&apos;, time: &apos;2018-11-14T08:17:03&apos;
System info: host: &apos;ENG-OMAR&apos;, ip: &apos;172.20.147.135&apos;, os.name: &apos;Windows 10&apos;, os.arch: &apos;amd64&apos;, os.version: &apos;10.0&apos;, java.version: &apos;1.8.0_161&apos;
Driver info: driver.version: ChromeDriver
remote stacktrace: Backtrace:
	Ordinal0 [0x0095C0C3+3326147]
	Ordinal0 [0x00840851+2164817]
	Ordinal0 [0x006C7298+619160]
	Ordinal0 [0x006BBD04+572676]
	Ordinal0 [0x006BBA18+571928]
	Ordinal0 [0x006BB0C1+569537]
	Ordinal0 [0x006BA421+566305]
	Ordinal0 [0x006BA815+567317]
	Ordinal0 [0x006BA135+565557]
	Ordinal0 [0x006C38B1+604337]
	Ordinal0 [0x006BA0F1+565489]
	Ordinal0 [0x006BAEA2+568994]
	Ordinal0 [0x006BA421+566305]
	Ordinal0 [0x006BA815+567317]
	Ordinal0 [0x006BA135+565557]
	Ordinal0 [0x006C1D2C+597292]
	Ordinal0 [0x006BA0F1+565489]
	Ordinal0 [0x006BAEA2+568994]
	Ordinal0 [0x006BA421+566305]
	Ordinal0 [0x006BA815+567317]
	Ordinal0 [0x006BA135+565557]
	Ordinal0 [0x006BFE62+589410]
	Ordinal0 [0x006BA0F1+565489]
	Ordinal0 [0x006BAEA2+568994]
	Ordinal0 [0x006BA421+566305]
	Ordinal0 [0x006BA815+567317]
	Ordinal0 [0x006BA135+565557]
	Ordinal0 [0x006BF075+585845]
	Ordinal0 [0x006BA0F1+565489]
	Ordinal0 [0x006BAEA2+568994]
	Ordinal0 [0x006BA421+566305]
	Ordinal0 [0x006BA815+567317]
	Ordinal0 [0x006BA135+565557]
	Ordinal0 [0x006B6776+550774]
	Ordinal0 [0x006BA0F1+565489]
	Ordinal0 [0x006B9F13+565011]
	Ordinal0 [0x006B9D07+564487]
	Ordinal0 [0x006C82C0+623296]
	Ordinal0 [0x00666BDD+224221]
	Ordinal0 [0x00665CAC+220332]
	Ordinal0 [0x0066189B+202907]
	Ordinal0 [0x00643DF4+81396]
	Ordinal0 [0x00644DEE+85486]
	Ordinal0 [0x00644D79+85369]
	Ordinal0 [0x008585DC+2262492]
	GetHandleVerifier [0x00AE2874+1487204]
	GetHandleVerifier [0x00AE23CD+1486013]
	GetHandleVerifier [0x00AEA368+1518680]
	GetHandleVerifier [0x00AE2F4E+1488958]
	Ordinal0 [0x0084ED0D+2223373]
	Ordinal0 [0x0085A12B+2269483]
	Ordinal0 [0x0085A26F+2269807]
	Ordinal0 [0x0086ECB8+2354360]
	BaseThreadInitThunk [0x779CFA29+25]
	RtlGetAppContainerNamedObjectPath [0x77CE75F4+228]
	RtlGetAppContainerNamedObjectPath [0x77CE75C4+180]

	at sun.reflect.NativeConstructorAccessorImpl.newInstance0(Native Method)
	at sun.reflect.NativeConstructorAccessorImpl.newInstance(Unknown Source)
	at sun.reflect.DelegatingConstructorAccessorImpl.newInstance(Unknown Source)
	at java.lang.reflect.Constructor.newInstance(Unknown Source)
	at org.openqa.selenium.remote.W3CHandshakeResponse.lambda$errorHandler$0(W3CHandshakeResponse.java:62)
	at org.openqa.selenium.remote.HandshakeResponse.lambda$getResponseFunction$0(HandshakeResponse.java:30)
	at org.openqa.selenium.remote.ProtocolHandshake.lambda$createSession$0(ProtocolHandshake.java:126)
	at java.util.stream.ReferencePipeline$3$1.accept(Unknown Source)
	at java.util.Spliterators$ArraySpliterator.tryAdvance(Unknown Source)
	at java.util.stream.ReferencePipeline.forEachWithCancel(Unknown Source)
	at java.util.stream.AbstractPipeline.copyIntoWithCancel(Unknown Source)
	at java.util.stream.AbstractPipeline.copyInto(Unknown Source)
	at java.util.stream.AbstractPipeline.wrapAndCopyInto(Unknown Source)
	at java.util.stream.FindOps$FindOp.evaluateSequential(Unknown Source)
	at java.util.stream.AbstractPipeline.evaluate(Unknown Source)
	at java.util.stream.ReferencePipeline.findFirst(Unknown Source)
	at org.openqa.selenium.remote.ProtocolHandshake.createSession(ProtocolHandshake.java:128)
	at org.openqa.selenium.remote.ProtocolHandshake.createSession(ProtocolHandshake.java:74)
	at org.openqa.selenium.remote.HttpCommandExecutor.execute(HttpCommandExecutor.java:136)
	at org.openqa.selenium.remote.service.DriverCommandExecutor.execute(DriverCommandExecutor.java:83)
	at org.openqa.selenium.remote.RemoteWebDriver.execute(RemoteWebDriver.java:552)
	at org.openqa.selenium.remote.RemoteWebDriver.startSession(RemoteWebDriver.java:213)
	at org.openqa.selenium.remote.RemoteWebDriver.&lt;init&gt;(RemoteWebDriver.java:131)
	at org.openqa.selenium.chrome.ChromeDriver.&lt;init&gt;(ChromeDriver.java:181)
	at org.openqa.selenium.chrome.ChromeDriver.&lt;init&gt;(ChromeDriver.java:168)
	at org.openqa.selenium.chrome.ChromeDriver.&lt;init&gt;(ChromeDriver.java:123)
	at facebookTests.BaseTest.invokeBrowser(BaseTest.java:16)
	at sun.reflect.NativeMethodAccessorImpl.invoke0(Native Method)
	at sun.reflect.NativeMethodAccessorImpl.invoke(Unknown Source)
	at sun.reflect.DelegatingMethodAccessorImpl.invoke(Unknown Source)
	at java.lang.reflect.Method.invoke(Unknown Source)
	at org.testng.internal.MethodInvocationHelper.invokeMethod(MethodInvocationHelper.java:132)
	at org.testng.internal.MethodInvocationHelper.invokeMethodConsideringTimeout(MethodInvocationHelper.java:61)
	at org.testng.internal.ConfigInvoker.invokeConfigurationMethod(ConfigInvoker.java:366)
	at org.testng.internal.ConfigInvoker.invokeConfigurations(ConfigInvoker.java:320)
	at org.testng.internal.TestInvoker.runConfigMethods(TestInvoker.java:701)
	at org.testng.internal.TestInvoker.invokeMethod(TestInvoker.java:527)
	at org.testng.internal.TestInvoker.invokeTestMethod(TestInvoker.java:174)
	at org.testng.internal.MethodRunner.runInSequence(MethodRunner.java:46)
	at org.testng.internal.TestInvoker$MethodInvocationAgent.invoke(TestInvoker.java:822)
	at org.testng.internal.TestInvoker.invokeTestMethods(TestInvoker.java:147)
	at org.testng.internal.TestMethodWorker.invokeTestMethods(TestMethodWorker.java:146)
	at org.testng.internal.TestMethodWorker.run(TestMethodWorker.java:128)
	at java.util.ArrayList.forEach(Unknown Source)
	at org.testng.TestRunner.privateRun(TestRunner.java:764)
	at org.testng.TestRunner.run(TestRunner.java:585)
	at org.testng.SuiteRunner.runTest(SuiteRunner.java:384)
	at org.testng.SuiteRunner.runSequentially(SuiteRunner.java:378)
	at org.testng.SuiteRunner.privateRun(SuiteRunner.java:337)
	at org.testng.SuiteRunner.run(SuiteRunner.java:286)
	at org.testng.SuiteRunnerWorker.runSuite(SuiteRunnerWorker.java:53)
	at org.testng.SuiteRunnerWorker.run(SuiteRunnerWorker.java:96)
	at org.testng.TestNG.runSuitesSequentially(TestNG.java:1218)
	at org.testng.TestNG.runSuitesLocally(TestNG.java:1140)
	at org.testng.TestNG.runSuites(TestNG.java:1069)
	at org.testng.TestNG.run(TestNG.java:1037)
	at org.apache.maven.surefire.testng.TestNGExecutor.run(TestNGExecutor.java:135)
	at org.apache.maven.surefire.testng.TestNGDirectoryTestSuite.executeMulti(TestNGDirectoryTestSuite.java:193)
	at org.apache.maven.surefire.testng.TestNGDirectoryTestSuite.execute(TestNGDirectoryTestSuite.java:94)
	at org.apache.maven.surefire.testng.TestNGProvider.invoke(TestNGProvider.java:146)
	at org.apache.maven.surefire.booter.ForkedBooter.invokeProviderInSameClassLoader(ForkedBooter.java:384)
	at org.apache.maven.surefire.booter.ForkedBooter.runSuitesInProcess(ForkedBooter.java:345)
	at org.apache.maven.surefire.booter.ForkedBooter.execute(ForkedBooter.java:126)
	at org.apache.maven.surefire.booter.ForkedBooter.main(ForkedBooter.java:418)
</pre></div></td>
<td>4</td>
<td>facebookTests.signinTests@49993335</td></tr>
<tr>
<td title='facebookTests.signupTests.invokeBrowser()'><b>invokeBrowser</b><br>Test class: facebookTests.signupTests</td>
<td><div><pre>org.openqa.selenium.SessionNotCreatedException: session not created
from chrome not reachable
  (Session info: chrome=87.0.4280.88)
Build info: version: &apos;3.141.59&apos;, revision: &apos;e82be7d358&apos;, time: &apos;2018-11-14T08:17:03&apos;
System info: host: &apos;ENG-OMAR&apos;, ip: &apos;172.20.147.135&apos;, os.name: &apos;Windows 10&apos;, os.arch: &apos;amd64&apos;, os.version: &apos;10.0&apos;, java.version: &apos;1.8.0_161&apos;
Driver info: driver.version: ChromeDriver
remote stacktrace: Backtrace:
	Ordinal0 [0x0095C0C3+3326147]
	Ordinal0 [0x00840851+2164817]
	Ordinal0 [0x006C7140+618816]
	Ordinal0 [0x006BD404+578564]
	Ordinal0 [0x006BDACB+580299]
	Ordinal0 [0x006BED35+585013]
	Ordinal0 [0x006B9D61+564577]
	Ordinal0 [0x006C82C0+623296]
	Ordinal0 [0x00666BDD+224221]
	Ordinal0 [0x00665CAC+220332]
	Ordinal0 [0x0066189B+202907]
	Ordinal0 [0x00643DF4+81396]
	Ordinal0 [0x00644DEE+85486]
	Ordinal0 [0x00644D79+85369]
	Ordinal0 [0x008585DC+2262492]
	GetHandleVerifier [0x00AE2874+1487204]
	GetHandleVerifier [0x00AE23CD+1486013]
	GetHandleVerifier [0x00AEA368+1518680]
	GetHandleVerifier [0x00AE2F4E+1488958]
	Ordinal0 [0x0084ED0D+2223373]
	Ordinal0 [0x0085A12B+2269483]
	Ordinal0 [0x0085A26F+2269807]
	Ordinal0 [0x0086ECB8+2354360]
	BaseThreadInitThunk [0x779CFA29+25]
	RtlGetAppContainerNamedObjectPath [0x77CE75F4+228]
	RtlGetAppContainerNamedObjectPath [0x77CE75C4+180]

	at org.openqa.selenium.remote.W3CHandshakeResponse.lambda$errorHandler$0(W3CHandshakeResponse.java:62)
	at org.openqa.selenium.remote.HandshakeResponse.lambda$getResponseFunction$0(HandshakeResponse.java:30)
	at org.openqa.selenium.remote.ProtocolHandshake.lambda$createSession$0(ProtocolHandshake.java:126)
	at java.util.stream.ReferencePipeline$3$1.accept(Unknown Source)
	at java.util.Spliterators$ArraySpliterator.tryAdvance(Unknown Source)
	at java.util.stream.ReferencePipeline.forEachWithCancel(Unknown Source)
	at java.util.stream.AbstractPipeline.copyIntoWithCancel(Unknown Source)
	at java.util.stream.AbstractPipeline.copyInto(Unknown Source)
	at java.util.stream.AbstractPipeline.wrapAndCopyInto(Unknown Source)
	at java.util.stream.FindOps$FindOp.evaluateSequential(Unknown Source)
	at java.util.stream.AbstractPipeline.evaluate(Unknown Source)
	at java.util.stream.ReferencePipeline.findFirst(Unknown Source)
	at org.openqa.selenium.remote.ProtocolHandshake.createSession(ProtocolHandshake.java:128)
	at org.openqa.selenium.remote.ProtocolHandshake.createSession(ProtocolHandshake.java:74)
	at org.openqa.selenium.remote.HttpCommandExecutor.execute(HttpCommandExecutor.java:136)
	at org.openqa.selenium.remote.service.DriverCommandExecutor.execute(DriverCommandExecutor.java:83)
	at org.openqa.selenium.remote.RemoteWebDriver.execute(RemoteWebDriver.java:552)
	at org.openqa.selenium.remote.RemoteWebDriver.startSession(RemoteWebDriver.java:213)
	at org.openqa.selenium.remote.RemoteWebDriver.&lt;init&gt;(RemoteWebDriver.java:131)
	at org.openqa.selenium.chrome.ChromeDriver.&lt;init&gt;(ChromeDriver.java:181)
	at org.openqa.selenium.chrome.ChromeDriver.&lt;init&gt;(ChromeDriver.java:168)
	at org.openqa.selenium.chrome.ChromeDriver.&lt;init&gt;(ChromeDriver.java:123)
	at facebookTests.BaseTest.invokeBrowser(BaseTest.java:16)
	at java.util.ArrayList.forEach(Unknown Source)
... Removed 40 stack frames</pre></div><a href='#' onClick='toggleBox("stack-trace88646218", this, "Click to show all stack frames", "Click to hide stack frames")'>Click to show all stack frames</a>
<div class='stack-trace' id='stack-trace88646218'><pre>org.openqa.selenium.SessionNotCreatedException: session not created
from chrome not reachable
  (Session info: chrome=87.0.4280.88)
Build info: version: &apos;3.141.59&apos;, revision: &apos;e82be7d358&apos;, time: &apos;2018-11-14T08:17:03&apos;
System info: host: &apos;ENG-OMAR&apos;, ip: &apos;172.20.147.135&apos;, os.name: &apos;Windows 10&apos;, os.arch: &apos;amd64&apos;, os.version: &apos;10.0&apos;, java.version: &apos;1.8.0_161&apos;
Driver info: driver.version: ChromeDriver
remote stacktrace: Backtrace:
	Ordinal0 [0x0095C0C3+3326147]
	Ordinal0 [0x00840851+2164817]
	Ordinal0 [0x006C7140+618816]
	Ordinal0 [0x006BD404+578564]
	Ordinal0 [0x006BDACB+580299]
	Ordinal0 [0x006BED35+585013]
	Ordinal0 [0x006B9D61+564577]
	Ordinal0 [0x006C82C0+623296]
	Ordinal0 [0x00666BDD+224221]
	Ordinal0 [0x00665CAC+220332]
	Ordinal0 [0x0066189B+202907]
	Ordinal0 [0x00643DF4+81396]
	Ordinal0 [0x00644DEE+85486]
	Ordinal0 [0x00644D79+85369]
	Ordinal0 [0x008585DC+2262492]
	GetHandleVerifier [0x00AE2874+1487204]
	GetHandleVerifier [0x00AE23CD+1486013]
	GetHandleVerifier [0x00AEA368+1518680]
	GetHandleVerifier [0x00AE2F4E+1488958]
	Ordinal0 [0x0084ED0D+2223373]
	Ordinal0 [0x0085A12B+2269483]
	Ordinal0 [0x0085A26F+2269807]
	Ordinal0 [0x0086ECB8+2354360]
	BaseThreadInitThunk [0x779CFA29+25]
	RtlGetAppContainerNamedObjectPath [0x77CE75F4+228]
	RtlGetAppContainerNamedObjectPath [0x77CE75C4+180]

	at sun.reflect.NativeConstructorAccessorImpl.newInstance0(Native Method)
	at sun.reflect.NativeConstructorAccessorImpl.newInstance(Unknown Source)
	at sun.reflect.DelegatingConstructorAccessorImpl.newInstance(Unknown Source)
	at java.lang.reflect.Constructor.newInstance(Unknown Source)
	at org.openqa.selenium.remote.W3CHandshakeResponse.lambda$errorHandler$0(W3CHandshakeResponse.java:62)
	at org.openqa.selenium.remote.HandshakeResponse.lambda$getResponseFunction$0(HandshakeResponse.java:30)
	at org.openqa.selenium.remote.ProtocolHandshake.lambda$createSession$0(ProtocolHandshake.java:126)
	at java.util.stream.ReferencePipeline$3$1.accept(Unknown Source)
	at java.util.Spliterators$ArraySpliterator.tryAdvance(Unknown Source)
	at java.util.stream.ReferencePipeline.forEachWithCancel(Unknown Source)
	at java.util.stream.AbstractPipeline.copyIntoWithCancel(Unknown Source)
	at java.util.stream.AbstractPipeline.copyInto(Unknown Source)
	at java.util.stream.AbstractPipeline.wrapAndCopyInto(Unknown Source)
	at java.util.stream.FindOps$FindOp.evaluateSequential(Unknown Source)
	at java.util.stream.AbstractPipeline.evaluate(Unknown Source)
	at java.util.stream.ReferencePipeline.findFirst(Unknown Source)
	at org.openqa.selenium.remote.ProtocolHandshake.createSession(ProtocolHandshake.java:128)
	at org.openqa.selenium.remote.ProtocolHandshake.createSession(ProtocolHandshake.java:74)
	at org.openqa.selenium.remote.HttpCommandExecutor.execute(HttpCommandExecutor.java:136)
	at org.openqa.selenium.remote.service.DriverCommandExecutor.execute(DriverCommandExecutor.java:83)
	at org.openqa.selenium.remote.RemoteWebDriver.execute(RemoteWebDriver.java:552)
	at org.openqa.selenium.remote.RemoteWebDriver.startSession(RemoteWebDriver.java:213)
	at org.openqa.selenium.remote.RemoteWebDriver.&lt;init&gt;(RemoteWebDriver.java:131)
	at org.openqa.selenium.chrome.ChromeDriver.&lt;init&gt;(ChromeDriver.java:181)
	at org.openqa.selenium.chrome.ChromeDriver.&lt;init&gt;(ChromeDriver.java:168)
	at org.openqa.selenium.chrome.ChromeDriver.&lt;init&gt;(ChromeDriver.java:123)
	at facebookTests.BaseTest.invokeBrowser(BaseTest.java:16)
	at sun.reflect.NativeMethodAccessorImpl.invoke0(Native Method)
	at sun.reflect.NativeMethodAccessorImpl.invoke(Unknown Source)
	at sun.reflect.DelegatingMethodAccessorImpl.invoke(Unknown Source)
	at java.lang.reflect.Method.invoke(Unknown Source)
	at org.testng.internal.MethodInvocationHelper.invokeMethod(MethodInvocationHelper.java:132)
	at org.testng.internal.MethodInvocationHelper.invokeMethodConsideringTimeout(MethodInvocationHelper.java:61)
	at org.testng.internal.ConfigInvoker.invokeConfigurationMethod(ConfigInvoker.java:366)
	at org.testng.internal.ConfigInvoker.invokeConfigurations(ConfigInvoker.java:320)
	at org.testng.internal.TestInvoker.runConfigMethods(TestInvoker.java:701)
	at org.testng.internal.TestInvoker.invokeMethod(TestInvoker.java:527)
	at org.testng.internal.TestInvoker.invokeTestMethod(TestInvoker.java:174)
	at org.testng.internal.MethodRunner.runInSequence(MethodRunner.java:46)
	at org.testng.internal.TestInvoker$MethodInvocationAgent.invoke(TestInvoker.java:822)
	at org.testng.internal.TestInvoker.invokeTestMethods(TestInvoker.java:147)
	at org.testng.internal.TestMethodWorker.invokeTestMethods(TestMethodWorker.java:146)
	at org.testng.internal.TestMethodWorker.run(TestMethodWorker.java:128)
	at java.util.ArrayList.forEach(Unknown Source)
	at org.testng.TestRunner.privateRun(TestRunner.java:764)
	at org.testng.TestRunner.run(TestRunner.java:585)
	at org.testng.SuiteRunner.runTest(SuiteRunner.java:384)
	at org.testng.SuiteRunner.runSequentially(SuiteRunner.java:378)
	at org.testng.SuiteRunner.privateRun(SuiteRunner.java:337)
	at org.testng.SuiteRunner.run(SuiteRunner.java:286)
	at org.testng.SuiteRunnerWorker.runSuite(SuiteRunnerWorker.java:53)
	at org.testng.SuiteRunnerWorker.run(SuiteRunnerWorker.java:96)
	at org.testng.TestNG.runSuitesSequentially(TestNG.java:1218)
	at org.testng.TestNG.runSuitesLocally(TestNG.java:1140)
	at org.testng.TestNG.runSuites(TestNG.java:1069)
	at org.testng.TestNG.run(TestNG.java:1037)
	at org.apache.maven.surefire.testng.TestNGExecutor.run(TestNGExecutor.java:135)
	at org.apache.maven.surefire.testng.TestNGDirectoryTestSuite.executeMulti(TestNGDirectoryTestSuite.java:193)
	at org.apache.maven.surefire.testng.TestNGDirectoryTestSuite.execute(TestNGDirectoryTestSuite.java:94)
	at org.apache.maven.surefire.testng.TestNGProvider.invoke(TestNGProvider.java:146)
	at org.apache.maven.surefire.booter.ForkedBooter.invokeProviderInSameClassLoader(ForkedBooter.java:384)
	at org.apache.maven.surefire.booter.ForkedBooter.runSuitesInProcess(ForkedBooter.java:345)
	at org.apache.maven.surefire.booter.ForkedBooter.execute(ForkedBooter.java:126)
	at org.apache.maven.surefire.booter.ForkedBooter.main(ForkedBooter.java:418)
</pre></div></td>
<td>7</td>
<td>facebookTests.signupTests@20322d26</td></tr>
</table><p>
<table width='100%' border='1' class='invocation-skipped'>
<tr><td colspan='4' align='center'><b>SKIPPED CONFIGURATIONS</b></td></tr>
<tr><td><b>Test method</b></td>
<td width="30%"><b>Exception</b></td>
<td width="10%"><b>Time (seconds)</b></td>
<td><b>Instance</b></td>
</tr>
<tr>
<td title='facebookTests.signinTests.invokeBrowser()'><b>invokeBrowser</b><br>Test class: facebookTests.signinTests</td>
<td></td>
<td>-1608643072</td>
<td>facebookTests.signinTests@49993335</td></tr>
<tr>
<td title='facebookTests.signupTests.invokeBrowser()'><b>invokeBrowser</b><br>Test class: facebookTests.signupTests</td>
<td></td>
<td>-1608643079</td>
<td>facebookTests.signupTests@20322d26</td></tr>
<tr>
<td title='facebookTests.signinTests.terminateBrowser()'><b>terminateBrowser</b><br>Test class: facebookTests.signinTests</td>
<td></td>
<td>-1608643072</td>
<td>facebookTests.signinTests@49993335</td></tr>
<tr>
<td title='facebookTests.signinTests.terminateBrowser()'><b>terminateBrowser</b><br>Test class: facebookTests.signinTests</td>
<td></td>
<td>-1608643072</td>
<td>facebookTests.signinTests@49993335</td></tr>
<tr>
<td title='facebookTests.signupTests.terminateBrowser()'><b>terminateBrowser</b><br>Test class: facebookTests.signupTests</td>
<td></td>
<td>-1608643079</td>
<td>facebookTests.signupTests@20322d26</td></tr>
<tr>
<td title='facebookTests.signupTests.terminateBrowser()'><b>terminateBrowser</b><br>Test class: facebookTests.signupTests</td>
<td></td>
<td>-1608643079</td>
<td>facebookTests.signupTests@20322d26</td></tr>
</table><p>
<table width='100%' border='1' class='invocation-skipped'>
<tr><td colspan='4' align='center'><b>SKIPPED TESTS</b></td></tr>
<tr><td><b>Test method</b></td>
<td width="30%"><b>Exception</b></td>
<td width="10%"><b>Time (seconds)</b></td>
<td><b>Instance</b></td>
</tr>
<tr>
<td title='facebookTests.signupTests.user_can_signup_With_MobileNum_successfully()'><b>user_can_signup_With_MobileNum_successfully</b><br>Test class: facebookTests.signupTests<br>Parameters: Testonetest, Onetesttest, aomar1988@gmail.com, aomar1988@gmail.com, test123123, 13, Jan, 1999</td>
<td><div><pre>org.openqa.selenium.SessionNotCreatedException: session not created
from chrome not reachable
  (Session info: chrome=87.0.4280.88)
Build info: version: &apos;3.141.59&apos;, revision: &apos;e82be7d358&apos;, time: &apos;2018-11-14T08:17:03&apos;
System info: host: &apos;ENG-OMAR&apos;, ip: &apos;172.20.147.135&apos;, os.name: &apos;Windows 10&apos;, os.arch: &apos;amd64&apos;, os.version: &apos;10.0&apos;, java.version: &apos;1.8.0_161&apos;
Driver info: driver.version: ChromeDriver
remote stacktrace: Backtrace:
	Ordinal0 [0x0095C0C3+3326147]
	Ordinal0 [0x00840851+2164817]
	Ordinal0 [0x006C7140+618816]
	Ordinal0 [0x006BD404+578564]
	Ordinal0 [0x006BDACB+580299]
	Ordinal0 [0x006BED35+585013]
	Ordinal0 [0x006B9D61+564577]
	Ordinal0 [0x006C82C0+623296]
	Ordinal0 [0x00666BDD+224221]
	Ordinal0 [0x00665CAC+220332]
	Ordinal0 [0x0066189B+202907]
	Ordinal0 [0x00643DF4+81396]
	Ordinal0 [0x00644DEE+85486]
	Ordinal0 [0x00644D79+85369]
	Ordinal0 [0x008585DC+2262492]
	GetHandleVerifier [0x00AE2874+1487204]
	GetHandleVerifier [0x00AE23CD+1486013]
	GetHandleVerifier [0x00AEA368+1518680]
	GetHandleVerifier [0x00AE2F4E+1488958]
	Ordinal0 [0x0084ED0D+2223373]
	Ordinal0 [0x0085A12B+2269483]
	Ordinal0 [0x0085A26F+2269807]
	Ordinal0 [0x0086ECB8+2354360]
	BaseThreadInitThunk [0x779CFA29+25]
	RtlGetAppContainerNamedObjectPath [0x77CE75F4+228]
	RtlGetAppContainerNamedObjectPath [0x77CE75C4+180]

	at org.openqa.selenium.remote.W3CHandshakeResponse.lambda$errorHandler$0(W3CHandshakeResponse.java:62)
	at org.openqa.selenium.remote.HandshakeResponse.lambda$getResponseFunction$0(HandshakeResponse.java:30)
	at org.openqa.selenium.remote.ProtocolHandshake.lambda$createSession$0(ProtocolHandshake.java:126)
	at java.util.stream.ReferencePipeline$3$1.accept(Unknown Source)
	at java.util.Spliterators$ArraySpliterator.tryAdvance(Unknown Source)
	at java.util.stream.ReferencePipeline.forEachWithCancel(Unknown Source)
	at java.util.stream.AbstractPipeline.copyIntoWithCancel(Unknown Source)
	at java.util.stream.AbstractPipeline.copyInto(Unknown Source)
	at java.util.stream.AbstractPipeline.wrapAndCopyInto(Unknown Source)
	at java.util.stream.FindOps$FindOp.evaluateSequential(Unknown Source)
	at java.util.stream.AbstractPipeline.evaluate(Unknown Source)
	at java.util.stream.ReferencePipeline.findFirst(Unknown Source)
	at org.openqa.selenium.remote.ProtocolHandshake.createSession(ProtocolHandshake.java:128)
	at org.openqa.selenium.remote.ProtocolHandshake.createSession(ProtocolHandshake.java:74)
	at org.openqa.selenium.remote.HttpCommandExecutor.execute(HttpCommandExecutor.java:136)
	at org.openqa.selenium.remote.service.DriverCommandExecutor.execute(DriverCommandExecutor.java:83)
	at org.openqa.selenium.remote.RemoteWebDriver.execute(RemoteWebDriver.java:552)
	at org.openqa.selenium.remote.RemoteWebDriver.startSession(RemoteWebDriver.java:213)
	at org.openqa.selenium.remote.RemoteWebDriver.&lt;init&gt;(RemoteWebDriver.java:131)
	at org.openqa.selenium.chrome.ChromeDriver.&lt;init&gt;(ChromeDriver.java:181)
	at org.openqa.selenium.chrome.ChromeDriver.&lt;init&gt;(ChromeDriver.java:168)
	at org.openqa.selenium.chrome.ChromeDriver.&lt;init&gt;(ChromeDriver.java:123)
	at facebookTests.BaseTest.invokeBrowser(BaseTest.java:16)
	at java.util.ArrayList.forEach(Unknown Source)
... Removed 40 stack frames</pre></div><a href='#' onClick='toggleBox("stack-trace1128132589", this, "Click to show all stack frames", "Click to hide stack frames")'>Click to show all stack frames</a>
<div class='stack-trace' id='stack-trace1128132589'><pre>org.openqa.selenium.SessionNotCreatedException: session not created
from chrome not reachable
  (Session info: chrome=87.0.4280.88)
Build info: version: &apos;3.141.59&apos;, revision: &apos;e82be7d358&apos;, time: &apos;2018-11-14T08:17:03&apos;
System info: host: &apos;ENG-OMAR&apos;, ip: &apos;172.20.147.135&apos;, os.name: &apos;Windows 10&apos;, os.arch: &apos;amd64&apos;, os.version: &apos;10.0&apos;, java.version: &apos;1.8.0_161&apos;
Driver info: driver.version: ChromeDriver
remote stacktrace: Backtrace:
	Ordinal0 [0x0095C0C3+3326147]
	Ordinal0 [0x00840851+2164817]
	Ordinal0 [0x006C7140+618816]
	Ordinal0 [0x006BD404+578564]
	Ordinal0 [0x006BDACB+580299]
	Ordinal0 [0x006BED35+585013]
	Ordinal0 [0x006B9D61+564577]
	Ordinal0 [0x006C82C0+623296]
	Ordinal0 [0x00666BDD+224221]
	Ordinal0 [0x00665CAC+220332]
	Ordinal0 [0x0066189B+202907]
	Ordinal0 [0x00643DF4+81396]
	Ordinal0 [0x00644DEE+85486]
	Ordinal0 [0x00644D79+85369]
	Ordinal0 [0x008585DC+2262492]
	GetHandleVerifier [0x00AE2874+1487204]
	GetHandleVerifier [0x00AE23CD+1486013]
	GetHandleVerifier [0x00AEA368+1518680]
	GetHandleVerifier [0x00AE2F4E+1488958]
	Ordinal0 [0x0084ED0D+2223373]
	Ordinal0 [0x0085A12B+2269483]
	Ordinal0 [0x0085A26F+2269807]
	Ordinal0 [0x0086ECB8+2354360]
	BaseThreadInitThunk [0x779CFA29+25]
	RtlGetAppContainerNamedObjectPath [0x77CE75F4+228]
	RtlGetAppContainerNamedObjectPath [0x77CE75C4+180]

	at sun.reflect.NativeConstructorAccessorImpl.newInstance0(Native Method)
	at sun.reflect.NativeConstructorAccessorImpl.newInstance(Unknown Source)
	at sun.reflect.DelegatingConstructorAccessorImpl.newInstance(Unknown Source)
	at java.lang.reflect.Constructor.newInstance(Unknown Source)
	at org.openqa.selenium.remote.W3CHandshakeResponse.lambda$errorHandler$0(W3CHandshakeResponse.java:62)
	at org.openqa.selenium.remote.HandshakeResponse.lambda$getResponseFunction$0(HandshakeResponse.java:30)
	at org.openqa.selenium.remote.ProtocolHandshake.lambda$createSession$0(ProtocolHandshake.java:126)
	at java.util.stream.ReferencePipeline$3$1.accept(Unknown Source)
	at java.util.Spliterators$ArraySpliterator.tryAdvance(Unknown Source)
	at java.util.stream.ReferencePipeline.forEachWithCancel(Unknown Source)
	at java.util.stream.AbstractPipeline.copyIntoWithCancel(Unknown Source)
	at java.util.stream.AbstractPipeline.copyInto(Unknown Source)
	at java.util.stream.AbstractPipeline.wrapAndCopyInto(Unknown Source)
	at java.util.stream.FindOps$FindOp.evaluateSequential(Unknown Source)
	at java.util.stream.AbstractPipeline.evaluate(Unknown Source)
	at java.util.stream.ReferencePipeline.findFirst(Unknown Source)
	at org.openqa.selenium.remote.ProtocolHandshake.createSession(ProtocolHandshake.java:128)
	at org.openqa.selenium.remote.ProtocolHandshake.createSession(ProtocolHandshake.java:74)
	at org.openqa.selenium.remote.HttpCommandExecutor.execute(HttpCommandExecutor.java:136)
	at org.openqa.selenium.remote.service.DriverCommandExecutor.execute(DriverCommandExecutor.java:83)
	at org.openqa.selenium.remote.RemoteWebDriver.execute(RemoteWebDriver.java:552)
	at org.openqa.selenium.remote.RemoteWebDriver.startSession(RemoteWebDriver.java:213)
	at org.openqa.selenium.remote.RemoteWebDriver.&lt;init&gt;(RemoteWebDriver.java:131)
	at org.openqa.selenium.chrome.ChromeDriver.&lt;init&gt;(ChromeDriver.java:181)
	at org.openqa.selenium.chrome.ChromeDriver.&lt;init&gt;(ChromeDriver.java:168)
	at org.openqa.selenium.chrome.ChromeDriver.&lt;init&gt;(ChromeDriver.java:123)
	at facebookTests.BaseTest.invokeBrowser(BaseTest.java:16)
	at sun.reflect.NativeMethodAccessorImpl.invoke0(Native Method)
	at sun.reflect.NativeMethodAccessorImpl.invoke(Unknown Source)
	at sun.reflect.DelegatingMethodAccessorImpl.invoke(Unknown Source)
	at java.lang.reflect.Method.invoke(Unknown Source)
	at org.testng.internal.MethodInvocationHelper.invokeMethod(MethodInvocationHelper.java:132)
	at org.testng.internal.MethodInvocationHelper.invokeMethodConsideringTimeout(MethodInvocationHelper.java:61)
	at org.testng.internal.ConfigInvoker.invokeConfigurationMethod(ConfigInvoker.java:366)
	at org.testng.internal.ConfigInvoker.invokeConfigurations(ConfigInvoker.java:320)
	at org.testng.internal.TestInvoker.runConfigMethods(TestInvoker.java:701)
	at org.testng.internal.TestInvoker.invokeMethod(TestInvoker.java:527)
	at org.testng.internal.TestInvoker.invokeTestMethod(TestInvoker.java:174)
	at org.testng.internal.MethodRunner.runInSequence(MethodRunner.java:46)
	at org.testng.internal.TestInvoker$MethodInvocationAgent.invoke(TestInvoker.java:822)
	at org.testng.internal.TestInvoker.invokeTestMethods(TestInvoker.java:147)
	at org.testng.internal.TestMethodWorker.invokeTestMethods(TestMethodWorker.java:146)
	at org.testng.internal.TestMethodWorker.run(TestMethodWorker.java:128)
	at java.util.ArrayList.forEach(Unknown Source)
	at org.testng.TestRunner.privateRun(TestRunner.java:764)
	at org.testng.TestRunner.run(TestRunner.java:585)
	at org.testng.SuiteRunner.runTest(SuiteRunner.java:384)
	at org.testng.SuiteRunner.runSequentially(SuiteRunner.java:378)
	at org.testng.SuiteRunner.privateRun(SuiteRunner.java:337)
	at org.testng.SuiteRunner.run(SuiteRunner.java:286)
	at org.testng.SuiteRunnerWorker.runSuite(SuiteRunnerWorker.java:53)
	at org.testng.SuiteRunnerWorker.run(SuiteRunnerWorker.java:96)
	at org.testng.TestNG.runSuitesSequentially(TestNG.java:1218)
	at org.testng.TestNG.runSuitesLocally(TestNG.java:1140)
	at org.testng.TestNG.runSuites(TestNG.java:1069)
	at org.testng.TestNG.run(TestNG.java:1037)
	at org.apache.maven.surefire.testng.TestNGExecutor.run(TestNGExecutor.java:135)
	at org.apache.maven.surefire.testng.TestNGDirectoryTestSuite.executeMulti(TestNGDirectoryTestSuite.java:193)
	at org.apache.maven.surefire.testng.TestNGDirectoryTestSuite.execute(TestNGDirectoryTestSuite.java:94)
	at org.apache.maven.surefire.testng.TestNGProvider.invoke(TestNGProvider.java:146)
	at org.apache.maven.surefire.booter.ForkedBooter.invokeProviderInSameClassLoader(ForkedBooter.java:384)
	at org.apache.maven.surefire.booter.ForkedBooter.runSuitesInProcess(ForkedBooter.java:345)
	at org.apache.maven.surefire.booter.ForkedBooter.execute(ForkedBooter.java:126)
	at org.apache.maven.surefire.booter.ForkedBooter.main(ForkedBooter.java:418)
</pre></div></td>
<td>0</td>
<td>facebookTests.signupTests@20322d26</td></tr>
<tr>
<td title='facebookTests.signupTests.user_can_signup_With_MobileNum_successfully()'><b>user_can_signup_With_MobileNum_successfully</b><br>Test class: facebookTests.signupTests<br>Parameters: Testonetest, Onetesttest, aomar1988@gmail.com, aomar1988@gmail.com, test123123, 13, Jan, 1999</td>
<td><div><pre>org.openqa.selenium.SessionNotCreatedException: session not created
from chrome not reachable
  (Session info: chrome=87.0.4280.88)
Build info: version: &apos;3.141.59&apos;, revision: &apos;e82be7d358&apos;, time: &apos;2018-11-14T08:17:03&apos;
System info: host: &apos;ENG-OMAR&apos;, ip: &apos;172.20.147.135&apos;, os.name: &apos;Windows 10&apos;, os.arch: &apos;amd64&apos;, os.version: &apos;10.0&apos;, java.version: &apos;1.8.0_161&apos;
Driver info: driver.version: ChromeDriver
remote stacktrace: Backtrace:
	Ordinal0 [0x0095C0C3+3326147]
	Ordinal0 [0x00840851+2164817]
	Ordinal0 [0x006C7140+618816]
	Ordinal0 [0x006BD404+578564]
	Ordinal0 [0x006BDACB+580299]
	Ordinal0 [0x006BED35+585013]
	Ordinal0 [0x006B9D61+564577]
	Ordinal0 [0x006C82C0+623296]
	Ordinal0 [0x00666BDD+224221]
	Ordinal0 [0x00665CAC+220332]
	Ordinal0 [0x0066189B+202907]
	Ordinal0 [0x00643DF4+81396]
	Ordinal0 [0x00644DEE+85486]
	Ordinal0 [0x00644D79+85369]
	Ordinal0 [0x008585DC+2262492]
	GetHandleVerifier [0x00AE2874+1487204]
	GetHandleVerifier [0x00AE23CD+1486013]
	GetHandleVerifier [0x00AEA368+1518680]
	GetHandleVerifier [0x00AE2F4E+1488958]
	Ordinal0 [0x0084ED0D+2223373]
	Ordinal0 [0x0085A12B+2269483]
	Ordinal0 [0x0085A26F+2269807]
	Ordinal0 [0x0086ECB8+2354360]
	BaseThreadInitThunk [0x779CFA29+25]
	RtlGetAppContainerNamedObjectPath [0x77CE75F4+228]
	RtlGetAppContainerNamedObjectPath [0x77CE75C4+180]

	at org.openqa.selenium.remote.W3CHandshakeResponse.lambda$errorHandler$0(W3CHandshakeResponse.java:62)
	at org.openqa.selenium.remote.HandshakeResponse.lambda$getResponseFunction$0(HandshakeResponse.java:30)
	at org.openqa.selenium.remote.ProtocolHandshake.lambda$createSession$0(ProtocolHandshake.java:126)
	at java.util.stream.ReferencePipeline$3$1.accept(Unknown Source)
	at java.util.Spliterators$ArraySpliterator.tryAdvance(Unknown Source)
	at java.util.stream.ReferencePipeline.forEachWithCancel(Unknown Source)
	at java.util.stream.AbstractPipeline.copyIntoWithCancel(Unknown Source)
	at java.util.stream.AbstractPipeline.copyInto(Unknown Source)
	at java.util.stream.AbstractPipeline.wrapAndCopyInto(Unknown Source)
	at java.util.stream.FindOps$FindOp.evaluateSequential(Unknown Source)
	at java.util.stream.AbstractPipeline.evaluate(Unknown Source)
	at java.util.stream.ReferencePipeline.findFirst(Unknown Source)
	at org.openqa.selenium.remote.ProtocolHandshake.createSession(ProtocolHandshake.java:128)
	at org.openqa.selenium.remote.ProtocolHandshake.createSession(ProtocolHandshake.java:74)
	at org.openqa.selenium.remote.HttpCommandExecutor.execute(HttpCommandExecutor.java:136)
	at org.openqa.selenium.remote.service.DriverCommandExecutor.execute(DriverCommandExecutor.java:83)
	at org.openqa.selenium.remote.RemoteWebDriver.execute(RemoteWebDriver.java:552)
	at org.openqa.selenium.remote.RemoteWebDriver.startSession(RemoteWebDriver.java:213)
	at org.openqa.selenium.remote.RemoteWebDriver.&lt;init&gt;(RemoteWebDriver.java:131)
	at org.openqa.selenium.chrome.ChromeDriver.&lt;init&gt;(ChromeDriver.java:181)
	at org.openqa.selenium.chrome.ChromeDriver.&lt;init&gt;(ChromeDriver.java:168)
	at org.openqa.selenium.chrome.ChromeDriver.&lt;init&gt;(ChromeDriver.java:123)
	at facebookTests.BaseTest.invokeBrowser(BaseTest.java:16)
	at java.util.ArrayList.forEach(Unknown Source)
... Removed 40 stack frames</pre></div><a href='#' onClick='toggleBox("stack-trace2144665602", this, "Click to show all stack frames", "Click to hide stack frames")'>Click to show all stack frames</a>
<div class='stack-trace' id='stack-trace2144665602'><pre>org.openqa.selenium.SessionNotCreatedException: session not created
from chrome not reachable
  (Session info: chrome=87.0.4280.88)
Build info: version: &apos;3.141.59&apos;, revision: &apos;e82be7d358&apos;, time: &apos;2018-11-14T08:17:03&apos;
System info: host: &apos;ENG-OMAR&apos;, ip: &apos;172.20.147.135&apos;, os.name: &apos;Windows 10&apos;, os.arch: &apos;amd64&apos;, os.version: &apos;10.0&apos;, java.version: &apos;1.8.0_161&apos;
Driver info: driver.version: ChromeDriver
remote stacktrace: Backtrace:
	Ordinal0 [0x0095C0C3+3326147]
	Ordinal0 [0x00840851+2164817]
	Ordinal0 [0x006C7140+618816]
	Ordinal0 [0x006BD404+578564]
	Ordinal0 [0x006BDACB+580299]
	Ordinal0 [0x006BED35+585013]
	Ordinal0 [0x006B9D61+564577]
	Ordinal0 [0x006C82C0+623296]
	Ordinal0 [0x00666BDD+224221]
	Ordinal0 [0x00665CAC+220332]
	Ordinal0 [0x0066189B+202907]
	Ordinal0 [0x00643DF4+81396]
	Ordinal0 [0x00644DEE+85486]
	Ordinal0 [0x00644D79+85369]
	Ordinal0 [0x008585DC+2262492]
	GetHandleVerifier [0x00AE2874+1487204]
	GetHandleVerifier [0x00AE23CD+1486013]
	GetHandleVerifier [0x00AEA368+1518680]
	GetHandleVerifier [0x00AE2F4E+1488958]
	Ordinal0 [0x0084ED0D+2223373]
	Ordinal0 [0x0085A12B+2269483]
	Ordinal0 [0x0085A26F+2269807]
	Ordinal0 [0x0086ECB8+2354360]
	BaseThreadInitThunk [0x779CFA29+25]
	RtlGetAppContainerNamedObjectPath [0x77CE75F4+228]
	RtlGetAppContainerNamedObjectPath [0x77CE75C4+180]

	at sun.reflect.NativeConstructorAccessorImpl.newInstance0(Native Method)
	at sun.reflect.NativeConstructorAccessorImpl.newInstance(Unknown Source)
	at sun.reflect.DelegatingConstructorAccessorImpl.newInstance(Unknown Source)
	at java.lang.reflect.Constructor.newInstance(Unknown Source)
	at org.openqa.selenium.remote.W3CHandshakeResponse.lambda$errorHandler$0(W3CHandshakeResponse.java:62)
	at org.openqa.selenium.remote.HandshakeResponse.lambda$getResponseFunction$0(HandshakeResponse.java:30)
	at org.openqa.selenium.remote.ProtocolHandshake.lambda$createSession$0(ProtocolHandshake.java:126)
	at java.util.stream.ReferencePipeline$3$1.accept(Unknown Source)
	at java.util.Spliterators$ArraySpliterator.tryAdvance(Unknown Source)
	at java.util.stream.ReferencePipeline.forEachWithCancel(Unknown Source)
	at java.util.stream.AbstractPipeline.copyIntoWithCancel(Unknown Source)
	at java.util.stream.AbstractPipeline.copyInto(Unknown Source)
	at java.util.stream.AbstractPipeline.wrapAndCopyInto(Unknown Source)
	at java.util.stream.FindOps$FindOp.evaluateSequential(Unknown Source)
	at java.util.stream.AbstractPipeline.evaluate(Unknown Source)
	at java.util.stream.ReferencePipeline.findFirst(Unknown Source)
	at org.openqa.selenium.remote.ProtocolHandshake.createSession(ProtocolHandshake.java:128)
	at org.openqa.selenium.remote.ProtocolHandshake.createSession(ProtocolHandshake.java:74)
	at org.openqa.selenium.remote.HttpCommandExecutor.execute(HttpCommandExecutor.java:136)
	at org.openqa.selenium.remote.service.DriverCommandExecutor.execute(DriverCommandExecutor.java:83)
	at org.openqa.selenium.remote.RemoteWebDriver.execute(RemoteWebDriver.java:552)
	at org.openqa.selenium.remote.RemoteWebDriver.startSession(RemoteWebDriver.java:213)
	at org.openqa.selenium.remote.RemoteWebDriver.&lt;init&gt;(RemoteWebDriver.java:131)
	at org.openqa.selenium.chrome.ChromeDriver.&lt;init&gt;(ChromeDriver.java:181)
	at org.openqa.selenium.chrome.ChromeDriver.&lt;init&gt;(ChromeDriver.java:168)
	at org.openqa.selenium.chrome.ChromeDriver.&lt;init&gt;(ChromeDriver.java:123)
	at facebookTests.BaseTest.invokeBrowser(BaseTest.java:16)
	at sun.reflect.NativeMethodAccessorImpl.invoke0(Native Method)
	at sun.reflect.NativeMethodAccessorImpl.invoke(Unknown Source)
	at sun.reflect.DelegatingMethodAccessorImpl.invoke(Unknown Source)
	at java.lang.reflect.Method.invoke(Unknown Source)
	at org.testng.internal.MethodInvocationHelper.invokeMethod(MethodInvocationHelper.java:132)
	at org.testng.internal.MethodInvocationHelper.invokeMethodConsideringTimeout(MethodInvocationHelper.java:61)
	at org.testng.internal.ConfigInvoker.invokeConfigurationMethod(ConfigInvoker.java:366)
	at org.testng.internal.ConfigInvoker.invokeConfigurations(ConfigInvoker.java:320)
	at org.testng.internal.TestInvoker.runConfigMethods(TestInvoker.java:701)
	at org.testng.internal.TestInvoker.invokeMethod(TestInvoker.java:527)
	at org.testng.internal.TestInvoker.invokeTestMethod(TestInvoker.java:174)
	at org.testng.internal.MethodRunner.runInSequence(MethodRunner.java:46)
	at org.testng.internal.TestInvoker$MethodInvocationAgent.invoke(TestInvoker.java:822)
	at org.testng.internal.TestInvoker.invokeTestMethods(TestInvoker.java:147)
	at org.testng.internal.TestMethodWorker.invokeTestMethods(TestMethodWorker.java:146)
	at org.testng.internal.TestMethodWorker.run(TestMethodWorker.java:128)
	at java.util.ArrayList.forEach(Unknown Source)
	at org.testng.TestRunner.privateRun(TestRunner.java:764)
	at org.testng.TestRunner.run(TestRunner.java:585)
	at org.testng.SuiteRunner.runTest(SuiteRunner.java:384)
	at org.testng.SuiteRunner.runSequentially(SuiteRunner.java:378)
	at org.testng.SuiteRunner.privateRun(SuiteRunner.java:337)
	at org.testng.SuiteRunner.run(SuiteRunner.java:286)
	at org.testng.SuiteRunnerWorker.runSuite(SuiteRunnerWorker.java:53)
	at org.testng.SuiteRunnerWorker.run(SuiteRunnerWorker.java:96)
	at org.testng.TestNG.runSuitesSequentially(TestNG.java:1218)
	at org.testng.TestNG.runSuitesLocally(TestNG.java:1140)
	at org.testng.TestNG.runSuites(TestNG.java:1069)
	at org.testng.TestNG.run(TestNG.java:1037)
	at org.apache.maven.surefire.testng.TestNGExecutor.run(TestNGExecutor.java:135)
	at org.apache.maven.surefire.testng.TestNGDirectoryTestSuite.executeMulti(TestNGDirectoryTestSuite.java:193)
	at org.apache.maven.surefire.testng.TestNGDirectoryTestSuite.execute(TestNGDirectoryTestSuite.java:94)
	at org.apache.maven.surefire.testng.TestNGProvider.invoke(TestNGProvider.java:146)
	at org.apache.maven.surefire.booter.ForkedBooter.invokeProviderInSameClassLoader(ForkedBooter.java:384)
	at org.apache.maven.surefire.booter.ForkedBooter.runSuitesInProcess(ForkedBooter.java:345)
	at org.apache.maven.surefire.booter.ForkedBooter.execute(ForkedBooter.java:126)
	at org.apache.maven.surefire.booter.ForkedBooter.main(ForkedBooter.java:418)
</pre></div></td>
<td>0</td>
<td>facebookTests.signupTests@20322d26</td></tr>
<tr>
<td title='facebookTests.signinTests.user_cant_login_with_invalid_password()'><b>user_cant_login_with_invalid_password</b><br>Test class: facebookTests.signinTests<br>Parameters: omar0099_gath@hotmail.com, omarfr</td>
<td><div><pre>org.openqa.selenium.SessionNotCreatedException: session not created
from disconnected: received Inspector.detached event
  (Session info: chrome=87.0.4280.88)
Build info: version: &apos;3.141.59&apos;, revision: &apos;e82be7d358&apos;, time: &apos;2018-11-14T08:17:03&apos;
System info: host: &apos;ENG-OMAR&apos;, ip: &apos;172.20.147.135&apos;, os.name: &apos;Windows 10&apos;, os.arch: &apos;amd64&apos;, os.version: &apos;10.0&apos;, java.version: &apos;1.8.0_161&apos;
Driver info: driver.version: ChromeDriver
remote stacktrace: Backtrace:
	Ordinal0 [0x0095C0C3+3326147]
	Ordinal0 [0x00840851+2164817]
	Ordinal0 [0x006C7298+619160]
	Ordinal0 [0x006BBD04+572676]
	Ordinal0 [0x006BBA18+571928]
	Ordinal0 [0x006BB0C1+569537]
	Ordinal0 [0x006BA421+566305]
	Ordinal0 [0x006BA815+567317]
	Ordinal0 [0x006BA135+565557]
	Ordinal0 [0x006C38B1+604337]
	Ordinal0 [0x006BA0F1+565489]
	Ordinal0 [0x006BAEA2+568994]
	Ordinal0 [0x006BA421+566305]
	Ordinal0 [0x006BA815+567317]
	Ordinal0 [0x006BA135+565557]
	Ordinal0 [0x006C1D2C+597292]
	Ordinal0 [0x006BA0F1+565489]
	Ordinal0 [0x006BAEA2+568994]
	Ordinal0 [0x006BA421+566305]
	Ordinal0 [0x006BA815+567317]
	Ordinal0 [0x006BA135+565557]
	Ordinal0 [0x006BFE62+589410]
	Ordinal0 [0x006BA0F1+565489]
	Ordinal0 [0x006BAEA2+568994]
	Ordinal0 [0x006BA421+566305]
	Ordinal0 [0x006BA815+567317]
	Ordinal0 [0x006BA135+565557]
	Ordinal0 [0x006BF075+585845]
	Ordinal0 [0x006BA0F1+565489]
	Ordinal0 [0x006BAEA2+568994]
	Ordinal0 [0x006BA421+566305]
	Ordinal0 [0x006BA815+567317]
	Ordinal0 [0x006BA135+565557]
	Ordinal0 [0x006B6776+550774]
	Ordinal0 [0x006BA0F1+565489]
	Ordinal0 [0x006B9F13+565011]
	Ordinal0 [0x006B9D07+564487]
	Ordinal0 [0x006C82C0+623296]
	Ordinal0 [0x00666BDD+224221]
	Ordinal0 [0x00665CAC+220332]
	Ordinal0 [0x0066189B+202907]
	Ordinal0 [0x00643DF4+81396]
	Ordinal0 [0x00644DEE+85486]
	Ordinal0 [0x00644D79+85369]
	Ordinal0 [0x008585DC+2262492]
	GetHandleVerifier [0x00AE2874+1487204]
	GetHandleVerifier [0x00AE23CD+1486013]
	GetHandleVerifier [0x00AEA368+1518680]
	GetHandleVerifier [0x00AE2F4E+1488958]
	Ordinal0 [0x0084ED0D+2223373]
	Ordinal0 [0x0085A12B+2269483]
	Ordinal0 [0x0085A26F+2269807]
	Ordinal0 [0x0086ECB8+2354360]
	BaseThreadInitThunk [0x779CFA29+25]
	RtlGetAppContainerNamedObjectPath [0x77CE75F4+228]
	RtlGetAppContainerNamedObjectPath [0x77CE75C4+180]

	at org.openqa.selenium.remote.W3CHandshakeResponse.lambda$errorHandler$0(W3CHandshakeResponse.java:62)
	at org.openqa.selenium.remote.HandshakeResponse.lambda$getResponseFunction$0(HandshakeResponse.java:30)
	at org.openqa.selenium.remote.ProtocolHandshake.lambda$createSession$0(ProtocolHandshake.java:126)
	at java.util.stream.ReferencePipeline$3$1.accept(Unknown Source)
	at java.util.Spliterators$ArraySpliterator.tryAdvance(Unknown Source)
	at java.util.stream.ReferencePipeline.forEachWithCancel(Unknown Source)
	at java.util.stream.AbstractPipeline.copyIntoWithCancel(Unknown Source)
	at java.util.stream.AbstractPipeline.copyInto(Unknown Source)
	at java.util.stream.AbstractPipeline.wrapAndCopyInto(Unknown Source)
	at java.util.stream.FindOps$FindOp.evaluateSequential(Unknown Source)
	at java.util.stream.AbstractPipeline.evaluate(Unknown Source)
	at java.util.stream.ReferencePipeline.findFirst(Unknown Source)
	at org.openqa.selenium.remote.ProtocolHandshake.createSession(ProtocolHandshake.java:128)
	at org.openqa.selenium.remote.ProtocolHandshake.createSession(ProtocolHandshake.java:74)
	at org.openqa.selenium.remote.HttpCommandExecutor.execute(HttpCommandExecutor.java:136)
	at org.openqa.selenium.remote.service.DriverCommandExecutor.execute(DriverCommandExecutor.java:83)
	at org.openqa.selenium.remote.RemoteWebDriver.execute(RemoteWebDriver.java:552)
	at org.openqa.selenium.remote.RemoteWebDriver.startSession(RemoteWebDriver.java:213)
	at org.openqa.selenium.remote.RemoteWebDriver.&lt;init&gt;(RemoteWebDriver.java:131)
	at org.openqa.selenium.chrome.ChromeDriver.&lt;init&gt;(ChromeDriver.java:181)
	at org.openqa.selenium.chrome.ChromeDriver.&lt;init&gt;(ChromeDriver.java:168)
	at org.openqa.selenium.chrome.ChromeDriver.&lt;init&gt;(ChromeDriver.java:123)
	at facebookTests.BaseTest.invokeBrowser(BaseTest.java:16)
	at java.util.ArrayList.forEach(Unknown Source)
... Removed 40 stack frames</pre></div><a href='#' onClick='toggleBox("stack-trace658532887", this, "Click to show all stack frames", "Click to hide stack frames")'>Click to show all stack frames</a>
<div class='stack-trace' id='stack-trace658532887'><pre>org.openqa.selenium.SessionNotCreatedException: session not created
from disconnected: received Inspector.detached event
  (Session info: chrome=87.0.4280.88)
Build info: version: &apos;3.141.59&apos;, revision: &apos;e82be7d358&apos;, time: &apos;2018-11-14T08:17:03&apos;
System info: host: &apos;ENG-OMAR&apos;, ip: &apos;172.20.147.135&apos;, os.name: &apos;Windows 10&apos;, os.arch: &apos;amd64&apos;, os.version: &apos;10.0&apos;, java.version: &apos;1.8.0_161&apos;
Driver info: driver.version: ChromeDriver
remote stacktrace: Backtrace:
	Ordinal0 [0x0095C0C3+3326147]
	Ordinal0 [0x00840851+2164817]
	Ordinal0 [0x006C7298+619160]
	Ordinal0 [0x006BBD04+572676]
	Ordinal0 [0x006BBA18+571928]
	Ordinal0 [0x006BB0C1+569537]
	Ordinal0 [0x006BA421+566305]
	Ordinal0 [0x006BA815+567317]
	Ordinal0 [0x006BA135+565557]
	Ordinal0 [0x006C38B1+604337]
	Ordinal0 [0x006BA0F1+565489]
	Ordinal0 [0x006BAEA2+568994]
	Ordinal0 [0x006BA421+566305]
	Ordinal0 [0x006BA815+567317]
	Ordinal0 [0x006BA135+565557]
	Ordinal0 [0x006C1D2C+597292]
	Ordinal0 [0x006BA0F1+565489]
	Ordinal0 [0x006BAEA2+568994]
	Ordinal0 [0x006BA421+566305]
	Ordinal0 [0x006BA815+567317]
	Ordinal0 [0x006BA135+565557]
	Ordinal0 [0x006BFE62+589410]
	Ordinal0 [0x006BA0F1+565489]
	Ordinal0 [0x006BAEA2+568994]
	Ordinal0 [0x006BA421+566305]
	Ordinal0 [0x006BA815+567317]
	Ordinal0 [0x006BA135+565557]
	Ordinal0 [0x006BF075+585845]
	Ordinal0 [0x006BA0F1+565489]
	Ordinal0 [0x006BAEA2+568994]
	Ordinal0 [0x006BA421+566305]
	Ordinal0 [0x006BA815+567317]
	Ordinal0 [0x006BA135+565557]
	Ordinal0 [0x006B6776+550774]
	Ordinal0 [0x006BA0F1+565489]
	Ordinal0 [0x006B9F13+565011]
	Ordinal0 [0x006B9D07+564487]
	Ordinal0 [0x006C82C0+623296]
	Ordinal0 [0x00666BDD+224221]
	Ordinal0 [0x00665CAC+220332]
	Ordinal0 [0x0066189B+202907]
	Ordinal0 [0x00643DF4+81396]
	Ordinal0 [0x00644DEE+85486]
	Ordinal0 [0x00644D79+85369]
	Ordinal0 [0x008585DC+2262492]
	GetHandleVerifier [0x00AE2874+1487204]
	GetHandleVerifier [0x00AE23CD+1486013]
	GetHandleVerifier [0x00AEA368+1518680]
	GetHandleVerifier [0x00AE2F4E+1488958]
	Ordinal0 [0x0084ED0D+2223373]
	Ordinal0 [0x0085A12B+2269483]
	Ordinal0 [0x0085A26F+2269807]
	Ordinal0 [0x0086ECB8+2354360]
	BaseThreadInitThunk [0x779CFA29+25]
	RtlGetAppContainerNamedObjectPath [0x77CE75F4+228]
	RtlGetAppContainerNamedObjectPath [0x77CE75C4+180]

	at sun.reflect.NativeConstructorAccessorImpl.newInstance0(Native Method)
	at sun.reflect.NativeConstructorAccessorImpl.newInstance(Unknown Source)
	at sun.reflect.DelegatingConstructorAccessorImpl.newInstance(Unknown Source)
	at java.lang.reflect.Constructor.newInstance(Unknown Source)
	at org.openqa.selenium.remote.W3CHandshakeResponse.lambda$errorHandler$0(W3CHandshakeResponse.java:62)
	at org.openqa.selenium.remote.HandshakeResponse.lambda$getResponseFunction$0(HandshakeResponse.java:30)
	at org.openqa.selenium.remote.ProtocolHandshake.lambda$createSession$0(ProtocolHandshake.java:126)
	at java.util.stream.ReferencePipeline$3$1.accept(Unknown Source)
	at java.util.Spliterators$ArraySpliterator.tryAdvance(Unknown Source)
	at java.util.stream.ReferencePipeline.forEachWithCancel(Unknown Source)
	at java.util.stream.AbstractPipeline.copyIntoWithCancel(Unknown Source)
	at java.util.stream.AbstractPipeline.copyInto(Unknown Source)
	at java.util.stream.AbstractPipeline.wrapAndCopyInto(Unknown Source)
	at java.util.stream.FindOps$FindOp.evaluateSequential(Unknown Source)
	at java.util.stream.AbstractPipeline.evaluate(Unknown Source)
	at java.util.stream.ReferencePipeline.findFirst(Unknown Source)
	at org.openqa.selenium.remote.ProtocolHandshake.createSession(ProtocolHandshake.java:128)
	at org.openqa.selenium.remote.ProtocolHandshake.createSession(ProtocolHandshake.java:74)
	at org.openqa.selenium.remote.HttpCommandExecutor.execute(HttpCommandExecutor.java:136)
	at org.openqa.selenium.remote.service.DriverCommandExecutor.execute(DriverCommandExecutor.java:83)
	at org.openqa.selenium.remote.RemoteWebDriver.execute(RemoteWebDriver.java:552)
	at org.openqa.selenium.remote.RemoteWebDriver.startSession(RemoteWebDriver.java:213)
	at org.openqa.selenium.remote.RemoteWebDriver.&lt;init&gt;(RemoteWebDriver.java:131)
	at org.openqa.selenium.chrome.ChromeDriver.&lt;init&gt;(ChromeDriver.java:181)
	at org.openqa.selenium.chrome.ChromeDriver.&lt;init&gt;(ChromeDriver.java:168)
	at org.openqa.selenium.chrome.ChromeDriver.&lt;init&gt;(ChromeDriver.java:123)
	at facebookTests.BaseTest.invokeBrowser(BaseTest.java:16)
	at sun.reflect.NativeMethodAccessorImpl.invoke0(Native Method)
	at sun.reflect.NativeMethodAccessorImpl.invoke(Unknown Source)
	at sun.reflect.DelegatingMethodAccessorImpl.invoke(Unknown Source)
	at java.lang.reflect.Method.invoke(Unknown Source)
	at org.testng.internal.MethodInvocationHelper.invokeMethod(MethodInvocationHelper.java:132)
	at org.testng.internal.MethodInvocationHelper.invokeMethodConsideringTimeout(MethodInvocationHelper.java:61)
	at org.testng.internal.ConfigInvoker.invokeConfigurationMethod(ConfigInvoker.java:366)
	at org.testng.internal.ConfigInvoker.invokeConfigurations(ConfigInvoker.java:320)
	at org.testng.internal.TestInvoker.runConfigMethods(TestInvoker.java:701)
	at org.testng.internal.TestInvoker.invokeMethod(TestInvoker.java:527)
	at org.testng.internal.TestInvoker.invokeTestMethod(TestInvoker.java:174)
	at org.testng.internal.MethodRunner.runInSequence(MethodRunner.java:46)
	at org.testng.internal.TestInvoker$MethodInvocationAgent.invoke(TestInvoker.java:822)
	at org.testng.internal.TestInvoker.invokeTestMethods(TestInvoker.java:147)
	at org.testng.internal.TestMethodWorker.invokeTestMethods(TestMethodWorker.java:146)
	at org.testng.internal.TestMethodWorker.run(TestMethodWorker.java:128)
	at java.util.ArrayList.forEach(Unknown Source)
	at org.testng.TestRunner.privateRun(TestRunner.java:764)
	at org.testng.TestRunner.run(TestRunner.java:585)
	at org.testng.SuiteRunner.runTest(SuiteRunner.java:384)
	at org.testng.SuiteRunner.runSequentially(SuiteRunner.java:378)
	at org.testng.SuiteRunner.privateRun(SuiteRunner.java:337)
	at org.testng.SuiteRunner.run(SuiteRunner.java:286)
	at org.testng.SuiteRunnerWorker.runSuite(SuiteRunnerWorker.java:53)
	at org.testng.SuiteRunnerWorker.run(SuiteRunnerWorker.java:96)
	at org.testng.TestNG.runSuitesSequentially(TestNG.java:1218)
	at org.testng.TestNG.runSuitesLocally(TestNG.java:1140)
	at org.testng.TestNG.runSuites(TestNG.java:1069)
	at org.testng.TestNG.run(TestNG.java:1037)
	at org.apache.maven.surefire.testng.TestNGExecutor.run(TestNGExecutor.java:135)
	at org.apache.maven.surefire.testng.TestNGDirectoryTestSuite.executeMulti(TestNGDirectoryTestSuite.java:193)
	at org.apache.maven.surefire.testng.TestNGDirectoryTestSuite.execute(TestNGDirectoryTestSuite.java:94)
	at org.apache.maven.surefire.testng.TestNGProvider.invoke(TestNGProvider.java:146)
	at org.apache.maven.surefire.booter.ForkedBooter.invokeProviderInSameClassLoader(ForkedBooter.java:384)
	at org.apache.maven.surefire.booter.ForkedBooter.runSuitesInProcess(ForkedBooter.java:345)
	at org.apache.maven.surefire.booter.ForkedBooter.execute(ForkedBooter.java:126)
	at org.apache.maven.surefire.booter.ForkedBooter.main(ForkedBooter.java:418)
</pre></div></td>
<td>0</td>
<td>facebookTests.signinTests@49993335</td></tr>
<tr>
<td title='facebookTests.signinTests.user_cant_login_with_invalid_password()'><b>user_cant_login_with_invalid_password</b><br>Test class: facebookTests.signinTests<br>Parameters: froukh.froukh99@gmail.com, 123www</td>
<td><div><pre>org.openqa.selenium.SessionNotCreatedException: session not created
from disconnected: received Inspector.detached event
  (Session info: chrome=87.0.4280.88)
Build info: version: &apos;3.141.59&apos;, revision: &apos;e82be7d358&apos;, time: &apos;2018-11-14T08:17:03&apos;
System info: host: &apos;ENG-OMAR&apos;, ip: &apos;172.20.147.135&apos;, os.name: &apos;Windows 10&apos;, os.arch: &apos;amd64&apos;, os.version: &apos;10.0&apos;, java.version: &apos;1.8.0_161&apos;
Driver info: driver.version: ChromeDriver
remote stacktrace: Backtrace:
	Ordinal0 [0x0095C0C3+3326147]
	Ordinal0 [0x00840851+2164817]
	Ordinal0 [0x006C7298+619160]
	Ordinal0 [0x006BBD04+572676]
	Ordinal0 [0x006BBA18+571928]
	Ordinal0 [0x006BB0C1+569537]
	Ordinal0 [0x006BA421+566305]
	Ordinal0 [0x006BA815+567317]
	Ordinal0 [0x006BA135+565557]
	Ordinal0 [0x006C38B1+604337]
	Ordinal0 [0x006BA0F1+565489]
	Ordinal0 [0x006BAEA2+568994]
	Ordinal0 [0x006BA421+566305]
	Ordinal0 [0x006BA815+567317]
	Ordinal0 [0x006BA135+565557]
	Ordinal0 [0x006C1D2C+597292]
	Ordinal0 [0x006BA0F1+565489]
	Ordinal0 [0x006BAEA2+568994]
	Ordinal0 [0x006BA421+566305]
	Ordinal0 [0x006BA815+567317]
	Ordinal0 [0x006BA135+565557]
	Ordinal0 [0x006BFE62+589410]
	Ordinal0 [0x006BA0F1+565489]
	Ordinal0 [0x006BAEA2+568994]
	Ordinal0 [0x006BA421+566305]
	Ordinal0 [0x006BA815+567317]
	Ordinal0 [0x006BA135+565557]
	Ordinal0 [0x006BF075+585845]
	Ordinal0 [0x006BA0F1+565489]
	Ordinal0 [0x006BAEA2+568994]
	Ordinal0 [0x006BA421+566305]
	Ordinal0 [0x006BA815+567317]
	Ordinal0 [0x006BA135+565557]
	Ordinal0 [0x006B6776+550774]
	Ordinal0 [0x006BA0F1+565489]
	Ordinal0 [0x006B9F13+565011]
	Ordinal0 [0x006B9D07+564487]
	Ordinal0 [0x006C82C0+623296]
	Ordinal0 [0x00666BDD+224221]
	Ordinal0 [0x00665CAC+220332]
	Ordinal0 [0x0066189B+202907]
	Ordinal0 [0x00643DF4+81396]
	Ordinal0 [0x00644DEE+85486]
	Ordinal0 [0x00644D79+85369]
	Ordinal0 [0x008585DC+2262492]
	GetHandleVerifier [0x00AE2874+1487204]
	GetHandleVerifier [0x00AE23CD+1486013]
	GetHandleVerifier [0x00AEA368+1518680]
	GetHandleVerifier [0x00AE2F4E+1488958]
	Ordinal0 [0x0084ED0D+2223373]
	Ordinal0 [0x0085A12B+2269483]
	Ordinal0 [0x0085A26F+2269807]
	Ordinal0 [0x0086ECB8+2354360]
	BaseThreadInitThunk [0x779CFA29+25]
	RtlGetAppContainerNamedObjectPath [0x77CE75F4+228]
	RtlGetAppContainerNamedObjectPath [0x77CE75C4+180]

	at org.openqa.selenium.remote.W3CHandshakeResponse.lambda$errorHandler$0(W3CHandshakeResponse.java:62)
	at org.openqa.selenium.remote.HandshakeResponse.lambda$getResponseFunction$0(HandshakeResponse.java:30)
	at org.openqa.selenium.remote.ProtocolHandshake.lambda$createSession$0(ProtocolHandshake.java:126)
	at java.util.stream.ReferencePipeline$3$1.accept(Unknown Source)
	at java.util.Spliterators$ArraySpliterator.tryAdvance(Unknown Source)
	at java.util.stream.ReferencePipeline.forEachWithCancel(Unknown Source)
	at java.util.stream.AbstractPipeline.copyIntoWithCancel(Unknown Source)
	at java.util.stream.AbstractPipeline.copyInto(Unknown Source)
	at java.util.stream.AbstractPipeline.wrapAndCopyInto(Unknown Source)
	at java.util.stream.FindOps$FindOp.evaluateSequential(Unknown Source)
	at java.util.stream.AbstractPipeline.evaluate(Unknown Source)
	at java.util.stream.ReferencePipeline.findFirst(Unknown Source)
	at org.openqa.selenium.remote.ProtocolHandshake.createSession(ProtocolHandshake.java:128)
	at org.openqa.selenium.remote.ProtocolHandshake.createSession(ProtocolHandshake.java:74)
	at org.openqa.selenium.remote.HttpCommandExecutor.execute(HttpCommandExecutor.java:136)
	at org.openqa.selenium.remote.service.DriverCommandExecutor.execute(DriverCommandExecutor.java:83)
	at org.openqa.selenium.remote.RemoteWebDriver.execute(RemoteWebDriver.java:552)
	at org.openqa.selenium.remote.RemoteWebDriver.startSession(RemoteWebDriver.java:213)
	at org.openqa.selenium.remote.RemoteWebDriver.&lt;init&gt;(RemoteWebDriver.java:131)
	at org.openqa.selenium.chrome.ChromeDriver.&lt;init&gt;(ChromeDriver.java:181)
	at org.openqa.selenium.chrome.ChromeDriver.&lt;init&gt;(ChromeDriver.java:168)
	at org.openqa.selenium.chrome.ChromeDriver.&lt;init&gt;(ChromeDriver.java:123)
	at facebookTests.BaseTest.invokeBrowser(BaseTest.java:16)
	at java.util.ArrayList.forEach(Unknown Source)
... Removed 40 stack frames</pre></div><a href='#' onClick='toggleBox("stack-trace1561063579", this, "Click to show all stack frames", "Click to hide stack frames")'>Click to show all stack frames</a>
<div class='stack-trace' id='stack-trace1561063579'><pre>org.openqa.selenium.SessionNotCreatedException: session not created
from disconnected: received Inspector.detached event
  (Session info: chrome=87.0.4280.88)
Build info: version: &apos;3.141.59&apos;, revision: &apos;e82be7d358&apos;, time: &apos;2018-11-14T08:17:03&apos;
System info: host: &apos;ENG-OMAR&apos;, ip: &apos;172.20.147.135&apos;, os.name: &apos;Windows 10&apos;, os.arch: &apos;amd64&apos;, os.version: &apos;10.0&apos;, java.version: &apos;1.8.0_161&apos;
Driver info: driver.version: ChromeDriver
remote stacktrace: Backtrace:
	Ordinal0 [0x0095C0C3+3326147]
	Ordinal0 [0x00840851+2164817]
	Ordinal0 [0x006C7298+619160]
	Ordinal0 [0x006BBD04+572676]
	Ordinal0 [0x006BBA18+571928]
	Ordinal0 [0x006BB0C1+569537]
	Ordinal0 [0x006BA421+566305]
	Ordinal0 [0x006BA815+567317]
	Ordinal0 [0x006BA135+565557]
	Ordinal0 [0x006C38B1+604337]
	Ordinal0 [0x006BA0F1+565489]
	Ordinal0 [0x006BAEA2+568994]
	Ordinal0 [0x006BA421+566305]
	Ordinal0 [0x006BA815+567317]
	Ordinal0 [0x006BA135+565557]
	Ordinal0 [0x006C1D2C+597292]
	Ordinal0 [0x006BA0F1+565489]
	Ordinal0 [0x006BAEA2+568994]
	Ordinal0 [0x006BA421+566305]
	Ordinal0 [0x006BA815+567317]
	Ordinal0 [0x006BA135+565557]
	Ordinal0 [0x006BFE62+589410]
	Ordinal0 [0x006BA0F1+565489]
	Ordinal0 [0x006BAEA2+568994]
	Ordinal0 [0x006BA421+566305]
	Ordinal0 [0x006BA815+567317]
	Ordinal0 [0x006BA135+565557]
	Ordinal0 [0x006BF075+585845]
	Ordinal0 [0x006BA0F1+565489]
	Ordinal0 [0x006BAEA2+568994]
	Ordinal0 [0x006BA421+566305]
	Ordinal0 [0x006BA815+567317]
	Ordinal0 [0x006BA135+565557]
	Ordinal0 [0x006B6776+550774]
	Ordinal0 [0x006BA0F1+565489]
	Ordinal0 [0x006B9F13+565011]
	Ordinal0 [0x006B9D07+564487]
	Ordinal0 [0x006C82C0+623296]
	Ordinal0 [0x00666BDD+224221]
	Ordinal0 [0x00665CAC+220332]
	Ordinal0 [0x0066189B+202907]
	Ordinal0 [0x00643DF4+81396]
	Ordinal0 [0x00644DEE+85486]
	Ordinal0 [0x00644D79+85369]
	Ordinal0 [0x008585DC+2262492]
	GetHandleVerifier [0x00AE2874+1487204]
	GetHandleVerifier [0x00AE23CD+1486013]
	GetHandleVerifier [0x00AEA368+1518680]
	GetHandleVerifier [0x00AE2F4E+1488958]
	Ordinal0 [0x0084ED0D+2223373]
	Ordinal0 [0x0085A12B+2269483]
	Ordinal0 [0x0085A26F+2269807]
	Ordinal0 [0x0086ECB8+2354360]
	BaseThreadInitThunk [0x779CFA29+25]
	RtlGetAppContainerNamedObjectPath [0x77CE75F4+228]
	RtlGetAppContainerNamedObjectPath [0x77CE75C4+180]

	at sun.reflect.NativeConstructorAccessorImpl.newInstance0(Native Method)
	at sun.reflect.NativeConstructorAccessorImpl.newInstance(Unknown Source)
	at sun.reflect.DelegatingConstructorAccessorImpl.newInstance(Unknown Source)
	at java.lang.reflect.Constructor.newInstance(Unknown Source)
	at org.openqa.selenium.remote.W3CHandshakeResponse.lambda$errorHandler$0(W3CHandshakeResponse.java:62)
	at org.openqa.selenium.remote.HandshakeResponse.lambda$getResponseFunction$0(HandshakeResponse.java:30)
	at org.openqa.selenium.remote.ProtocolHandshake.lambda$createSession$0(ProtocolHandshake.java:126)
	at java.util.stream.ReferencePipeline$3$1.accept(Unknown Source)
	at java.util.Spliterators$ArraySpliterator.tryAdvance(Unknown Source)
	at java.util.stream.ReferencePipeline.forEachWithCancel(Unknown Source)
	at java.util.stream.AbstractPipeline.copyIntoWithCancel(Unknown Source)
	at java.util.stream.AbstractPipeline.copyInto(Unknown Source)
	at java.util.stream.AbstractPipeline.wrapAndCopyInto(Unknown Source)
	at java.util.stream.FindOps$FindOp.evaluateSequential(Unknown Source)
	at java.util.stream.AbstractPipeline.evaluate(Unknown Source)
	at java.util.stream.ReferencePipeline.findFirst(Unknown Source)
	at org.openqa.selenium.remote.ProtocolHandshake.createSession(ProtocolHandshake.java:128)
	at org.openqa.selenium.remote.ProtocolHandshake.createSession(ProtocolHandshake.java:74)
	at org.openqa.selenium.remote.HttpCommandExecutor.execute(HttpCommandExecutor.java:136)
	at org.openqa.selenium.remote.service.DriverCommandExecutor.execute(DriverCommandExecutor.java:83)
	at org.openqa.selenium.remote.RemoteWebDriver.execute(RemoteWebDriver.java:552)
	at org.openqa.selenium.remote.RemoteWebDriver.startSession(RemoteWebDriver.java:213)
	at org.openqa.selenium.remote.RemoteWebDriver.&lt;init&gt;(RemoteWebDriver.java:131)
	at org.openqa.selenium.chrome.ChromeDriver.&lt;init&gt;(ChromeDriver.java:181)
	at org.openqa.selenium.chrome.ChromeDriver.&lt;init&gt;(ChromeDriver.java:168)
	at org.openqa.selenium.chrome.ChromeDriver.&lt;init&gt;(ChromeDriver.java:123)
	at facebookTests.BaseTest.invokeBrowser(BaseTest.java:16)
	at sun.reflect.NativeMethodAccessorImpl.invoke0(Native Method)
	at sun.reflect.NativeMethodAccessorImpl.invoke(Unknown Source)
	at sun.reflect.DelegatingMethodAccessorImpl.invoke(Unknown Source)
	at java.lang.reflect.Method.invoke(Unknown Source)
	at org.testng.internal.MethodInvocationHelper.invokeMethod(MethodInvocationHelper.java:132)
	at org.testng.internal.MethodInvocationHelper.invokeMethodConsideringTimeout(MethodInvocationHelper.java:61)
	at org.testng.internal.ConfigInvoker.invokeConfigurationMethod(ConfigInvoker.java:366)
	at org.testng.internal.ConfigInvoker.invokeConfigurations(ConfigInvoker.java:320)
	at org.testng.internal.TestInvoker.runConfigMethods(TestInvoker.java:701)
	at org.testng.internal.TestInvoker.invokeMethod(TestInvoker.java:527)
	at org.testng.internal.TestInvoker.invokeTestMethod(TestInvoker.java:174)
	at org.testng.internal.MethodRunner.runInSequence(MethodRunner.java:46)
	at org.testng.internal.TestInvoker$MethodInvocationAgent.invoke(TestInvoker.java:822)
	at org.testng.internal.TestInvoker.invokeTestMethods(TestInvoker.java:147)
	at org.testng.internal.TestMethodWorker.invokeTestMethods(TestMethodWorker.java:146)
	at org.testng.internal.TestMethodWorker.run(TestMethodWorker.java:128)
	at java.util.ArrayList.forEach(Unknown Source)
	at org.testng.TestRunner.privateRun(TestRunner.java:764)
	at org.testng.TestRunner.run(TestRunner.java:585)
	at org.testng.SuiteRunner.runTest(SuiteRunner.java:384)
	at org.testng.SuiteRunner.runSequentially(SuiteRunner.java:378)
	at org.testng.SuiteRunner.privateRun(SuiteRunner.java:337)
	at org.testng.SuiteRunner.run(SuiteRunner.java:286)
	at org.testng.SuiteRunnerWorker.runSuite(SuiteRunnerWorker.java:53)
	at org.testng.SuiteRunnerWorker.run(SuiteRunnerWorker.java:96)
	at org.testng.TestNG.runSuitesSequentially(TestNG.java:1218)
	at org.testng.TestNG.runSuitesLocally(TestNG.java:1140)
	at org.testng.TestNG.runSuites(TestNG.java:1069)
	at org.testng.TestNG.run(TestNG.java:1037)
	at org.apache.maven.surefire.testng.TestNGExecutor.run(TestNGExecutor.java:135)
	at org.apache.maven.surefire.testng.TestNGDirectoryTestSuite.executeMulti(TestNGDirectoryTestSuite.java:193)
	at org.apache.maven.surefire.testng.TestNGDirectoryTestSuite.execute(TestNGDirectoryTestSuite.java:94)
	at org.apache.maven.surefire.testng.TestNGProvider.invoke(TestNGProvider.java:146)
	at org.apache.maven.surefire.booter.ForkedBooter.invokeProviderInSameClassLoader(ForkedBooter.java:384)
	at org.apache.maven.surefire.booter.ForkedBooter.runSuitesInProcess(ForkedBooter.java:345)
	at org.apache.maven.surefire.booter.ForkedBooter.execute(ForkedBooter.java:126)
	at org.apache.maven.surefire.booter.ForkedBooter.main(ForkedBooter.java:418)
</pre></div></td>
<td>0</td>
<td>facebookTests.signinTests@49993335</td></tr>
</table><p>
</body>
</html>