<?xml version="1.0" encoding="UTF-8"?>
<!-- Generated by org.testng.reporters.JUnitReportReporter -->
<testsuite skipped="2" hostname="ENG-Omar" name="facebookTests.signupTests" tests="3" failures="0" timestamp="2020-12-22T15:17:59 IST" time="7.366" errors="1">
  <testcase name="user_can_signup_With_MobileNum_successfully" time="0.000" classname="facebookTests.signupTests">
    <skipped/>
  </testcase> <!-- user_can_signup_With_MobileNum_successfully -->
  <system-out/>
  <testcase name="invokeBrowser" time="7.366" classname="facebookTests.signupTests">
    <error type="org.openqa.selenium.SessionNotCreatedException" message="session not created
from chrome not reachable
  (Session info: chrome=87.0.4280.88)
Build info: version: &#039;3.141.59&#039;, revision: &#039;e82be7d358&#039;, time: &#039;2018-11-14T08:17:03&#039;
System info: host: &#039;ENG-OMAR&#039;, ip: &#039;172.20.147.135&#039;, os.name: &#039;Windows 10&#039;, os.arch: &#039;amd64&#039;, os.version: &#039;10.0&#039;, java.version: &#039;1.8.0_161&#039;
Driver info: driver.version: ChromeDriver
remote stacktrace: Backtrace:
	Ordinal0 [0x0095C0C3+3326147]
	Ordinal0 [0x00840851+2164817]
	Ordinal0 [0x006C7140+618816]
	Ordinal0 [0x006BD404+578564]
	Ordinal0 [0x006BDACB+580299]
	Ordinal0 [0x006BED35+585013]
	Ordinal0 [0x006B9D61+564577]
	Ordinal0 [0x006C82C0+623296]
	Ordinal0 [0x00666BDD+224221]
	Ordinal0 [0x00665CAC+220332]
	Ordinal0 [0x0066189B+202907]
	Ordinal0 [0x00643DF4+81396]
	Ordinal0 [0x00644DEE+85486]
	Ordinal0 [0x00644D79+85369]
	Ordinal0 [0x008585DC+2262492]
	GetHandleVerifier [0x00AE2874+1487204]
	GetHandleVerifier [0x00AE23CD+1486013]
	GetHandleVerifier [0x00AEA368+1518680]
	GetHandleVerifier [0x00AE2F4E+1488958]
	Ordinal0 [0x0084ED0D+2223373]
	Ordinal0 [0x0085A12B+2269483]
	Ordinal0 [0x0085A26F+2269807]
	Ordinal0 [0x0086ECB8+2354360]
	BaseThreadInitThunk [0x779CFA29+25]
	RtlGetAppContainerNamedObjectPath [0x77CE75F4+228]
	RtlGetAppContainerNamedObjectPath [0x77CE75C4+180]
">
      <![CDATA[org.openqa.selenium.SessionNotCreatedException: session not created
from chrome not reachable
  (Session info: chrome=87.0.4280.88)
Build info: version: '3.141.59', revision: 'e82be7d358', time: '2018-11-14T08:17:03'
System info: host: 'ENG-OMAR', ip: '172.20.147.135', os.name: 'Windows 10', os.arch: 'amd64', os.version: '10.0', java.version: '1.8.0_161'
Driver info: driver.version: ChromeDriver
remote stacktrace: Backtrace:
Ordinal0 [0x0095C0C3+3326147]
Ordinal0 [0x00840851+2164817]
Ordinal0 [0x006C7140+618816]
Ordinal0 [0x006BD404+578564]
Ordinal0 [0x006BDACB+580299]
Ordinal0 [0x006BED35+585013]
Ordinal0 [0x006B9D61+564577]
Ordinal0 [0x006C82C0+623296]
Ordinal0 [0x00666BDD+224221]
Ordinal0 [0x00665CAC+220332]
Ordinal0 [0x0066189B+202907]
Ordinal0 [0x00643DF4+81396]
Ordinal0 [0x00644DEE+85486]
Ordinal0 [0x00644D79+85369]
Ordinal0 [0x008585DC+2262492]
GetHandleVerifier [0x00AE2874+1487204]
GetHandleVerifier [0x00AE23CD+1486013]
GetHandleVerifier [0x00AEA368+1518680]
GetHandleVerifier [0x00AE2F4E+1488958]
Ordinal0 [0x0084ED0D+2223373]
Ordinal0 [0x0085A12B+2269483]
Ordinal0 [0x0085A26F+2269807]
Ordinal0 [0x0086ECB8+2354360]
BaseThreadInitThunk [0x779CFA29+25]
RtlGetAppContainerNamedObjectPath [0x77CE75F4+228]
RtlGetAppContainerNamedObjectPath [0x77CE75C4+180]

at sun.reflect.NativeConstructorAccessorImpl.newInstance0(Native Method)
at sun.reflect.NativeConstructorAccessorImpl.newInstance(Unknown Source)
at sun.reflect.DelegatingConstructorAccessorImpl.newInstance(Unknown Source)
at java.lang.reflect.Constructor.newInstance(Unknown Source)
at org.openqa.selenium.remote.W3CHandshakeResponse.lambda$errorHandler$0(W3CHandshakeResponse.java:62)
at org.openqa.selenium.remote.HandshakeResponse.lambda$getResponseFunction$0(HandshakeResponse.java:30)
at org.openqa.selenium.remote.ProtocolHandshake.lambda$createSession$0(ProtocolHandshake.java:126)
at java.util.stream.ReferencePipeline$3$1.accept(Unknown Source)
at java.util.Spliterators$ArraySpliterator.tryAdvance(Unknown Source)
at java.util.stream.ReferencePipeline.forEachWithCancel(Unknown Source)
at java.util.stream.AbstractPipeline.copyIntoWithCancel(Unknown Source)
at java.util.stream.AbstractPipeline.copyInto(Unknown Source)
at java.util.stream.AbstractPipeline.wrapAndCopyInto(Unknown Source)
at java.util.stream.FindOps$FindOp.evaluateSequential(Unknown Source)
at java.util.stream.AbstractPipeline.evaluate(Unknown Source)
at java.util.stream.ReferencePipeline.findFirst(Unknown Source)
at org.openqa.selenium.remote.ProtocolHandshake.createSession(ProtocolHandshake.java:128)
at org.openqa.selenium.remote.ProtocolHandshake.createSession(ProtocolHandshake.java:74)
at org.openqa.selenium.remote.HttpCommandExecutor.execute(HttpCommandExecutor.java:136)
at org.openqa.selenium.remote.service.DriverCommandExecutor.execute(DriverCommandExecutor.java:83)
at org.openqa.selenium.remote.RemoteWebDriver.execute(RemoteWebDriver.java:552)
at org.openqa.selenium.remote.RemoteWebDriver.startSession(RemoteWebDriver.java:213)
at org.openqa.selenium.remote.RemoteWebDriver.<init>(RemoteWebDriver.java:131)
at org.openqa.selenium.chrome.ChromeDriver.<init>(ChromeDriver.java:181)
at org.openqa.selenium.chrome.ChromeDriver.<init>(ChromeDriver.java:168)
at org.openqa.selenium.chrome.ChromeDriver.<init>(ChromeDriver.java:123)
at facebookTests.BaseTest.invokeBrowser(BaseTest.java:16)
at sun.reflect.NativeMethodAccessorImpl.invoke0(Native Method)
at sun.reflect.NativeMethodAccessorImpl.invoke(Unknown Source)
at sun.reflect.DelegatingMethodAccessorImpl.invoke(Unknown Source)
at java.lang.reflect.Method.invoke(Unknown Source)
at org.testng.internal.MethodInvocationHelper.invokeMethod(MethodInvocationHelper.java:132)
at org.testng.internal.MethodInvocationHelper.invokeMethodConsideringTimeout(MethodInvocationHelper.java:61)
at org.testng.internal.ConfigInvoker.invokeConfigurationMethod(ConfigInvoker.java:366)
at org.testng.internal.ConfigInvoker.invokeConfigurations(ConfigInvoker.java:320)
at org.testng.internal.TestInvoker.runConfigMethods(TestInvoker.java:701)
at org.testng.internal.TestInvoker.invokeMethod(TestInvoker.java:527)
at org.testng.internal.TestInvoker.invokeTestMethod(TestInvoker.java:174)
at org.testng.internal.MethodRunner.runInSequence(MethodRunner.java:46)
at org.testng.internal.TestInvoker$MethodInvocationAgent.invoke(TestInvoker.java:822)
at org.testng.internal.TestInvoker.invokeTestMethods(TestInvoker.java:147)
at org.testng.internal.TestMethodWorker.invokeTestMethods(TestMethodWorker.java:146)
at org.testng.internal.TestMethodWorker.run(TestMethodWorker.java:128)
at java.util.ArrayList.forEach(Unknown Source)
at org.testng.TestRunner.privateRun(TestRunner.java:764)
at org.testng.TestRunner.run(TestRunner.java:585)
at org.testng.SuiteRunner.runTest(SuiteRunner.java:384)
at org.testng.SuiteRunner.runSequentially(SuiteRunner.java:378)
at org.testng.SuiteRunner.privateRun(SuiteRunner.java:337)
at org.testng.SuiteRunner.run(SuiteRunner.java:286)
at org.testng.SuiteRunnerWorker.runSuite(SuiteRunnerWorker.java:53)
at org.testng.SuiteRunnerWorker.run(SuiteRunnerWorker.java:96)
at org.testng.TestNG.runSuitesSequentially(TestNG.java:1218)
at org.testng.TestNG.runSuitesLocally(TestNG.java:1140)
at org.testng.TestNG.runSuites(TestNG.java:1069)
at org.testng.TestNG.run(TestNG.java:1037)
at org.apache.maven.surefire.testng.TestNGExecutor.run(TestNGExecutor.java:135)
at org.apache.maven.surefire.testng.TestNGDirectoryTestSuite.executeMulti(TestNGDirectoryTestSuite.java:193)
at org.apache.maven.surefire.testng.TestNGDirectoryTestSuite.execute(TestNGDirectoryTestSuite.java:94)
at org.apache.maven.surefire.testng.TestNGProvider.invoke(TestNGProvider.java:146)
at org.apache.maven.surefire.booter.ForkedBooter.invokeProviderInSameClassLoader(ForkedBooter.java:384)
at org.apache.maven.surefire.booter.ForkedBooter.runSuitesInProcess(ForkedBooter.java:345)
at org.apache.maven.surefire.booter.ForkedBooter.execute(ForkedBooter.java:126)
at org.apache.maven.surefire.booter.ForkedBooter.main(ForkedBooter.java:418)
]]>
    </error>
  </testcase> <!-- invokeBrowser -->
  <system-out/>
  <testcase name="user_can_signup_With_MobileNum_successfully" time="0.000" classname="facebookTests.signupTests">
    <skipped/>
  </testcase> <!-- user_can_signup_With_MobileNum_successfully -->
  <system-out/>
</testsuite> <!-- facebookTests.signupTests -->
